0 <1,2,3,4,5,6,7,8,9,10,> <0,0,0,0,0,0,0,0,0,0,> <0,0,0,0,0,0,0,0,0,0,> 
1 (1 2) <1,2,3,4,5,0,7,8,9,10,> <0,0,0,0,0,6,0,0,0,0,> <0,0,0,0,0,0,0,0,0,0,> 
2 (1 3) <1,2,3,4,0,0,7,8,9,10,> <0,0,0,0,0,6,0,0,0,0,> <0,0,0,0,5,0,0,0,0,0,> 
3 (1 3) <1,2,3,4,0,0,0,8,9,10,> <0,0,0,0,0,6,0,0,0,0,> <0,0,0,0,5,0,7,0,0,0,> 
4 (2 3) <1,2,3,4,0,0,0,8,9,10,> <0,0,0,0,0,0,0,0,0,0,> <0,0,0,0,5,6,7,0,0,0,> 
5 (1 2) <1,2,3,0,0,0,0,8,9,10,> <0,0,0,4,0,0,0,0,0,0,> <0,0,0,0,5,6,7,0,0,0,> 
6 (1 2) <1,2,3,0,0,0,0,0,9,10,> <0,0,0,4,0,0,0,8,0,0,> <0,0,0,0,5,6,7,0,0,0,> 
7 (3 1) <1,2,3,0,0,6,0,0,9,10,> <0,0,0,4,0,0,0,8,0,0,> <0,0,0,0,5,0,7,0,0,0,> 
8 (3 2) <1,2,3,0,0,6,0,0,9,10,> <0,0,0,4,0,0,7,8,0,0,> <0,0,0,0,5,0,0,0,0,0,> 
9 (3 1) <1,2,3,0,5,6,0,0,9,10,> <0,0,0,4,0,0,7,8,0,0,> <0,0,0,0,0,0,0,0,0,0,> 
10 (2 3) <1,2,3,0,5,6,0,0,9,10,> <0,0,0,4,0,0,0,8,0,0,> <0,0,0,0,0,0,7,0,0,0,> 
11 (1 2) <1,2,3,0,0,6,0,0,9,10,> <0,0,0,4,5,0,0,8,0,0,> <0,0,0,0,0,0,7,0,0,0,> 
12 (3 2) <1,2,3,0,0,6,0,0,9,10,> <0,0,0,4,5,0,7,8,0,0,> <0,0,0,0,0,0,0,0,0,0,> 
13 (1 2) <1,2,3,0,0,0,0,0,9,10,> <0,0,0,4,5,6,7,8,0,0,> <0,0,0,0,0,0,0,0,0,0,> 
14 (1 3) <1,2,0,0,0,0,0,0,9,10,> <0,0,0,4,5,6,7,8,0,0,> <0,0,3,0,0,0,0,0,0,0,> 
15 (1 3) <1,2,0,0,0,0,0,0,0,10,> <0,0,0,4,5,6,7,8,0,0,> <0,0,3,0,0,0,0,0,9,0,> 

16 (2 3) <1,2,0,0,0,0,0,0,0,10,> <0,0,0,4,5,0,7,8,0,0,> <0,0,3,0,0,6,0,0,9,0,> 
17 (2 1) <1,2,0,0,0,0,7,0,0,10,> <0,0,0,4,5,0,0,8,0,0,> <0,0,3,0,0,6,0,0,9,0,> 
18 (3 1) <1,2,0,0,0,6,7,0,0,10,> <0,0,0,4,5,0,0,8,0,0,> <0,0,3,0,0,0,0,0,9,0,> 
19 (2 3) <1,2,0,0,0,6,7,0,0,10,> <0,0,0,4,0,0,0,8,0,0,> <0,0,3,0,5,0,0,0,9,0,> 
20 (2 3) <1,2,0,0,0,6,7,0,0,10,> <0,0,0,4,0,0,0,0,0,0,> <0,0,3,0,5,0,0,8,9,0,> 
21 (1 3) <1,2,0,0,0,0,7,0,0,10,> <0,0,0,4,0,0,0,0,0,0,> <0,0,3,0,5,6,0,8,9,0,> 
22 (2 1) <1,2,0,4,0,0,7,0,0,10,> <0,0,0,0,0,0,0,0,0,0,> <0,0,3,0,5,6,0,8,9,0,> 
23 (3 1) <1,2,0,4,0,6,7,0,0,10,> <0,0,0,0,0,0,0,0,0,0,> <0,0,3,0,5,0,0,8,9,0,> 
24 (3 2) <1,2,0,4,0,6,7,0,0,10,> <0,0,0,0,0,0,0,8,0,0,> <0,0,3,0,5,0,0,0,9,0,> 
25 (3 1) <1,2,0,4,5,6,7,0,0,10,> <0,0,0,0,0,0,0,8,0,0,> <0,0,3,0,0,0,0,0,9,0,> 
26 (2 3) <1,2,0,4,5,6,7,0,0,10,> <0,0,0,0,0,0,0,0,0,0,> <0,0,3,0,0,0,0,8,9,0,> 
27 (1 2) <1,2,0,4,0,6,7,0,0,10,> <0,0,0,0,5,0,0,0,0,0,> <0,0,3,0,0,0,0,8,9,0,> 
28 (3 2) <1,2,0,4,0,6,7,0,0,10,> <0,0,0,0,5,0,0,8,0,0,> <0,0,3,0,0,0,0,0,9,0,> 
29 (1 2) <1,2,0,4,0,0,7,0,0,10,> <0,0,0,0,5,6,0,8,0,0,> <0,0,3,0,0,0,0,0,9,0,> 
30 (1 3) <1,2,0,0,0,0,7,0,0,10,> <0,0,0,0,5,6,0,8,0,0,> <0,0,3,4,0,0,0,0,9,0,> 
31 (2 1) <1,2,0,0,0,6,7,0,0,10,> <0,0,0,0,5,0,0,8,0,0,> <0,0,3,4,0,0,0,0,9,0,> 
32 (2 3) <1,2,0,0,0,6,7,0,0,10,> <0,0,0,0,5,0,0,0,0,0,> <0,0,3,4,0,0,0,8,9,0,> 
33 (2 3) <1,2,0,0,0,6,7,0,0,10,> <0,0,0,0,0,0,0,0,0,0,> <0,0,3,4,5,0,0,8,9,0,> 
34 (1 2) <1,2,0,0,0,0,7,0,0,10,> <0,0,0,0,0,6,0,0,0,0,> <0,0,3,4,5,0,0,8,9,0,> 
35 (1 3) <1,2,0,0,0,0,0,0,0,10,> <0,0,0,0,0,6,0,0,0,0,> <0,0,3,4,5,0,7,8,9,0,> 
36 (2 3) <1,2,0,0,0,0,0,0,0,10,> <0,0,0,0,0,0,0,0,0,0,> <0,0,3,4,5,6,7,8,9,0,> 
37 (1 2) <1,0,0,0,0,0,0,0,0,10,> <0,2,0,0,0,0,0,0,0,0,> <0,0,3,4,5,6,7,8,9,0,> 
38 (1 2) <1,0,0,0,0,0,0,0,0,0,> <0,2,0,0,0,0,0,0,0,10,> <0,0,3,4,5,6,7,8,9,0,> 
39 (3 2) <1,0,0,0,0,0,0,0,0,0,> <0,2,0,0,0,6,0,0,0,10,> <0,0,3,4,5,0,7,8,9,0,> 
40 (3 1) <1,0,0,0,0,0,7,0,0,0,> <0,2,0,0,0,6,0,0,0,10,> <0,0,3,4,5,0,0,8,9,0,> 
41 (3 1) <1,0,0,0,5,0,7,0,0,0,> <0,2,0,0,0,6,0,0,0,10,> <0,0,3,4,0,0,0,8,9,0,> 
42 (3 2) <1,0,0,0,5,0,7,0,0,0,> <0,2,0,0,0,6,0,8,0,10,> <0,0,3,4,0,0,0,0,9,0,> 
43 (1 3) <1,0,0,0,0,0,7,0,0,0,> <0,2,0,0,0,6,0,8,0,10,> <0,0,3,4,5,0,0,0,9,0,> 
44 (1 2) <1,0,0,0,0,0,0,0,0,0,> <0,2,0,0,0,6,7,8,0,10,> <0,0,3,4,5,0,0,0,9,0,> 
45 (3 1) <1,0,0,0,5,0,0,0,0,0,> <0,2,0,0,0,6,7,8,0,10,> <0,0,3,4,0,0,0,0,9,0,> 
46 (2 3) <1,0,0,0,5,0,0,0,0,0,> <0,2,0,0,0,6,0,8,0,10,> <0,0,3,4,0,0,7,0,9,0,> 
47 (1 3) <1,0,0,0,0,0,0,0,0,0,> <0,2,0,0,0,6,0,8,0,10,> <0,0,3,4,5,0,7,0,9,0,> 
48 (2 1) <1,0,0,0,0,0,0,8,0,0,> <0,2,0,0,0,6,0,0,0,10,> <0,0,3,4,5,0,7,0,9,0,> 
49 (3 1) <1,0,0,0,5,0,0,8,0,0,> <0,2,0,0,0,6,0,0,0,10,> <0,0,3,4,0,0,7,0,9,0,> 
50 (3 1) <1,0,0,0,5,0,7,8,0,0,> <0,2,0,0,0,6,0,0,0,10,> <0,0,3,4,0,0,0,0,9,0,> 
51 (2 1) <1,0,0,0,5,6,7,8,0,0,> <0,2,0,0,0,0,0,0,0,10,> <0,0,3,4,0,0,0,0,9,0,> 
52 (3 2) <1,0,0,0,5,6,7,8,0,0,> <0,2,0,4,0,0,0,0,0,10,> <0,0,3,0,0,0,0,0,9,0,> 
53 (3 2) <1,0,0,0,5,6,7,8,0,0,> <0,2,0,4,0,0,0,0,9,10,> <0,0,3,0,0,0,0,0,0,0,> 
54 (1 2) <1,0,0,0,5,0,7,8,0,0,> <0,2,0,4,0,6,0,0,9,10,> <0,0,3,0,0,0,0,0,0,0,> 
55 (1 3) <1,0,0,0,5,0,0,8,0,0,> <0,2,0,4,0,6,0,0,9,10,> <0,0,3,0,0,0,7,0,0,0,> 
56 (2 3) <1,0,0,0,5,0,0,8,0,0,> <0,2,0,4,0,0,0,0,9,10,> <0,0,3,0,0,6,7,0,0,0,> 
57 (1 2) <1,0,0,0,0,0,0,8,0,0,> <0,2,0,4,5,0,0,0,9,10,> <0,0,3,0,0,6,7,0,0,0,> 
58 (3 1) <1,0,0,0,0,6,0,8,0,0,> <0,2,0,4,5,0,0,0,9,10,> <0,0,3,0,0,0,7,0,0,0,> 
59 (3 2) <1,0,0,0,0,6,0,8,0,0,> <0,2,0,4,5,0,7,0,9,10,> <0,0,3,0,0,0,0,0,0,0,> 
60 (1 2) <1,0,0,0,0,0,0,8,0,0,> <0,2,0,4,5,6,7,0,9,10,> <0,0,3,0,0,0,0,0,0,0,> 
61 (3 1) <1,0,3,0,0,0,0,8,0,0,> <0,2,0,4,5,6,7,0,9,10,> <0,0,0,0,0,0,0,0,0,0,> 
62 (2 3) <1,0,3,0,0,0,0,8,0,0,> <0,2,0,4,5,0,7,0,9,10,> <0,0,0,0,0,6,0,0,0,0,> 
63 (2 1) <1,0,3,0,0,0,7,8,0,0,> <0,2,0,4,5,0,0,0,9,10,> <0,0,0,0,0,6,0,0,0,0,> 
64 (3 1) <1,0,3,0,0,6,7,8,0,0,> <0,2,0,4,5,0,0,0,9,10,> <0,0,0,0,0,0,0,0,0,0,> 
65 (2 3) <1,0,3,0,0,6,7,8,0,0,> <0,2,0,4,0,0,0,0,9,10,> <0,0,0,0,5,0,0,0,0,0,> 
66 (2 3) <1,0,3,0,0,6,7,8,0,0,> <0,2,0,4,0,0,0,0,0,10,> <0,0,0,0,5,0,0,0,9,0,> 
67 (1 3) <1,0,3,0,0,0,7,8,0,0,> <0,2,0,4,0,0,0,0,0,10,> <0,0,0,0,5,6,0,0,9,0,> 
68 (2 1) <1,0,3,4,0,0,7,8,0,0,> <0,2,0,0,0,0,0,0,0,10,> <0,0,0,0,5,6,0,0,9,0,> 
69 (3 1) <1,0,3,4,0,6,7,8,0,0,> <0,2,0,0,0,0,0,0,0,10,> <0,0,0,0,5,0,0,0,9,0,> 
70 (3 2) <1,0,3,4,0,6,7,8,0,0,> <0,2,0,0,0,0,0,0,9,10,> <0,0,0,0,5,0,0,0,0,0,> 
71 (3 1) <1,0,3,4,5,6,7,8,0,0,> <0,2,0,0,0,0,0,0,9,10,> <0,0,0,0,0,0,0,0,0,0,> 
72 (2 3) <1,0,3,4,5,6,7,8,0,0,> <0,2,0,0,0,0,0,0,0,10,> <0,0,0,0,0,0,0,0,9,0,> 
73 (1 2) <1,0,3,4,0,6,7,8,0,0,> <0,2,0,0,5,0,0,0,0,10,> <0,0,0,0,0,0,0,0,9,0,> 
74 (3 2) <1,0,3,4,0,6,7,8,0,0,> <0,2,0,0,5,0,0,0,9,10,> <0,0,0,0,0,0,0,0,0,0,> 
75 (1 2) <1,0,3,4,0,0,7,8,0,0,> <0,2,0,0,5,6,0,0,9,10,> <0,0,0,0,0,0,0,0,0,0,> 
76 (1 3) <1,0,3,0,0,0,7,8,0,0,> <0,2,0,0,5,6,0,0,9,10,> <0,0,0,4,0,0,0,0,0,0,> 
77 (2 1) <1,0,3,0,0,6,7,8,0,0,> <0,2,0,0,5,0,0,0,9,10,> <0,0,0,4,0,0,0,0,0,0,> 
78 (2 3) <1,0,3,0,0,6,7,8,0,0,> <0,2,0,0,5,0,0,0,0,10,> <0,0,0,4,0,0,0,0,9,0,> 
79 (2 3) <1,0,3,0,0,6,7,8,0,0,> <0,2,0,0,0,0,0,0,0,10,> <0,0,0,4,5,0,0,0,9,0,> 
80 (1 2) <1,0,3,0,0,0,7,8,0,0,> <0,2,0,0,0,6,0,0,0,10,> <0,0,0,4,5,0,0,0,9,0,> 
81 (1 3) <1,0,3,0,0,0,0,8,0,0,> <0,2,0,0,0,6,0,0,0,10,> <0,0,0,4,5,0,7,0,9,0,> 
82 (2 3) <1,0,3,0,0,0,0,8,0,0,> <0,2,0,0,0,0,0,0,0,10,> <0,0,0,4,5,6,7,0,9,0,> 
83 (1 2) <1,0,0,0,0,0,0,8,0,0,> <0,2,3,0,0,0,0,0,0,10,> <0,0,0,4,5,6,7,0,9,0,> 
84 (3 2) <1,0,0,0,0,0,0,8,0,0,> <0,2,3,0,0,6,0,0,0,10,> <0,0,0,4,5,0,7,0,9,0,> 
85 (3 1) <1,0,0,0,0,0,7,8,0,0,> <0,2,3,0,0,6,0,0,0,10,> <0,0,0,4,5,0,0,0,9,0,> 
86 (3 2) <1,0,0,0,0,0,7,8,0,0,> <0,2,3,0,5,6,0,0,0,10,> <0,0,0,4,0,0,0,0,9,0,> 
87 (1 3) <1,0,0,0,0,0,0,8,0,0,> <0,2,3,0,5,6,0,0,0,10,> <0,0,0,4,0,0,7,0,9,0,> 
88 (2 1) <1,0,0,0,5,0,0,8,0,0,> <0,2,3,0,0,6,0,0,0,10,> <0,0,0,4,0,0,7,0,9,0,> 
89 (3 1) <1,0,0,0,5,0,7,8,0,0,> <0,2,3,0,0,6,0,0,0,10,> <0,0,0,4,0,0,0,0,9,0,> 
90 (2 1) <1,0,0,0,5,6,7,8,0,0,> <0,2,3,0,0,0,0,0,0,10,> <0,0,0,4,0,0,0,0,9,0,> 
91 (3 2) <1,0,0,0,5,6,7,8,0,0,> <0,2,3,0,0,0,0,0,9,10,> <0,0,0,4,0,0,0,0,0,0,> 
92 (3 2) <1,0,0,0,5,6,7,8,0,0,> <0,2,3,4,0,0,0,0,9,10,> <0,0,0,0,0,0,0,0,0,0,> 
93 (1 3) <1,0,0,0,5,0,7,8,0,0,> <0,2,3,4,0,0,0,0,9,10,> <0,0,0,0,0,6,0,0,0,0,> 
94 (1 2) <1,0,0,0,5,0,0,8,0,0,> <0,2,3,4,0,0,7,0,9,10,> <0,0,0,0,0,6,0,0,0,0,> 
95 (1 2) <1,0,0,0,0,0,0,8,0,0,> <0,2,3,4,5,0,7,0,9,10,> <0,0,0,0,0,6,0,0,0,0,> 
96 (1 3) <1,0,0,0,0,0,0,0,0,0,> <0,2,3,4,5,0,7,0,9,10,> <0,0,0,0,0,6,0,8,0,0,> 
97 (2 1) <1,0,0,0,5,0,0,0,0,0,> <0,2,3,4,0,0,7,0,9,10,> <0,0,0,0,0,6,0,8,0,0,> 
98 (2 3) <1,0,0,0,5,0,0,0,0,0,> <0,2,3,4,0,0,0,0,9,10,> <0,0,0,0,0,6,7,8,0,0,> 
99 (1 2) <1,0,0,0,0,0,0,0,0,0,> <0,2,3,4,5,0,0,0,9,10,> <0,0,0,0,0,6,7,8,0,0,> 
100 (3 1) <1,0,0,0,0,0,7,0,0,0,> <0,2,3,4,5,0,0,0,9,10,> <0,0,0,0,0,6,0,8,0,0,> 
101 (2 1) <1,0,0,0,5,0,7,0,0,0,> <0,2,3,4,0,0,0,0,9,10,> <0,0,0,0,0,6,0,8,0,0,> 
102 (3 2) <1,0,0,0,5,0,7,0,0,0,> <0,2,3,4,0,0,0,8,9,10,> <0,0,0,0,0,6,0,0,0,0,> 
103 (1 2) <1,0,0,0,0,0,7,0,0,0,> <0,2,3,4,5,0,0,8,9,10,> <0,0,0,0,0,6,0,0,0,0,> 
104 (1 2) <1,0,0,0,0,0,0,0,0,0,> <0,2,3,4,5,0,7,8,9,10,> <0,0,0,0,0,6,0,0,0,0,> 
105 (3 2) <1,0,0,0,0,0,0,0,0,0,> <0,2,3,4,5,6,7,8,9,10,> <0,0,0,0,0,0,0,0,0,0,> 
106 (1 3) <0,0,0,0,0,0,0,0,0,0,> <0,2,3,4,5,6,7,8,9,10,> <1,0,0,0,0,0,0,0,0,0,> 
107 (2 1) <0,0,0,0,0,6,0,0,0,0,> <0,2,3,4,5,0,7,8,9,10,> <1,0,0,0,0,0,0,0,0,0,> 
108 (2 3) <0,0,0,0,0,6,0,0,0,0,> <0,2,3,4,5,0,0,8,9,10,> <1,0,0,0,0,0,7,0,0,0,> 
109 (1 3) <0,0,0,0,0,0,0,0,0,0,> <0,2,3,4,5,0,0,8,9,10,> <1,0,0,0,0,6,7,0,0,0,> 
110 (2 1) <0,0,0,0,5,0,0,0,0,0,> <0,2,3,4,0,0,0,8,9,10,> <1,0,0,0,0,6,7,0,0,0,> 
111 (2 1) <0,0,0,0,5,0,0,8,0,0,> <0,2,3,4,0,0,0,0,9,10,> <1,0,0,0,0,6,7,0,0,0,> 
112 (3 1) <0,0,0,0,5,6,0,8,0,0,> <0,2,3,4,0,0,0,0,9,10,> <1,0,0,0,0,0,7,0,0,0,> 
113 (3 2) <0,0,0,0,5,6,0,8,0,0,> <0,2,3,4,0,0,7,0,9,10,> <1,0,0,0,0,0,0,0,0,0,> 
114 (1 2) <0,0,0,0,5,0,0,8,0,0,> <0,2,3,4,0,6,7,0,9,10,> <1,0,0,0,0,0,0,0,0,0,> 
115 (1 3) <0,0,0,0,5,0,0,0,0,0,> <0,2,3,4,0,6,7,0,9,10,> <1,0,0,0,0,0,0,8,0,0,> 
116 (1 3) <0,0,0,0,0,0,0,0,0,0,> <0,2,3,4,0,6,7,0,9,10,> <1,0,0,0,5,0,0,8,0,0,> 
117 (2 1) <0,0,0,0,0,6,0,0,0,0,> <0,2,3,4,0,0,7,0,9,10,> <1,0,0,0,5,0,0,8,0,0,> 
118 (2 3) <0,0,0,0,0,6,0,0,0,0,> <0,2,3,4,0,0,0,0,9,10,> <1,0,0,0,5,0,7,8,0,0,> 
119 (1 3) <0,0,0,0,0,0,0,0,0,0,> <0,2,3,4,0,0,0,0,9,10,> <1,0,0,0,5,6,7,8,0,0,> 
120 (2 1) <0,0,0,4,0,0,0,0,0,0,> <0,2,3,0,0,0,0,0,9,10,> <1,0,0,0,5,6,7,8,0,0,> 
121 (2 1) <0,0,0,4,0,0,0,0,9,0,> <0,2,3,0,0,0,0,0,0,10,> <1,0,0,0,5,6,7,8,0,0,> 
122 (3 2) <0,0,0,4,0,0,0,0,9,0,> <0,2,3,0,0,6,0,0,0,10,> <1,0,0,0,5,0,7,8,0,0,> 
123 (3 1) <0,0,0,4,0,0,7,0,9,0,> <0,2,3,0,0,6,0,0,0,10,> <1,0,0,0,5,0,0,8,0,0,> 
124 (3 2) <0,0,0,4,0,0,7,0,9,0,> <0,2,3,0,5,6,0,0,0,10,> <1,0,0,0,0,0,0,8,0,0,> 
125 (1 3) <0,0,0,4,0,0,0,0,9,0,> <0,2,3,0,5,6,0,0,0,10,> <1,0,0,0,0,0,7,8,0,0,> 
126 (2 1) <0,0,0,4,5,0,0,0,9,0,> <0,2,3,0,0,6,0,0,0,10,> <1,0,0,0,0,0,7,8,0,0,> 
127 (3 1) <0,0,0,4,5,0,7,0,9,0,> <0,2,3,0,0,6,0,0,0,10,> <1,0,0,0,0,0,0,8,0,0,> 
128 (2 1) <0,0,0,4,5,6,7,0,9,0,> <0,2,3,0,0,0,0,0,0,10,> <1,0,0,0,0,0,0,8,0,0,> 
129 (2 3) <0,0,0,4,5,6,7,0,9,0,> <0,2,0,0,0,0,0,0,0,10,> <1,0,3,0,0,0,0,8,0,0,> 
130 (1 2) <0,0,0,4,5,0,7,0,9,0,> <0,2,0,0,0,6,0,0,0,10,> <1,0,3,0,0,0,0,8,0,0,> 
131 (1 3) <0,0,0,4,5,0,0,0,9,0,> <0,2,0,0,0,6,0,0,0,10,> <1,0,3,0,0,0,7,8,0,0,> 
132 (2 3) <0,0,0,4,5,0,0,0,9,0,> <0,2,0,0,0,0,0,0,0,10,> <1,0,3,0,0,6,7,8,0,0,> 
133 (1 2) <0,0,0,4,0,0,0,0,9,0,> <0,2,0,0,5,0,0,0,0,10,> <1,0,3,0,0,6,7,8,0,0,> 
134 (1 2) <0,0,0,4,0,0,0,0,0,0,> <0,2,0,0,5,0,0,0,9,10,> <1,0,3,0,0,6,7,8,0,0,> 
135 (3 2) <0,0,0,4,0,0,0,0,0,0,> <0,2,0,0,5,6,0,0,9,10,> <1,0,3,0,0,0,7,8,0,0,> 
136 (1 3) <0,0,0,0,0,0,0,0,0,0,> <0,2,0,0,5,6,0,0,9,10,> <1,0,3,4,0,0,7,8,0,0,> 
137 (2 3) <0,0,0,0,0,0,0,0,0,0,> <0,2,0,0,5,0,0,0,9,10,> <1,0,3,4,0,6,7,8,0,0,> 
138 (2 1) <0,0,0,0,0,0,0,0,9,0,> <0,2,0,0,5,0,0,0,0,10,> <1,0,3,4,0,6,7,8,0,0,> 
139 (2 3) <0,0,0,0,0,0,0,0,9,0,> <0,2,0,0,0,0,0,0,0,10,> <1,0,3,4,5,6,7,8,0,0,> 
140 (1 2) <0,0,0,0,0,0,0,0,0,0,> <0,2,0,0,0,0,0,0,9,10,> <1,0,3,4,5,6,7,8,0,0,> 
141 (3 1) <0,0,0,0,5,0,0,0,0,0,> <0,2,0,0,0,0,0,0,9,10,> <1,0,3,4,0,6,7,8,0,0,> 
142 (2 1) <0,0,0,0,5,0,0,0,9,0,> <0,2,0,0,0,0,0,0,0,10,> <1,0,3,4,0,6,7,8,0,0,> 
143 (3 1) <0,0,0,0,5,6,0,0,9,0,> <0,2,0,0,0,0,0,0,0,10,> <1,0,3,4,0,0,7,8,0,0,> 
144 (3 2) <0,0,0,0,5,6,0,0,9,0,> <0,2,0,4,0,0,0,0,0,10,> <1,0,3,0,0,0,7,8,0,0,> 
145 (1 3) <0,0,0,0,5,0,0,0,9,0,> <0,2,0,4,0,0,0,0,0,10,> <1,0,3,0,0,6,7,8,0,0,> 
146 (1 2) <0,0,0,0,5,0,0,0,0,0,> <0,2,0,4,0,0,0,0,9,10,> <1,0,3,0,0,6,7,8,0,0,> 
147 (1 2) <0,0,0,0,0,0,0,0,0,0,> <0,2,0,4,5,0,0,0,9,10,> <1,0,3,0,0,6,7,8,0,0,> 
148 (3 1) <0,0,0,0,0,6,0,0,0,0,> <0,2,0,4,5,0,0,0,9,10,> <1,0,3,0,0,0,7,8,0,0,> 
149 (3 2) <0,0,0,0,0,6,0,0,0,0,> <0,2,0,4,5,0,7,0,9,10,> <1,0,3,0,0,0,0,8,0,0,> 
150 (1 2) <0,0,0,0,0,0,0,0,0,0,> <0,2,0,4,5,6,7,0,9,10,> <1,0,3,0,0,0,0,8,0,0,> 
151 (3 1) <0,0,3,0,0,0,0,0,0,0,> <0,2,0,4,5,6,7,0,9,10,> <1,0,0,0,0,0,0,8,0,0,> 
152 (2 1) <0,0,3,0,0,6,0,0,0,0,> <0,2,0,4,5,0,7,0,9,10,> <1,0,0,0,0,0,0,8,0,0,> 
153 (2 3) <0,0,3,0,0,6,0,0,0,0,> <0,2,0,4,5,0,0,0,9,10,> <1,0,0,0,0,0,7,8,0,0,> 
154 (2 1) <0,0,3,0,5,6,0,0,0,0,> <0,2,0,4,0,0,0,0,9,10,> <1,0,0,0,0,0,7,8,0,0,> 
155 (3 2) <0,0,3,0,5,6,0,0,0,0,> <0,2,0,4,0,0,7,0,9,10,> <1,0,0,0,0,0,0,8,0,0,> 
156 (1 3) <0,0,3,0,0,6,0,0,0,0,> <0,2,0,4,0,0,7,0,9,10,> <1,0,0,0,5,0,0,8,0,0,> 
157 (2 3) <0,0,3,0,0,6,0,0,0,0,> <0,2,0,4,0,0,0,0,9,10,> <1,0,0,0,5,0,7,8,0,0,> 
158 (1 3) <0,0,3,0,0,0,0,0,0,0,> <0,2,0,4,0,0,0,0,9,10,> <1,0,0,0,5,6,7,8,0,0,> 
159 (2 1) <0,0,3,0,0,0,0,0,9,0,> <0,2,0,4,0,0,0,0,0,10,> <1,0,0,0,5,6,7,8,0,0,> 
160 (2 1) <0,0,3,4,0,0,0,0,9,0,> <0,2,0,0,0,0,0,0,0,10,> <1,0,0,0,5,6,7,8,0,0,> 
161 (3 2) <0,0,3,4,0,0,0,0,9,0,> <0,2,0,0,0,6,0,0,0,10,> <1,0,0,0,5,0,7,8,0,0,> 
162 (3 1) <0,0,3,4,0,0,7,0,9,0,> <0,2,0,0,0,6,0,0,0,10,> <1,0,0,0,5,0,0,8,0,0,> 
163 (3 1) <0,0,3,4,5,0,7,0,9,0,> <0,2,0,0,0,6,0,0,0,10,> <1,0,0,0,0,0,0,8,0,0,> 
164 (3 2) <0,0,3,4,5,0,7,0,9,0,> <0,2,0,0,0,6,0,8,0,10,> <1,0,0,0,0,0,0,0,0,0,> 
165 (1 3) <0,0,3,4,0,0,7,0,9,0,> <0,2,0,0,0,6,0,8,0,10,> <1,0,0,0,5,0,0,0,0,0,> 
166 (1 2) <0,0,3,4,0,0,0,0,9,0,> <0,2,0,0,0,6,7,8,0,10,> <1,0,0,0,5,0,0,0,0,0,> 
167 (3 1) <0,0,3,4,5,0,0,0,9,0,> <0,2,0,0,0,6,7,8,0,10,> <1,0,0,0,0,0,0,0,0,0,> 
168 (2 3) <0,0,3,4,5,0,0,0,9,0,> <0,2,0,0,0,6,0,8,0,10,> <1,0,0,0,0,0,7,0,0,0,> 
169 (1 3) <0,0,3,4,0,0,0,0,9,0,> <0,2,0,0,0,6,0,8,0,10,> <1,0,0,0,5,0,7,0,0,0,> 
170 (2 1) <0,0,3,4,0,0,0,8,9,0,> <0,2,0,0,0,6,0,0,0,10,> <1,0,0,0,5,0,7,0,0,0,> 
171 (3 1) <0,0,3,4,5,0,0,8,9,0,> <0,2,0,0,0,6,0,0,0,10,> <1,0,0,0,0,0,7,0,0,0,> 
172 (3 1) <0,0,3,4,5,0,7,8,9,0,> <0,2,0,0,0,6,0,0,0,10,> <1,0,0,0,0,0,0,0,0,0,> 
173 (2 1) <0,0,3,4,5,6,7,8,9,0,> <0,2,0,0,0,0,0,0,0,10,> <1,0,0,0,0,0,0,0,0,0,> 
174 (2 3) <0,0,3,4,5,6,7,8,9,0,> <0,2,0,0,0,0,0,0,0,0,> <1,0,0,0,0,0,0,0,0,10,> 
175 (2 3) <0,0,3,4,5,6,7,8,9,0,> <0,0,0,0,0,0,0,0,0,0,> <1,2,0,0,0,0,0,0,0,10,> 
176 (1 2) <0,0,3,4,5,0,7,8,9,0,> <0,0,0,0,0,6,0,0,0,0,> <1,2,0,0,0,0,0,0,0,10,> 
177 (1 3) <0,0,3,4,5,0,0,8,9,0,> <0,0,0,0,0,6,0,0,0,0,> <1,2,0,0,0,0,7,0,0,10,> 
178 (2 3) <0,0,3,4,5,0,0,8,9,0,> <0,0,0,0,0,0,0,0,0,0,> <1,2,0,0,0,6,7,0,0,10,> 
179 (1 2) <0,0,3,4,0,0,0,8,9,0,> <0,0,0,0,5,0,0,0,0,0,> <1,2,0,0,0,6,7,0,0,10,> 
180 (1 2) <0,0,3,4,0,0,0,0,9,0,> <0,0,0,0,5,0,0,8,0,0,> <1,2,0,0,0,6,7,0,0,10,> 
181 (3 2) <0,0,3,4,0,0,0,0,9,0,> <0,0,0,0,5,6,0,8,0,0,> <1,2,0,0,0,0,7,0,0,10,> 
182 (1 3) <0,0,3,0,0,0,0,0,9,0,> <0,0,0,0,5,6,0,8,0,0,> <1,2,0,4,0,0,7,0,0,10,> 
183 (2 3) <0,0,3,0,0,0,0,0,9,0,> <0,0,0,0,5,0,0,8,0,0,> <1,2,0,4,0,6,7,0,0,10,> 
184 (2 1) <0,0,3,0,0,0,0,8,9,0,> <0,0,0,0,5,0,0,0,0,0,> <1,2,0,4,0,6,7,0,0,10,> 
185 (2 3) <0,0,3,0,0,0,0,8,9,0,> <0,0,0,0,0,0,0,0,0,0,> <1,2,0,4,5,6,7,0,0,10,> 
186 (1 2) <0,0,3,0,0,0,0,0,9,0,> <0,0,0,0,0,0,0,8,0,0,> <1,2,0,4,5,6,7,0,0,10,> 
187 (3 1) <0,0,3,0,5,0,0,0,9,0,> <0,0,0,0,0,0,0,8,0,0,> <1,2,0,4,0,6,7,0,0,10,> 
188 (2 1) <0,0,3,0,5,0,0,8,9,0,> <0,0,0,0,0,0,0,0,0,0,> <1,2,0,4,0,6,7,0,0,10,> 
189 (3 1) <0,0,3,0,5,6,0,8,9,0,> <0,0,0,0,0,0,0,0,0,0,> <1,2,0,4,0,0,7,0,0,10,> 
190 (3 2) <0,0,3,0,5,6,0,8,9,0,> <0,0,0,4,0,0,0,0,0,0,> <1,2,0,0,0,0,7,0,0,10,> 
191 (1 3) <0,0,3,0,5,0,0,8,9,0,> <0,0,0,4,0,0,0,0,0,0,> <1,2,0,0,0,6,7,0,0,10,> 
192 (1 2) <0,0,3,0,5,0,0,0,9,0,> <0,0,0,4,0,0,0,8,0,0,> <1,2,0,0,0,6,7,0,0,10,> 
193 (1 2) <0,0,3,0,0,0,0,0,9,0,> <0,0,0,4,5,0,0,8,0,0,> <1,2,0,0,0,6,7,0,0,10,> 
194 (3 1) <0,0,3,0,0,6,0,0,9,0,> <0,0,0,4,5,0,0,8,0,0,> <1,2,0,0,0,0,7,0,0,10,> 
195 (3 2) <0,0,3,0,0,6,0,0,9,0,> <0,0,0,4,5,0,7,8,0,0,> <1,2,0,0,0,0,0,0,0,10,> 
196 (1 2) <0,0,3,0,0,0,0,0,9,0,> <0,0,0,4,5,6,7,8,0,0,> <1,2,0,0,0,0,0,0,0,10,> 
197 (1 3) <0,0,3,0,0,0,0,0,0,0,> <0,0,0,4,5,6,7,8,0,0,> <1,2,0,0,0,0,0,0,9,10,> 
198 (1 3) <0,0,0,0,0,0,0,0,0,0,> <0,0,0,4,5,6,7,8,0,0,> <1,2,3,0,0,0,0,0,9,10,> 
199 (2 1) <0,0,0,0,0,6,0,0,0,0,> <0,0,0,4,5,0,7,8,0,0,> <1,2,3,0,0,0,0,0,9,10,> 
200 (2 3) <0,0,0,0,0,6,0,0,0,0,> <0,0,0,4,5,0,0,8,0,0,> <1,2,3,0,0,0,7,0,9,10,> 
201 (2 3) <0,0,0,0,0,6,0,0,0,0,> <0,0,0,4,0,0,0,8,0,0,> <1,2,3,0,5,0,7,0,9,10,> 
202 (1 2) <0,0,0,0,0,0,0,0,0,0,> <0,0,0,4,0,6,0,8,0,0,> <1,2,3,0,5,0,7,0,9,10,> 
203 (3 1) <0,0,0,0,5,0,0,0,0,0,> <0,0,0,4,0,6,0,8,0,0,> <1,2,3,0,0,0,7,0,9,10,> 
204 (3 1) <0,0,0,0,5,0,7,0,0,0,> <0,0,0,4,0,6,0,8,0,0,> <1,2,3,0,0,0,0,0,9,10,> 
205 (2 1) <0,0,0,0,5,6,7,0,0,0,> <0,0,0,4,0,0,0,8,0,0,> <1,2,3,0,0,0,0,0,9,10,> 
206 (2 3) <0,0,0,0,5,6,7,0,0,0,> <0,0,0,4,0,0,0,0,0,0,> <1,2,3,0,0,0,0,8,9,10,> 
207 (2 3) <0,0,0,0,5,6,7,0,0,0,> <0,0,0,0,0,0,0,0,0,0,> <1,2,3,4,0,0,0,8,9,10,> 
208 (1 2) <0,0,0,0,5,0,7,0,0,0,> <0,0,0,0,0,6,0,0,0,0,> <1,2,3,4,0,0,0,8,9,10,> 
209 (1 3) <0,0,0,0,5,0,0,0,0,0,> <0,0,0,0,0,6,0,0,0,0,> <1,2,3,4,0,0,7,8,9,10,> 
210 (1 3) <0,0,0,0,0,0,0,0,0,0,> <0,0,0,0,0,6,0,0,0,0,> <1,2,3,4,5,0,7,8,9,10,> 
211 (2 3) <0,0,0,0,0,0,0,0,0,0,> <0,0,0,0,0,0,0,0,0,0,> <1,2,3,4,5,6,7,8,9,10,> 
