0 <1,2,3,4,5,6,7,8,9,> <0,0,0,0,0,0,0,0,0,> <0,0,0,0,0,0,0,0,0,> 
1 (1 3) <1,2,3,4,0,6,7,8,9,> <0,0,0,0,0,0,0,0,0,> <0,0,0,0,5,0,0,0,0,> 
2 (1 3) <1,2,3,4,0,0,7,8,9,> <0,0,0,0,0,0,0,0,0,> <0,0,0,0,5,6,0,0,0,> 
3 (1 2) <1,2,3,0,0,0,7,8,9,> <0,0,0,4,0,0,0,0,0,> <0,0,0,0,5,6,0,0,0,> 
4 (1 2) <1,2,3,0,0,0,0,8,9,> <0,0,0,4,0,0,7,0,0,> <0,0,0,0,5,6,0,0,0,> 
5 (3 1) <1,2,3,0,0,6,0,8,9,> <0,0,0,4,0,0,7,0,0,> <0,0,0,0,5,0,0,0,0,> 
6 (3 2) <1,2,3,0,0,6,0,8,9,> <0,0,0,4,5,0,7,0,0,> <0,0,0,0,0,0,0,0,0,> 
7 (1 2) <1,2,3,0,0,0,0,8,9,> <0,0,0,4,5,6,7,0,0,> <0,0,0,0,0,0,0,0,0,> 
8 (1 3) <1,2,0,0,0,0,0,8,9,> <0,0,0,4,5,6,7,0,0,> <0,0,3,0,0,0,0,0,0,> 
9 (1 3) <1,2,0,0,0,0,0,0,9,> <0,0,0,4,5,6,7,0,0,> <0,0,3,0,0,0,0,8,0,> 
10 (2 1) <1,2,0,0,0,6,0,0,9,> <0,0,0,4,5,0,7,0,0,> <0,0,3,0,0,0,0,8,0,> 
11 (2 3) <1,2,0,0,0,6,0,0,9,> <0,0,0,4,0,0,7,0,0,> <0,0,3,0,5,0,0,8,0,> 
12 (1 3) <1,2,0,0,0,0,0,0,9,> <0,0,0,4,0,0,7,0,0,> <0,0,3,0,5,6,0,8,0,> 
13 (2 1) <1,2,0,0,0,0,7,0,9,> <0,0,0,4,0,0,0,0,0,> <0,0,3,0,5,6,0,8,0,> 
14 (2 1) <1,2,0,4,0,0,7,0,9,> <0,0,0,0,0,0,0,0,0,> <0,0,3,0,5,6,0,8,0,> 
15 (3 1) <1,2,0,4,0,6,7,0,9,> <0,0,0,0,0,0,0,0,0,> <0,0,3,0,5,0,0,8,0,> 
16 (3 2) <1,2,0,4,0,6,7,0,9,> <0,0,0,0,5,0,0,0,0,> <0,0,3,0,0,0,0,8,0,> 
17 (1 2) <1,2,0,4,0,0,7,0,9,> <0,0,0,0,5,6,0,0,0,> <0,0,3,0,0,0,0,8,0,> 
18 (1 3) <1,2,0,0,0,0,7,0,9,> <0,0,0,0,5,6,0,0,0,> <0,0,3,4,0,0,0,8,0,> 
19 (1 3) <1,2,0,0,0,0,0,0,9,> <0,0,0,0,5,6,0,0,0,> <0,0,3,4,0,0,7,8,0,> 
20 (2 1) <1,2,0,0,0,6,0,0,9,> <0,0,0,0,5,0,0,0,0,> <0,0,3,4,0,0,7,8,0,> 
21 (2 3) <1,2,0,0,0,6,0,0,9,> <0,0,0,0,0,0,0,0,0,> <0,0,3,4,5,0,7,8,0,> 
22 (1 3) <1,2,0,0,0,0,0,0,9,> <0,0,0,0,0,0,0,0,0,> <0,0,3,4,5,6,7,8,0,> 

23 (1 2) <1,0,0,0,0,0,0,0,9,> <0,2,0,0,0,0,0,0,0,> <0,0,3,4,5,6,7,8,0,> 
24 (1 2) <1,0,0,0,0,0,0,0,0,> <0,2,0,0,0,0,0,0,9,> <0,0,3,4,5,6,7,8,0,> 

25 (3 1) <1,0,0,0,0,6,0,0,0,> <0,2,0,0,0,0,0,0,9,> <0,0,3,4,5,0,7,8,0,> 
26 (3 2) <1,0,0,0,0,6,0,0,0,> <0,2,0,0,5,0,0,0,9,> <0,0,3,4,0,0,7,8,0,> 
27 (1 2) <1,0,0,0,0,0,0,0,0,> <0,2,0,0,5,6,0,0,9,> <0,0,3,4,0,0,7,8,0,> 
28 (3 1) <1,0,0,0,0,0,7,0,0,> <0,2,0,0,5,6,0,0,9,> <0,0,3,4,0,0,0,8,0,> 
29 (3 1) <1,0,0,4,0,0,7,0,0,> <0,2,0,0,5,6,0,0,9,> <0,0,3,0,0,0,0,8,0,> 
30 (2 1) <1,0,0,4,0,6,7,0,0,> <0,2,0,0,5,0,0,0,9,> <0,0,3,0,0,0,0,8,0,> 
31 (2 3) <1,0,0,4,0,6,7,0,0,> <0,2,0,0,0,0,0,0,9,> <0,0,3,0,5,0,0,8,0,> 
32 (1 3) <1,0,0,4,0,0,7,0,0,> <0,2,0,0,0,0,0,0,9,> <0,0,3,0,5,6,0,8,0,> 
33 (1 2) <1,0,0,0,0,0,7,0,0,> <0,2,0,4,0,0,0,0,9,> <0,0,3,0,5,6,0,8,0,> 
34 (1 2) <1,0,0,0,0,0,0,0,0,> <0,2,0,4,0,0,7,0,9,> <0,0,3,0,5,6,0,8,0,> 
35 (3 1) <1,0,0,0,0,6,0,0,0,> <0,2,0,4,0,0,7,0,9,> <0,0,3,0,5,0,0,8,0,> 
36 (3 2) <1,0,0,0,0,6,0,0,0,> <0,2,0,4,5,0,7,0,9,> <0,0,3,0,0,0,0,8,0,> 
37 (1 2) <1,0,0,0,0,0,0,0,0,> <0,2,0,4,5,6,7,0,9,> <0,0,3,0,0,0,0,8,0,> 
38 (3 1) <1,0,0,0,0,0,0,8,0,> <0,2,0,4,5,6,7,0,9,> <0,0,3,0,0,0,0,0,0,> 
39 (3 1) <1,0,3,0,0,0,0,8,0,> <0,2,0,4,5,6,7,0,9,> <0,0,0,0,0,0,0,0,0,> 
40 (2 1) <1,0,3,0,0,6,0,8,0,> <0,2,0,4,5,0,7,0,9,> <0,0,0,0,0,0,0,0,0,> 
41 (2 3) <1,0,3,0,0,6,0,8,0,> <0,2,0,4,0,0,7,0,9,> <0,0,0,0,5,0,0,0,0,> 
42 (1 3) <1,0,3,0,0,0,0,8,0,> <0,2,0,4,0,0,7,0,9,> <0,0,0,0,5,6,0,0,0,> 
43 (2 1) <1,0,3,0,0,0,7,8,0,> <0,2,0,4,0,0,0,0,9,> <0,0,0,0,5,6,0,0,0,> 
44 (2 1) <1,0,3,4,0,0,7,8,0,> <0,2,0,0,0,0,0,0,9,> <0,0,0,0,5,6,0,0,0,> 
45 (3 1) <1,0,3,4,0,6,7,8,0,> <0,2,0,0,0,0,0,0,9,> <0,0,0,0,5,0,0,0,0,> 
46 (3 2) <1,0,3,4,0,6,7,8,0,> <0,2,0,0,5,0,0,0,9,> <0,0,0,0,0,0,0,0,0,> 
47 (1 2) <1,0,3,4,0,0,7,8,0,> <0,2,0,0,5,6,0,0,9,> <0,0,0,0,0,0,0,0,0,> 
48 (1 3) <1,0,3,0,0,0,7,8,0,> <0,2,0,0,5,6,0,0,9,> <0,0,0,4,0,0,0,0,0,> 
49 (1 3) <1,0,3,0,0,0,0,8,0,> <0,2,0,0,5,6,0,0,9,> <0,0,0,4,0,0,7,0,0,> 
50 (2 1) <1,0,3,0,0,6,0,8,0,> <0,2,0,0,5,0,0,0,9,> <0,0,0,4,0,0,7,0,0,> 
51 (2 3) <1,0,3,0,0,6,0,8,0,> <0,2,0,0,0,0,0,0,9,> <0,0,0,4,5,0,7,0,0,> 
52 (1 3) <1,0,3,0,0,0,0,8,0,> <0,2,0,0,0,0,0,0,9,> <0,0,0,4,5,6,7,0,0,> 
53 (1 2) <1,0,0,0,0,0,0,8,0,> <0,2,3,0,0,0,0,0,9,> <0,0,0,4,5,6,7,0,0,> 
54 (1 2) <1,0,0,0,0,0,0,0,0,> <0,2,3,0,0,0,0,8,9,> <0,0,0,4,5,6,7,0,0,> 
55 (3 1) <1,0,0,0,0,6,0,0,0,> <0,2,3,0,0,0,0,8,9,> <0,0,0,4,5,0,7,0,0,> 
56 (3 2) <1,0,0,0,0,6,0,0,0,> <0,2,3,0,5,0,0,8,9,> <0,0,0,4,0,0,7,0,0,> 
57 (1 2) <1,0,0,0,0,0,0,0,0,> <0,2,3,0,5,6,0,8,9,> <0,0,0,4,0,0,7,0,0,> 
58 (3 1) <1,0,0,0,0,0,7,0,0,> <0,2,3,0,5,6,0,8,9,> <0,0,0,4,0,0,0,0,0,> 
59 (3 1) <1,0,0,4,0,0,7,0,0,> <0,2,3,0,5,6,0,8,9,> <0,0,0,0,0,0,0,0,0,> 
60 (2 1) <1,0,0,4,0,6,7,0,0,> <0,2,3,0,5,0,0,8,9,> <0,0,0,0,0,0,0,0,0,> 
61 (2 3) <1,0,0,4,0,6,7,0,0,> <0,2,3,0,0,0,0,8,9,> <0,0,0,0,5,0,0,0,0,> 
62 (1 3) <1,0,0,4,0,0,7,0,0,> <0,2,3,0,0,0,0,8,9,> <0,0,0,0,5,6,0,0,0,> 
63 (1 2) <1,0,0,0,0,0,7,0,0,> <0,2,3,4,0,0,0,8,9,> <0,0,0,0,5,6,0,0,0,> 
64 (1 2) <1,0,0,0,0,0,0,0,0,> <0,2,3,4,0,0,7,8,9,> <0,0,0,0,5,6,0,0,0,> 
65 (3 1) <1,0,0,0,0,6,0,0,0,> <0,2,3,4,0,0,7,8,9,> <0,0,0,0,5,0,0,0,0,> 
66 (3 2) <1,0,0,0,0,6,0,0,0,> <0,2,3,4,5,0,7,8,9,> <0,0,0,0,0,0,0,0,0,> 

67 (1 2) <1,0,0,0,0,0,0,0,0,> <0,2,3,4,5,6,7,8,9,> <0,0,0,0,0,0,0,0,0,> 
68 (1 3) <0,0,0,0,0,0,0,0,0,> <0,2,3,4,5,6,7,8,9,> <1,0,0,0,0,0,0,0,0,> 

69 (2 3) <0,0,0,0,0,0,0,0,0,> <0,2,3,4,5,0,7,8,9,> <1,0,0,0,0,6,0,0,0,> 
70 (2 1) <0,0,0,0,5,0,0,0,0,> <0,2,3,4,0,0,7,8,9,> <1,0,0,0,0,6,0,0,0,> 
71 (3 1) <0,0,0,0,5,6,0,0,0,> <0,2,3,4,0,0,7,8,9,> <1,0,0,0,0,0,0,0,0,> 
72 (2 3) <0,0,0,0,5,6,0,0,0,> <0,2,3,4,0,0,0,8,9,> <1,0,0,0,0,0,7,0,0,> 
73 (2 3) <0,0,0,0,5,6,0,0,0,> <0,2,3,0,0,0,0,8,9,> <1,0,0,4,0,0,7,0,0,> 
74 (1 3) <0,0,0,0,5,0,0,0,0,> <0,2,3,0,0,0,0,8,9,> <1,0,0,4,0,6,7,0,0,> 
75 (1 2) <0,0,0,0,0,0,0,0,0,> <0,2,3,0,5,0,0,8,9,> <1,0,0,4,0,6,7,0,0,> 
76 (3 2) <0,0,0,0,0,0,0,0,0,> <0,2,3,0,5,6,0,8,9,> <1,0,0,4,0,0,7,0,0,> 
77 (3 1) <0,0,0,4,0,0,0,0,0,> <0,2,3,0,5,6,0,8,9,> <1,0,0,0,0,0,7,0,0,> 
78 (3 1) <0,0,0,4,0,0,7,0,0,> <0,2,3,0,5,6,0,8,9,> <1,0,0,0,0,0,0,0,0,> 
79 (2 3) <0,0,0,4,0,0,7,0,0,> <0,2,3,0,5,0,0,8,9,> <1,0,0,0,0,6,0,0,0,> 
80 (2 1) <0,0,0,4,5,0,7,0,0,> <0,2,3,0,0,0,0,8,9,> <1,0,0,0,0,6,0,0,0,> 
81 (3 1) <0,0,0,4,5,6,7,0,0,> <0,2,3,0,0,0,0,8,9,> <1,0,0,0,0,0,0,0,0,> 
82 (2 3) <0,0,0,4,5,6,7,0,0,> <0,2,3,0,0,0,0,0,9,> <1,0,0,0,0,0,0,8,0,> 
83 (2 3) <0,0,0,4,5,6,7,0,0,> <0,2,0,0,0,0,0,0,9,> <1,0,3,0,0,0,0,8,0,> 
84 (1 3) <0,0,0,4,5,0,7,0,0,> <0,2,0,0,0,0,0,0,9,> <1,0,3,0,0,6,0,8,0,> 
85 (1 2) <0,0,0,4,0,0,7,0,0,> <0,2,0,0,5,0,0,0,9,> <1,0,3,0,0,6,0,8,0,> 
86 (3 2) <0,0,0,4,0,0,7,0,0,> <0,2,0,0,5,6,0,0,9,> <1,0,3,0,0,0,0,8,0,> 
87 (1 3) <0,0,0,4,0,0,0,0,0,> <0,2,0,0,5,6,0,0,9,> <1,0,3,0,0,0,7,8,0,> 
88 (1 3) <0,0,0,0,0,0,0,0,0,> <0,2,0,0,5,6,0,0,9,> <1,0,3,4,0,0,7,8,0,> 
89 (2 3) <0,0,0,0,0,0,0,0,0,> <0,2,0,0,5,0,0,0,9,> <1,0,3,4,0,6,7,8,0,> 
90 (2 1) <0,0,0,0,5,0,0,0,0,> <0,2,0,0,0,0,0,0,9,> <1,0,3,4,0,6,7,8,0,> 
91 (3 1) <0,0,0,0,5,6,0,0,0,> <0,2,0,0,0,0,0,0,9,> <1,0,3,4,0,0,7,8,0,> 
92 (3 2) <0,0,0,0,5,6,0,0,0,> <0,2,0,4,0,0,0,0,9,> <1,0,3,0,0,0,7,8,0,> 
93 (3 2) <0,0,0,0,5,6,0,0,0,> <0,2,0,4,0,0,7,0,9,> <1,0,3,0,0,0,0,8,0,> 
94 (1 3) <0,0,0,0,5,0,0,0,0,> <0,2,0,4,0,0,7,0,9,> <1,0,3,0,0,6,0,8,0,> 
95 (1 2) <0,0,0,0,0,0,0,0,0,> <0,2,0,4,5,0,7,0,9,> <1,0,3,0,0,6,0,8,0,> 
96 (3 2) <0,0,0,0,0,0,0,0,0,> <0,2,0,4,5,6,7,0,9,> <1,0,3,0,0,0,0,8,0,> 
97 (3 1) <0,0,3,0,0,0,0,0,0,> <0,2,0,4,5,6,7,0,9,> <1,0,0,0,0,0,0,8,0,> 
98 (3 1) <0,0,3,0,0,0,0,8,0,> <0,2,0,4,5,6,7,0,9,> <1,0,0,0,0,0,0,0,0,> 
99 (2 3) <0,0,3,0,0,0,0,8,0,> <0,2,0,4,5,0,7,0,9,> <1,0,0,0,0,6,0,0,0,> 
100 (2 1) <0,0,3,0,5,0,0,8,0,> <0,2,0,4,0,0,7,0,9,> <1,0,0,0,0,6,0,0,0,> 
101 (3 1) <0,0,3,0,5,6,0,8,0,> <0,2,0,4,0,0,7,0,9,> <1,0,0,0,0,0,0,0,0,> 
102 (2 3) <0,0,3,0,5,6,0,8,0,> <0,2,0,4,0,0,0,0,9,> <1,0,0,0,0,0,7,0,0,> 
103 (2 3) <0,0,3,0,5,6,0,8,0,> <0,2,0,0,0,0,0,0,9,> <1,0,0,4,0,0,7,0,0,> 
104 (1 3) <0,0,3,0,5,0,0,8,0,> <0,2,0,0,0,0,0,0,9,> <1,0,0,4,0,6,7,0,0,> 
105 (1 2) <0,0,3,0,0,0,0,8,0,> <0,2,0,0,5,0,0,0,9,> <1,0,0,4,0,6,7,0,0,> 
106 (3 2) <0,0,3,0,0,0,0,8,0,> <0,2,0,0,5,6,0,0,9,> <1,0,0,4,0,0,7,0,0,> 
107 (3 1) <0,0,3,4,0,0,0,8,0,> <0,2,0,0,5,6,0,0,9,> <1,0,0,0,0,0,7,0,0,> 
108 (3 1) <0,0,3,4,0,0,7,8,0,> <0,2,0,0,5,6,0,0,9,> <1,0,0,0,0,0,0,0,0,> 
109 (2 3) <0,0,3,4,0,0,7,8,0,> <0,2,0,0,5,0,0,0,9,> <1,0,0,0,0,6,0,0,0,> 
110 (2 1) <0,0,3,4,5,0,7,8,0,> <0,2,0,0,0,0,0,0,9,> <1,0,0,0,0,6,0,0,0,> 
111 (3 1) <0,0,3,4,5,6,7,8,0,> <0,2,0,0,0,0,0,0,9,> <1,0,0,0,0,0,0,0,0,> 
112 (2 3) <0,0,3,4,5,6,7,8,0,> <0,2,0,0,0,0,0,0,0,> <1,0,0,0,0,0,0,0,9,> 
113 (2 3) <0,0,3,4,5,6,7,8,0,> <0,0,0,0,0,0,0,0,0,> <1,2,0,0,0,0,0,0,9,> 
114 (1 3) <0,0,3,4,5,0,7,8,0,> <0,0,0,0,0,0,0,0,0,> <1,2,0,0,0,6,0,0,9,> 
115 (1 2) <0,0,3,4,0,0,7,8,0,> <0,0,0,0,5,0,0,0,0,> <1,2,0,0,0,6,0,0,9,> 
116 (3 2) <0,0,3,4,0,0,7,8,0,> <0,0,0,0,5,6,0,0,0,> <1,2,0,0,0,0,0,0,9,> 
117 (1 3) <0,0,3,4,0,0,0,8,0,> <0,0,0,0,5,6,0,0,0,> <1,2,0,0,0,0,7,0,9,> 
118 (1 3) <0,0,3,0,0,0,0,8,0,> <0,0,0,0,5,6,0,0,0,> <1,2,0,4,0,0,7,0,9,> 
119 (2 3) <0,0,3,0,0,0,0,8,0,> <0,0,0,0,5,0,0,0,0,> <1,2,0,4,0,6,7,0,9,> 
120 (2 1) <0,0,3,0,5,0,0,8,0,> <0,0,0,0,0,0,0,0,0,> <1,2,0,4,0,6,7,0,9,> 
121 (3 1) <0,0,3,0,5,6,0,8,0,> <0,0,0,0,0,0,0,0,0,> <1,2,0,4,0,0,7,0,9,> 
122 (3 2) <0,0,3,0,5,6,0,8,0,> <0,0,0,4,0,0,0,0,0,> <1,2,0,0,0,0,7,0,9,> 
123 (3 2) <0,0,3,0,5,6,0,8,0,> <0,0,0,4,0,0,7,0,0,> <1,2,0,0,0,0,0,0,9,> 
124 (1 3) <0,0,3,0,5,0,0,8,0,> <0,0,0,4,0,0,7,0,0,> <1,2,0,0,0,6,0,0,9,> 
125 (1 2) <0,0,3,0,0,0,0,8,0,> <0,0,0,4,5,0,7,0,0,> <1,2,0,0,0,6,0,0,9,> 
126 (3 2) <0,0,3,0,0,0,0,8,0,> <0,0,0,4,5,6,7,0,0,> <1,2,0,0,0,0,0,0,9,> 
127 (1 3) <0,0,3,0,0,0,0,0,0,> <0,0,0,4,5,6,7,0,0,> <1,2,0,0,0,0,0,8,9,> 
128 (1 3) <0,0,0,0,0,0,0,0,0,> <0,0,0,4,5,6,7,0,0,> <1,2,3,0,0,0,0,8,9,> 
129 (2 3) <0,0,0,0,0,0,0,0,0,> <0,0,0,4,5,0,7,0,0,> <1,2,3,0,0,6,0,8,9,> 
130 (2 1) <0,0,0,0,5,0,0,0,0,> <0,0,0,4,0,0,7,0,0,> <1,2,3,0,0,6,0,8,9,> 
131 (3 1) <0,0,0,0,5,6,0,0,0,> <0,0,0,4,0,0,7,0,0,> <1,2,3,0,0,0,0,8,9,> 
132 (2 3) <0,0,0,0,5,6,0,0,0,> <0,0,0,4,0,0,0,0,0,> <1,2,3,0,0,0,7,8,9,> 
133 (2 3) <0,0,0,0,5,6,0,0,0,> <0,0,0,0,0,0,0,0,0,> <1,2,3,4,0,0,7,8,9,> 
134 (1 3) <0,0,0,0,5,0,0,0,0,> <0,0,0,0,0,0,0,0,0,> <1,2,3,4,0,6,7,8,9,> 
135 (1 3) <0,0,0,0,0,0,0,0,0,> <0,0,0,0,0,0,0,0,0,> <1,2,3,4,5,6,7,8,9,> 
