bwbwwwgwgyyyyyyyyyobrrrrrrrrgooooooowrwggggggwowbbbbbb RURuRuruRURUrUrur
bwbwwwgwgyyyyyyyyyobrrrrrrrroooooooowgwggggggwrwbbbbbb RUrURurURUUru
bwbwwwgwgyyyyyyyyyobrrrrrrrrrooooooowowggggggwgwbbbbbb ruRurURurUURu
bwbwwwgwgyyyyyyyyyogrrrrrrrroooooooowrwggggggwbwbbbbbb UrUURUruRUrURUU
bwbwwwgwgyyyyyyyyyogrrrrrrrrrooooooowbwggggggwowbbbbbb uRUUruRUruRur
bwbwwwgwgyyyyyyyyyoorrrrrrrrbooooooowrwggggggwgwbbbbbb URUUruRUruRurUU
bwbwwwgwgyyyyyyyyyoorrrrrrrrgooooooowbwggggggwrwbbbbbb UUruRurURurUURU
bwbwwwgwgyyyyyyyyyoorrrrrrrrrooooooowgwggggggwbwbbbbbb uRUUruRururuRurUURU
bwbwwwgwgyyyyyyyyyorrrrrrrrrbooooooowgwggggggwowbbbbbb urUURUruRUrUR
bwbwwwgwgyyyyyyyyyorrrrrrrrrgooooooowowggggggwbwbbbbbb UURUrURurURUUrU
bwbwwwgwgyyyyyyyyyorrrrrrrrroooooooowbwggggggwgwbbbbbb UrUURUrURURUrURUUrU
bwbwwwowryyyyyyyyywbwrrrrrrrgooooooowrggggggggowbbbbbb RRUrURuRRURuRurUr
bwbwwwowryyyyyyyyywbwrrrrrrroooooooowgggggggggrwbbbbbb uRUUruRuRRuRurUUR
bwbwwwowryyyyyyyyywbwrrrrrrrrooooooowogggggggggwbbbbbb uRUrURUURRUURUrUR
bwbwwwowryyyyyyyyywgwrrrrrrroooooooowrggggggggbwbbbbbb RRUUrurURuRuRRURurU
bwbwwwowryyyyyyyyywgwrrrrrrrrooooooowbggggggggowbbbbbb RurURRUUruRuRRURurU
bwbwwwowryyyyyyyyywowrrrrrrrbooooooowrgggggggggwbbbbbb RUruRRUrUruRURUUrrU
bwbwwwowryyyyyyyyywowrrrrrrrgooooooowbggggggggrwbbbbbb UUrUURRURRURRUUru
bwbwwwowryyyyyyyyywowrrrrrrrrooooooowgggggggggbwbbbbbb UUrUURRUrURUUrurURu
bwbwwwowryyyyyyyyywrwrrrrrrrbooooooowgggggggggowbbbbbb RUruRRUrURUURRuRUrU
bwbwwwowryyyyyyyyywrwrrrrrrrgooooooowoggggggggbwbbbbbb UURUURRuRRuRRUURu
bwbwwwowryyyyyyyyywrwrrrrrrroooooooowbgggggggggwbbbbbb UUruRurUURUruRurUUR
bwbwwwwwwyyyyyyyyygbgrrrrrrroooooooowgoggggggrrwbbbbbb rUURUrURUruRurUURUU
bwbwwwwwwyyyyyyyyygbgrrrrrrrrooooooowooggggggrgwbbbbbb RUUruRuruRUrURUUr
bwbwwwwwwyyyyyyyyygggrrrrrrrbooooooowooggggggrrwbbbbbb RUUrUrUURUURUrurURU
bwbwwwwwwyyyyyyyyygggrrrrrrroooooooowroggggggrbwbbbbbb URUrURUUrURUUruRurU
bwbwwwwwwyyyyyyyyygggrrrrrrrrooooooowboggggggrowbbbbbb uruRurUURurUURUrURU
bwbwwwwwwyyyyyyyyygogrrrrrrrbooooooowroggggggrgwbbbbbb uruRuRUURRuRRuRRURU
bwbwwwwwwyyyyyyyyygogrrrrrrrgooooooowboggggggrrwbbbbbb RUURRuRRurUruRUrURU
bwbwwwwwwyyyyyyyyygogrrrrrrrrooooooowgoggggggrbwbbbbbb RuRURRUrurUrUUrUr
bwbwwwwwwyyyyyyyyygrgrrrrrrrbooooooowgoggggggrowbbbbbb URUrUrUURRURRURRurU
bwbwwwwwwyyyyyyyyygrgrrrrrrrgooooooowooggggggrbwbbbbbb RuRURuruRUUrUUrUr
bwbwwwwwwyyyyyyyyygrgrrrrrrroooooooowboggggggrgwbbbbbb uruRurUURRUrURUUr
bwgwwwbwgyyyyyyyyywbwrrrrrrwgwoooooorooggggggorrbbbbbb UrUURUrURURUrURUUr
bwgwwwbwgyyyyyyyyywbwrrrrrrwowoooooorroggggggogrbbbbbb uRUUruRUruRuru
bwgwwwbwgyyyyyyyyywbwrrrrrrwrwoooooorgoggggggoorbbbbbb UUruRurURurUUR
bwgwwwbwgyyyyyyyyywgwrrrrrrwbwoooooorroggggggoorbbbbbb uRUUruRururuRurUUR
bwgwwwbwgyyyyyyyyywgwrrrrrrwowoooooorboggggggorrbbbbbb urUURUruRUrURu
bwgwwwbwgyyyyyyyyywgwrrrrrrwrwoooooorooggggggobrbbbbbb RUrURurURUUrUU
bwgwwwbwgyyyyyyyyywowrrrrrrwbwoooooorgoggggggorrbbbbbb UURUrURurURUUr
bwgwwwbwgyyyyyyyyywowrrrrrrwgwoooooorroggggggobrbbbbbb ruRurURurUURUU
bwgwwwbwgyyyyyyyyywrwrrrrrrwbwoooooorooggggggogrbbbbbb UrUURUruRUrURU
bwgwwwbwgyyyyyyyyywrwrrrrrrwgwoooooorboggggggoorbbbbbb URUUruRUruRurU
bwgwwwbwgyyyyyyyyywrwrrrrrrwowoooooorgoggggggobrbbbbbb RURuRuruRURUrUruru
bwgwwwowoyyyyyyyyybbgrrrrrrwgwoooooorowggggggwrrbbbbbb uRUrURUUruRUrURUUr
bwgwwwowoyyyyyyyyybbgrrrrrrwowoooooorrwggggggwgrbbbbbb UUrUURUrURRUrURUUr
bwgwwwowoyyyyyyyyybbgrrrrrrwrwoooooorgwggggggworbbbbbb urUURRURurURURURuurU
bwgwwwowoyyyyyyyyybggrrrrrrwbwoooooorrwggggggworbbbbbb uRUURRuRurUURURurU
bwgwwwowoyyyyyyyyybggrrrrrrwowoooooorbwggggggwrrbbbbbb UUruRurUURRUUruRur
bwgwwwowoyyyyyyyyybggrrrrrrwrwoooooorowggggggwbrbbbbbb uRUURRurURurururuuRU
bwgwwwowoyyyyyyyyybogrrrrrrwbwoooooorgwggggggwrrbbbbbb uRUUrururuRUruRRuuRU
bwgwwwowoyyyyyyyyybogrrrrrrwgwoooooorrwggggggwbrbbbbbb urUURURURUruRURRuurU
bwgwwwowoyyyyyyyyybogrrrrrrwrwoooooorbwggggggwgrbbbbbb RUrUruRURururURURurU
bwgwwwowoyyyyyyyyybrgrrrrrrwbwoooooorowggggggwgrbbbbbb uRUURRuRRuRRUURU
bwgwwwowoyyyyyyyyybrgrrrrrrwgwoooooorbwggggggworbbbbbb urUURRURRURRUUrU
bwgwwwowoyyyyyyyyybrgrrrrrrwowoooooorgwggggggwbrbbbbbb uRUUruRuruRUUruRur
bwgwwwwwwyyyyyyyyyoborrrrrrwgwoooooorobgggggggrrbbbbbb rUURUrURRUUruRurUU
bwgwwwwwwyyyyyyyyyoborrrrrrwowoooooorrbggggggggrbbbbbb rUURUrURuruRurUURu
bwgwwwwwwyyyyyyyyyoborrrrrrwrwoooooorgbgggggggorbbbbbb URURRuRRuRRUURuRurUU
bwgwwwwwwyyyyyyyyyogorrrrrrwbwoooooorrbgggggggorbbbbbb UURUUruRuRRUURUrUR
bwgwwwwwwyyyyyyyyyogorrrrrrwowoooooorbbgggggggrrbbbbbb RUrUURuRRuRurUURuRUr
bwgwwwwwwyyyyyyyyyogorrrrrrwrwoooooorobgggggggbrbbbbbb UruRRURRURRUUrUrUR
bwgwwwwwwyyyyyyyyyooorrrrrrwbwoooooorgbgggggggrrbbbbbb UruRurUURUrUURUrUR
bwgwwwwwwyyyyyyyyyooorrrrrrwgwoooooorrbgggggggbrbbbbbb UUrURUUruRUUruRurURU
bwgwwwwwwyyyyyyyyyooorrrrrrwrwoooooorbbggggggggrbbbbbb RURurUUrUURuRUUrUUrU
bwgwwwwwwyyyyyyyyyororrrrrrwbwoooooorobggggggggrbbbbbb rUrUUrUURuruRURuRu
bwgwwwwwwyyyyyyyyyororrrrrrwgwoooooorbbgggggggorbbbbbb URUrURurUruRRuRRUURu
bwrwwwbwoyyyyyyyyywbgrrrrrrggwoooooorooggggggwrwbbbbbb RRuRurUURuRUrURUrUUR
bwrwwwbwoyyyyyyyyywbgrrrrrrgowoooooorroggggggwgwbbbbbb RurURRUUruRuRRURur
bwrwwwbwoyyyyyyyyywbgrrrrrrgrwoooooorgoggggggwowbbbbbb UUrUURRURRURRUUruu
bwrwwwbwoyyyyyyyyywggrrrrrrgbwoooooorroggggggwowbbbbbb RUUrURUrURuRUUruRuRR
bwrwwwbwoyyyyyyyyywggrrrrrrgowoooooorboggggggwrwbbbbbb RUruRRUrURUURRuRUr
bwrwwwbwoyyyyyyyyywggrrrrrrgrwoooooorooggggggwbwbbbbbb uRUUruRuRRuRurUURu
bwrwwwbwoyyyyyyyyywogrrrrrrgbwoooooorgoggggggwrwbbbbbb UURUURRuRRuRRUURuu
bwrwwwbwoyyyyyyyyywogrrrrrrggwoooooorroggggggwbwbbbbbb uRUrURUURRUURUrURu
bwrwwwbwoyyyyyyyyywogrrrrrrgrwoooooorboggggggwgwbbbbbb ruRUrURUUruRuruRUruR
bwrwwwbwoyyyyyyyyywrgrrrrrrgbwoooooorooggggggwgwbbbbbb RRUUrurURuRuRRURur
bwrwwwbwoyyyyyyyyywrgrrrrrrggwoooooorboggggggwowbbbbbb RUruRRUrUruRURUUrr
bwrwwwbwoyyyyyyyyywrgrrrrrrgowoooooorgoggggggwbwbbbbbb RRUrURuRRURuRurUru
bwrwwwgwryyyyyyyyyobwrrrrrrwgooooooowrwgggggggobbbbbbb ruRurUURuruRurUUR
bwrwwwgwryyyyyyyyyobwrrrrrrwoooooooowgwgggggggrbbbbbbb URUUrururuRUruRRuuR
bwrwwwgwryyyyyyyyyobwrrrrrrwrooooooowowggggggggbbbbbbb UrUURRURurURURURuur
bwrwwwgwryyyyyyyyyogwrrrrrrwbooooooowowgggggggrbbbbbbb ruRuRUrurURURururUR
bwrwwwgwryyyyyyyyyogwrrrrrrwoooooooowrwgggggggbbbbbbbb ruRurUURRUUruRuru
bwrwwwgwryyyyyyyyyogwrrrrrrwrooooooowbwgggggggobbbbbbb UrUURRURRURRUUr
bwrwwwgwryyyyyyyyyoowrrrrrrwbooooooowrwggggggggbbbbbbb rUURUrURRUrURUUru
bwrwwwgwryyyyyyyyyoowrrrrrrwgooooooowbwgggggggrbbbbbbb UrUURURURUruRURRuur
bwrwwwgwryyyyyyyyyoowrrrrrrwrooooooowgwgggggggbbbbbbbb URUURRuRurUURURur
bwrwwwgwryyyyyyyyyorwrrrrrrwbooooooowgwgggggggobbbbbbb URUURRuRRuRRUUR
bwrwwwgwryyyyyyyyyorwrrrrrrwgooooooowowgggggggbbbbbbbb ruRuRUrURururURURur
bwrwwwgwryyyyyyyyyorwrrrrrrwoooooooowbwggggggggbbbbbbb UrUURRUrURUUrurUR
bwrwwwowwyyyyyyyyybborrrrrrggwoooooorowgggggggrwbbbbbb URUruruRURururUR
bwrwwwowwyyyyyyyyybborrrrrrgowoooooorrwggggggggwbbbbbb ruRurUUR
bwrwwwowwyyyyyyyyybborrrrrrgrwoooooorgwgggggggowbbbbbb ruRururururURURR
bwrwwwowwyyyyyyyyybgorrrrrrgbwoooooorrwgggggggowbbbbbb ruRuRUrurUURURur
bwrwwwowwyyyyyyyyybgorrrrrrgowoooooorbwgggggggrwbbbbbb ruRuRRururURURuR
bwrwwwowwyyyyyyyyybgorrrrrrgrwoooooorowgggggggbwbbbbbb URRurURUrUUrURRURR
bwrwwwowwyyyyyyyyyboorrrrrrgbwoooooorgwgggggggrwbbbbbb UURURRuruRUruRRUUR
bwrwwwowwyyyyyyyyyboorrrrrrggwoooooorrwgggggggbwbbbbbb URUUruRuru
bwrwwwowwyyyyyyyyyboorrrrrrgrwoooooorbwggggggggwbbbbbb rurURururuRUrurUUR
bwrwwwowwyyyyyyyyybrorrrrrrgbwoooooorowggggggggwbbbbbb RUURRuRURUUrUUrUUR
bwrwwwowwyyyyyyyyybrorrrrrrggwoooooorbwgggggggowbbbbbb URRURRURUUrURURuRR
bwrwwwowwyyyyyyyyybrorrrrrrgowoooooorgwgggggggbwbbbbbb UURUrUruRRuRRUUR
bwrwwwowwyyyyyyyyywbgrrrrrrwgooooooowrgggggggrobbbbbbb urUURRURRURuRur
bwrwwwowwyyyyyyyyywbgrrrrrrwoooooooowggggggggrrbbbbbbb urUURUrURUU
bwrwwwowwyyyyyyyyywbgrrrrrrwrooooooowogggggggrgbbbbbbb RRuRRuRURRuRRUrUrru
bwrwwwowwyyyyyyyyywggrrrrrrwbooooooowogggggggrrbbbbbbb RurURURRuRRURUruRUR
bwrwwwowwyyyyyyyyywggrrrrrrwoooooooowrgggggggrbbbbbbbb RUrURUUrU
bwrwwwowwyyyyyyyyywggrrrrrrwrooooooowbgggggggrobbbbbbb urUURRURurURURRur
bwrwwwowwyyyyyyyyywogrrrrrrwbooooooowrgggggggrgbbbbbbb RUrURRURURururUrU
bwrwwwowwyyyyyyyyywogrrrrrrwgooooooowbgggggggrrbbbbbbb RUURURRURRuRUruruRR
bwrwwwowwyyyyyyyyywogrrrrrrwrooooooowggggggggrbbbbbbbb uruRURUrurURURurU
bwrwwwowwyyyyyyyyywrgrrrrrrwbooooooowggggggggrobbbbbbb uRUrurUURUrURuRur
bwrwwwowwyyyyyyyyywrgrrrrrrwgooooooowogggggggrbbbbbbbb URURuRUURUrUrUrur
bwrwwwowwyyyyyyyyywrgrrrrrrwoooooooowbgggggggrgbbbbbbb RUrURRURURRuruRRU
bwrwwwwwgyyyyyyyyygbrrrrrrrwgooooooowroggggggwobbbbbbb UUrUURRURRURuRurU
bwrwwwwwgyyyyyyyyygbrrrrrrrwoooooooowgoggggggwrbbbbbbb UrurUrUrURUURuRUR
bwrwwwwwgyyyyyyyyygbrrrrrrrwrooooooowooggggggwgbbbbbbb urUURRUrURUUrUUrUUR
bwrwwwwwgyyyyyyyyyggrrrrrrrwoooooooowroggggggwbbbbbbbb UUrUURUrURu
bwrwwwwwgyyyyyyyyyggrrrrrrrwrooooooowboggggggwobbbbbbb UruRRURUruRURRUUrUU
bwrwwwwwgyyyyyyyyygorrrrrrrwbooooooowroggggggwgbbbbbbb uRRuRRuRURRuRRUrURR
bwrwwwwwgyyyyyyyyygorrrrrrrwgooooooowboggggggwrbbbbbbb uRUrURRURURururUrUU
bwrwwwwwgyyyyyyyyygorrrrrrrwrooooooowgoggggggwbbbbbbbb uRUrURRURURRuruRRUU
bwrwwwwwgyyyyyyyyygrrrrrrrrwbooooooowgoggggggwobbbbbbb RURUURuRURRuRurur
bwrwwwwwgyyyyyyyyygrrrrrrrrwgooooooowooggggggwbbbbbbbb uRUrURUUrUU
bwrwwwwwgyyyyyyyyygrrrrrrrrwoooooooowboggggggwgbbbbbbb ruRurUURuRUUruRur
bwrwwwwwgyyyyyyyyyobwrrrrrrggwoooooorobggggggorwbbbbbb RRURURRuruRRuRur
bwrwwwwwgyyyyyyyyyobwrrrrrrgowoooooorrbggggggogwbbbbbb URUrUruRurUURURurU
bwrwwwwwgyyyyyyyyyobwrrrrrrgrwoooooorgbggggggoowbbbbbb RRURUrurururuRur
bwrwwwwwgyyyyyyyyyogwrrrrrrgbwoooooorrbggggggoowbbbbbb RUURRururURURRur
bwrwwwwwgyyyyyyyyyogwrrrrrrgowoooooorbbggggggorwbbbbbb uruRRURRURRUURRUUR
bwrwwwwwgyyyyyyyyyogwrrrrrrgrwoooooorobggggggobwbbbbbb uruRuRRururURURuRU
bwrwwwwwgyyyyyyyyyoowrrrrrrgbwoooooorgbggggggorwbbbbbb uRUURRUURRURRURRur
bwrwwwwwgyyyyyyyyyoowrrrrrrggwoooooorrbggggggobwbbbbbb uruRurUURU
bwrwwwwwgyyyyyyyyyoowrrrrrrgrwoooooorbbggggggogwbbbbbb RUUrurURururuRUrur
bwrwwwwwgyyyyyyyyyorwrrrrrrgbwoooooorobggggggogwbbbbbb RuRURUruruRRuRur
bwrwwwwwgyyyyyyyyyorwrrrrrrggwoooooorbbggggggoowbbbbbb RUUruRur
bwrwwwwwgyyyyyyyyyorwrrrrrrgowoooooorgbggggggobwbbbbbb URUrUruRRuRRUURU
bwwwwwbwwyyyyyyyyywborrrrrrrgwooooooroogggggggrgbbbbbb uruRurUURRUrURUUru
bwwwwwbwwyyyyyyyyywborrrrrrrowoooooorrogggggggggbbbbbb uruRurUURurUURUrUR
bwwwwwbwwyyyyyyyyywborrrrrrrrwoooooorgogggggggogbbbbbb RUURRuRRurUruRUrUR
bwwwwwbwwyyyyyyyyywgorrrrrrrbwoooooorrogggggggogbbbbbb RuRURRUrurUrUUrUru
bwwwwwbwwyyyyyyyyywgorrrrrrrowoooooorbogggggggrgbbbbbb URUrUrUURRURRURRur
bwwwwwbwwyyyyyyyyywgorrrrrrrrwooooooroogggggggbgbbbbbb rUURUrURUruRurUURU
bwwwwwbwwyyyyyyyyywoorrrrrrrbwoooooorgogggggggrgbbbbbb RuRURuruRUUrUUrUru
bwwwwwbwwyyyyyyyyywoorrrrrrrgwoooooorrogggggggbgbbbbbb RUUruRuruRUrURUUru
bwwwwwbwwyyyyyyyyywoorrrrrrrrwoooooorbogggggggggbbbbbb RUUrUrUURUURUrurUR
bwwwwwbwwyyyyyyyyywrorrrrrrrbwooooooroogggggggggbbbbbb URUrURUUrURUUruRur
bwwwwwbwwyyyyyyyyywrorrrrrrrgwoooooorbogggggggogbbbbbb uruRuRUURRuRRuRRUR
bwwwwwbwwyyyyyyyyywrorrrrrrrowoooooorgogggggggbgbbbbbb rUURRURurURURRUruRur
bwwwwwgwwyyyyyyyyyobgrrrrrrboooooooowgwggggggrrrbbbbbb UURurUURUrUURUrURur
bwwwwwgwwyyyyyyyyyobgrrrrrrbrooooooowowggggggrgrbbbbbb UrUURuRRURuRuRuRUrU
bwwwwwgwwyyyyyyyyyoggrrrrrrbbooooooowowggggggrrrbbbbbb rURUUrUUruRurUURuuR
bwwwwwgwwyyyyyyyyyoggrrrrrrboooooooowrwggggggrbrbbbbbb RUUruRurURUrURUUrUU
bwwwwwgwwyyyyyyyyyoggrrrrrrbrooooooowbwggggggrorbbbbbb RuRUURUUrURUrurUrUU
bwwwwwgwwyyyyyyyyyoogrrrrrrbgooooooowbwggggggrrrbbbbbb rURUUruRUUruRurUR
bwwwwwgwwyyyyyyyyyoogrrrrrrbrooooooowgwggggggrbrbbbbbb RUUruRuRRUURUrURu
bwwwwwgwwyyyyyyyyyorgrrrrrrbbooooooowgwggggggrorbbbbbb rURRUrUruRuruRURuru
bwwwwwgwwyyyyyyyyyorgrrrrrrbgooooooowowggggggrbrbbbbbb URUUrURRurUrUrUruRu
bwwwwwgwwyyyyyyyyyorgrrrrrrboooooooowbwggggggrgrbbbbbb RuRUURuRURuRRurUrUU
bwwwwwowgyyyyyyyyybbwrrrrrrrgwoooooorowggggggorgbbbbbb UruRuRUrurUURURuru
bwwwwwowgyyyyyyyyybbwrrrrrrrowoooooorrwggggggoggbbbbbb UURUUruRurUU
bwwwwwowgyyyyyyyyybbwrrrrrrrrwoooooorgwggggggoogbbbbbb UruRurUURu
bwwwwwowgyyyyyyyyybgwrrrrrrrbwoooooorrwggggggoogbbbbbb UURUruruRURururURu
bwwwwwowgyyyyyyyyybgwrrrrrrrowoooooorbwggggggorgbbbbbb UURuRURUruruRRuRurUU
bwwwwwowgyyyyyyyyybgwrrrrrrrrwoooooorowggggggobgbbbbbb UURUURRurURuruRRUR
bwwwwwowgyyyyyyyyybowrrrrrrrbwoooooorgwggggggorgbbbbbb UruRuRRururURURuRu
bwwwwwowgyyyyyyyyybowrrrrrrrgwoooooorrwggggggobgbbbbbb UUruRURUUruRurUrUR
bwwwwwowgyyyyyyyyybowrrrrrrrrwoooooorbwggggggoggbbbbbb UrurURururuRUruruuRu
bwwwwwowgyyyyyyyyybrwrrrrrrrbwoooooorowggggggoggbbbbbb uRURRuruRUruRRUURu
bwwwwwowgyyyyyyyyybrwrrrrrrrgwoooooorbwggggggoogbbbbbb rurUrUUruRuRuRUR
bwwwwwowgyyyyyyyyybrwrrrrrrrowoooooorgwggggggobgbbbbbb UURUURRuRRurUrUR
bwwwwwowgyyyyyyyyywbrrrrrrrbgooooooowrgggggggworbbbbbb uruRuRURRURRUUr
bwwwwwowgyyyyyyyyywbrrrrrrrboooooooowggggggggwrrbbbbbb URUrURUUr
bwwwwwowgyyyyyyyyywbrrrrrrrbrooooooowogggggggwgrbbbbbb URUrURRURURururUr
bwwwwwowgyyyyyyyyywgrrrrrrrbbooooooowogggggggwrrbbbbbb RRURuRUURuRUURuRURR
bwwwwwowgyyyyyyyyywgrrrrrrrboooooooowrgggggggwbrbbbbbb URUrURURURURuruRR
bwwwwwowgyyyyyyyyywgrrrrrrrbrooooooowbgggggggworbbbbbb RRURuruRUURuRRuRR
bwwwwwowgyyyyyyyyyworrrrrrrbbooooooowrgggggggwgrbbbbbb uruRRURUruRURRUUr
bwwwwwowgyyyyyyyyyworrrrrrrbgooooooowbgggggggwrrbbbbbb rUURRURurURURRuru
bwwwwwowgyyyyyyyyyworrrrrrrbrooooooowggggggggwbrbbbbbb URUrURRURURRuruRR
bwwwwwowgyyyyyyyyywrrrrrrrrbbooooooowggggggggworbbbbbb rUURUrURU
bwwwwwowgyyyyyyyyywrrrrrrrrbgooooooowogggggggwbrbbbbbb RUrurUURUrURuRuru
bwwwwwowgyyyyyyyyywrrrrrrrrboooooooowbgggggggwgrbbbbbb ruRURUrurURURur
bwwwwwwwoyyyyyyyyyobgrrrrrrrgwoooooorobggggggwrgbbbbbb rUURUrURUUruRurUUR
bwwwwwwwoyyyyyyyyyobgrrrrrrrowoooooorrbggggggwggbbbbbb URUUruRurUrUURUrUR
bwwwwwwwoyyyyyyyyyobgrrrrrrrrwoooooorgbggggggwogbbbbbb uRuRUURurURuRRurUUrU
bwwwwwwwoyyyyyyyyyoggrrrrrrrbwoooooorrbggggggwogbbbbbb ruRurUURUUrUURUrUR
bwwwwwwwoyyyyyyyyyoggrrrrrrrowoooooorbbggggggwrgbbbbbb ruRurUURuRUrURUUru
bwwwwwwwoyyyyyyyyyoggrrrrrrrrwoooooorobggggggwbgbbbbbb rUURUrURuRUUruRuru
bwwwwwwwoyyyyyyyyyoogrrrrrrrbwoooooorgbggggggwrgbbbbbb uRUURURRUruRUrUUrUrU
bwwwwwwwoyyyyyyyyyoogrrrrrrrgwoooooorrbggggggwbgbbbbbb URUrURUUrUruRurUUR
bwwwwwwwoyyyyyyyyyoogrrrrrrrrwoooooorbbggggggwggbbbbbb RurUUrUURUrURUURUUrU
bwwwwwwwoyyyyyyyyyorgrrrrrrrbwoooooorobggggggwggbbbbbb uRRUrUruRuruRURurr
bwwwwwwwoyyyyyyyyyorgrrrrrrrgwoooooorbbggggggwogbbbbbb RRUrurURUrURuRuRRU
bwwwwwwwoyyyyyyyyyorgrrrrrrrowoooooorgbggggggwbgbbbbbb uRUUruRUruRUruRurU
bwwwwwwwryyyyyyyyygbwrrrrrrbgooooooowrogggggggorbbbbbb UrUURUruRUruRUrUR
bwwwwwwwryyyyyyyyygbwrrrrrrboooooooowgogggggggrrbbbbbb uruRurUURuRUrURUUrU
bwwwwwwwryyyyyyyyygbwrrrrrrbrooooooowooggggggggrbbbbbb RUUruRurUrUURUrURUU
bwwwwwwwryyyyyyyyyggwrrrrrrbbooooooowoogggggggrrbbbbbb rURUURUUruRurUUrUUR
bwwwwwwwryyyyyyyyyggwrrrrrrboooooooowrogggggggbrbbbbbb urUURUrURuRUUruRurU
bwwwwwwwryyyyyyyyyggwrrrrrrbrooooooowbogggggggorbbbbbb URRuRuRUrURUrurURRU
bwwwwwwwryyyyyyyyygowrrrrrrbbooooooowroggggggggrbbbbbb RRuRURRUrurUUrUrURR
bwwwwwwwryyyyyyyyygowrrrrrrbgooooooowbogggggggrrbbbbbb UrUUruRRuRUruRUURuR
bwwwwwwwryyyyyyyyygowrrrrrrbrooooooowgogggggggbrbbbbbb RUUruRurUURUrURUUrU
bwwwwwwwryyyyyyyyygrwrrrrrrbbooooooowgogggggggorbbbbbb RRuRURuruRurUrURR
bwwwwwwwryyyyyyyyygrwrrrrrrbgooooooowoogggggggbrbbbbbb UrUrUUrURurURRURUUR
bwwwwwwwryyyyyyyyygrwrrrrrrboooooooowboggggggggrbbbbbb RUrURUUrUURUUruRurU
gwbwwwgwbyyyyyyyyywbwrrrrrrwgwoooooooorggggggrrobbbbbb URUUruRururuRurUUR
gwbwwwgwbyyyyyyyyywbwrrrrrrwowooooooorrggggggrgobbbbbb UURUrURurURUUrUU
gwbwwwgwbyyyyyyyyywbwrrrrrrwrwooooooogrggggggroobbbbbb UrUURUruRUrURu
gwbwwwgwbyyyyyyyyywgwrrrrrrwbwooooooorrggggggroobbbbbb urUURUrURURUrURUUr
gwbwwwgwbyyyyyyyyywgwrrrrrrwowooooooobrggggggrrobbbbbb ruRurURurUUR
gwbwwwgwbyyyyyyyyywgwrrrrrrwrwoooooooorggggggrbobbbbbb URUUruRUruRuru
gwbwwwgwbyyyyyyyyywowrrrrrrwbwooooooogrggggggrrobbbbbb uRUUruRUruRurU
gwbwwwgwbyyyyyyyyywowrrrrrrwgwooooooorrggggggrbobbbbbb urUURUruRUrURU
gwbwwwgwbyyyyyyyyywowrrrrrrwrwooooooobrggggggrgobbbbbb RURuRuruRURUrUrurU
gwbwwwgwbyyyyyyyyywrwrrrrrrwbwoooooooorggggggrgobbbbbb UUruRurURurUURUU
gwbwwwgwbyyyyyyyyywrwrrrrrrwgwooooooobrggggggroobbbbbb RUrURurURUUr
gwbwwwgwbyyyyyyyyywrwrrrrrrwowooooooogrggggggrbobbbbbb ruRurURuRRururURURuR
gwbwwwrwryyyyyyyyygbbrrrrrrwgwoooooooowggggggwrobbbbbb URUURRuRurUURURurU
gwbwwwrwryyyyyyyyygbbrrrrrrwowooooooorwggggggwgobbbbbb URuRRuRRuRURuRUURRUr
gwbwwwrwryyyyyyyyygbbrrrrrrwrwooooooogwggggggwoobbbbbb ruRurUURRUUruRur
gwbwwwrwryyyyyyyyyggbrrrrrrwbwooooooorwggggggwoobbbbbb UrUURRUrURUUrurURU
gwbwwwrwryyyyyyyyyggbrrrrrrwowooooooobwggggggwrobbbbbb UrUURRURurURURURuurU
gwbwwwrwryyyyyyyyyggbrrrrrrwrwoooooooowggggggwbobbbbbb rUURUrURRUrURUUr
gwbwwwrwryyyyyyyyygobrrrrrrwbwooooooogwggggggwrobbbbbb UrUURRURRURRUUrU
gwbwwwrwryyyyyyyyygobrrrrrrwgwooooooorwggggggwbobbbbbb URUURRuRRuRRUURU
gwbwwwrwryyyyyyyyygobrrrrrrwrwooooooobwggggggwgobbbbbb ruRurUURuruRurUURU
gwbwwwrwryyyyyyyyygrbrrrrrrwbwoooooooowggggggwgobbbbbb UrUURURURUruRURRuurU
gwbwwwrwryyyyyyyyygrbrrrrrrwgwooooooobwggggggwoobbbbbb URUUrururuRUruRRuuRU
gwbwwwrwryyyyyyyyygrbrrrrrrwowooooooogwggggggwbobbbbbb ruRuRUrurURURururURU
gwbwwwwwwyyyyyyyyyrbrrrrrrrwgwoooooooogggggggbrobbbbbb RUUruRuRRUURUrUR
gwbwwwwwwyyyyyyyyyrbrrrrrrrwowooooooorgggggggbgobbbbbb URUUrURRurUrUrUruR
gwbwwwwwwyyyyyyyyyrbrrrrrrrwrwoooooooggggggggboobbbbbb RUUruRurURUrURUUru
gwbwwwwwwyyyyyyyyyrgrrrrrrrwbwooooooorgggggggboobbbbbb RuRUURuRURuRRurUru
gwbwwwwwwyyyyyyyyyrgrrrrrrrwowooooooobgggggggbrobbbbbb UrUURuRRURuRuRuRUrUU
gwbwwwwwwyyyyyyyyyrgrrrrrrrwrwoooooooogggggggbbobbbbbb UUrUURUrURuruRurUURu
gwbwwwwwwyyyyyyyyyrorrrrrrrwbwoooooooggggggggbrobbbbbb RuRUURUUrURUrurUru
gwbwwwwwwyyyyyyyyyrorrrrrrrwgwooooooorgggggggbbobbbbbb rURRUrUruRuruRURur
gwbwwwwwwyyyyyyyyyrorrrrrrrwrwooooooobgggggggbgobbbbbb rURUUruRuRUruruRURur
gwbwwwwwwyyyyyyyyyrrrrrrrrrwbwoooooooogggggggbgobbbbbb rURUUruRUUruRurURU
gwbwwwwwwyyyyyyyyyrrrrrrrrrwgwooooooobgggggggboobbbbbb uruRurUURUrUURUrUR
gwbwwwwwwyyyyyyyyyrrrrrrrrrwowoooooooggggggggbbobbbbbb rURUUrUUruRurUURuuRU
gwgwwwbwbyyyyyyyyyrborrrrrrooroooooowgwggggggwrwbbbbbb URUUruRUruRur
gwgwwwbwbyyyyyyyyyrborrrrrrorroooooowowggggggwgwbbbbbb urUURUruRUrURUU
gwgwwwbwbyyyyyyyyyrgorrrrrrobroooooowowggggggwrwbbbbbb RURuRururURUrUrur
gwgwwwbwbyyyyyyyyyrgorrrrrrooroooooowrwggggggwbwbbbbbb UUruRurURurUURu
gwgwwwbwbyyyyyyyyyrgorrrrrrorroooooowbwggggggwowbbbbbb UURUrURurURUUru
gwgwwwbwbyyyyyyyyyroorrrrrrobroooooowrwggggggwgwbbbbbb RUrURurURUUrU
gwgwwwbwbyyyyyyyyyroorrrrrrogroooooowbwggggggwrwbbbbbb UrUURUruRUrUR
gwgwwwbwbyyyyyyyyyroorrrrrrorroooooowgwggggggwbwbbbbbb urURUrURURUrUruRRur
gwgwwwbwbyyyyyyyyyrrorrrrrrobroooooowgwggggggwowbbbbbb ruRurURurUURU
gwgwwwbwbyyyyyyyyyrrorrrrrrogroooooowowggggggwbwbbbbbb uRUUruRUruRurUU
gwgwwwbwbyyyyyyyyyrrorrrrrrooroooooowbwggggggwgwbbbbbb uRUUruRururuRurUURu
gwgwwwrwoyyyyyyyyywbwrrrrrrogroooooowrbggggggbowbbbbbb ruRURUruruRURurUrUR
gwgwwwrwoyyyyyyyyywbwrrrrrrooroooooowgbggggggbrwbbbbbb rURRURRUrurUrUURRuR
gwgwwwrwoyyyyyyyyywbwrrrrrrorroooooowobggggggbgwbbbbbb RUURRurURurururUURu
gwgwwwrwoyyyyyyyyywgwrrrrrrobroooooowobggggggbrwbbbbbb rUURUrURUrUURUrUR
gwgwwwrwoyyyyyyyyywgwrrrrrrooroooooowrbggggggbbwbbbbbb URUrURUURRUURUrUR
gwgwwwrwoyyyyyyyyywgwrrrrrrorroooooowbbggggggbowbbbbbb URUUruRuRRuRurUUR
gwgwwwrwoyyyyyyyyywowrrrrrrobroooooowrbggggggbgwbbbbbb RUURRuRRuRRUURu
gwgwwwrwoyyyyyyyyywowrrrrrrogroooooowbbggggggbrwbbbbbb RUUrururuRUruRRUURu
gwgwwwrwoyyyyyyyyywowrrrrrrorroooooowgbggggggbbwbbbbbb RUURRuRurUURURuru
gwgwwwrwoyyyyyyyyywrwrrrrrrobroooooowgbggggggbowbbbbbb rUURRURRURRUUru
gwgwwwrwoyyyyyyyyywrwrrrrrrogroooooowobggggggbbwbbbbbb RUruruRURUruRurUrUR
gwgwwwrwoyyyyyyyyywrwrrrrrrooroooooowbbggggggbgwbbbbbb rUURRUrURUUrurURu
gwgwwwwwwyyyyyyyyybbbrrrrrrogroooooowrrggggggoowbbbbbb rUUrUURuRUUrUUruRUR
gwgwwwwwwyyyyyyyyybbbrrrrrrooroooooowgrggggggorwbbbbbb UruRurUURurUURUrURU
gwgwwwwwwyyyyyyyyybbbrrrrrrorrooooooworggggggogwbbbbbb ruRUrURUUrURUUruR
gwgwwwwwwyyyyyyyyybgbrrrrrrooroooooowrrggggggobwbbbbbb UURUUruRuruRUrURUUr
gwgwwwwwwyyyyyyyyybobrrrrrrobroooooowrrggggggogwbbbbbb UURuRURuruRUUrUUrUr
gwgwwwwwwyyyyyyyyybobrrrrrrogroooooowbrggggggorwbbbbbb uRUrUruRurUURUURUUr
gwgwwwwwwyyyyyyyyybobrrrrrrorroooooowgrggggggobwbbbbbb UruRurUURRUrURUUr
gwgwwwwwwyyyyyyyyybrbrrrrrrobroooooowgrggggggoowbbbbbb URUrurURUrURuRuRRuR
gwgwwwwwwyyyyyyyyybrbrrrrrrogrooooooworggggggobwbbbbbb UruRuRUrurUURUURUUr
gwgwwwwwwyyyyyyyyybrbrrrrrrooroooooowbrggggggogwbbbbbb UURuRURRUrurUrUUrUr
gwowwwbwoyyyyyyyyyrbwrrrrrrwgroooooowrwggggggbogbbbbbb RUrUruRURururURURur
gwowwwbwoyyyyyyyyyrbwrrrrrrworoooooowgwggggggbrgbbbbbb urUURRURRURRUUr
gwowwwbwoyyyyyyyyyrbwrrrrrrwrroooooowowggggggbggbbbbbb RUUruRuRRuRurUURU
gwowwwbwoyyyyyyyyyrgwrrrrrrwbroooooowowggggggbrgbbbbbb RUrURUUrURUrURUUr
gwowwwbwoyyyyyyyyyrgwrrrrrrworoooooowrwggggggbbgbbbbbb urUURRURurURURURuur
gwowwwbwoyyyyyyyyyrgwrrrrrrwrroooooowbwggggggbogbbbbbb uRUUrururuRUruRRuuR
gwowwwbwoyyyyyyyyyrowrrrrrrwbroooooowrwggggggbggbbbbbb uRUURRurURurururuuR
gwowwwbwoyyyyyyyyyrowrrrrrrwgroooooowbwggggggbrgbbbbbb uRUURRuRRuRRUUR
gwowwwbwoyyyyyyyyyrowrrrrrrwrroooooowgwggggggbbgbbbbbb urUURRUrURUUrurUR
gwowwwbwoyyyyyyyyyrrwrrrrrrwbroooooowgwggggggbogbbbbbb urUURURURUruRURRuur
gwowwwbwoyyyyyyyyyrrwrrrrrrwgroooooowowggggggbbgbbbbbb RUrURUURRUURUrURU
gwowwwbwoyyyyyyyyyrrwrrrrrrworoooooowbwggggggbggbbbbbb uRUURRuRurUURURur
gwowwwgwryyyyyyyyywbbrrrrrrbgwoooooooorggggggwrwbbbbbb rUURRUrURUUrurURuu
gwowwwgwryyyyyyyyywbbrrrrrrbowooooooorrggggggwgwbbbbbb URUUruRuRRuRurUURu
gwowwwgwryyyyyyyyywbbrrrrrrbrwooooooogrggggggwowbbbbbb UURUruRRUrURUURRuRUr
gwowwwgwryyyyyyyyywgbrrrrrrbbwooooooorrggggggwowbbbbbb RUURRuRurUURURuruu
gwowwwgwryyyyyyyyywgbrrrrrrbowooooooobrggggggwrwbbbbbb rUURRURRURRUUrUU
gwowwwgwryyyyyyyyywgbrrrrrrbrwoooooooorggggggwbwbbbbbb UURurURRUUruRuRRURur
gwowwwgwryyyyyyyyywobrrrrrrbbwooooooogrggggggwrwbbbbbb uRUUrUURurUURurUURUr
gwowwwgwryyyyyyyyywobrrrrrrbgwooooooorrggggggwbwbbbbbb UURRUUrurURuRuRRURur
gwowwwgwryyyyyyyyywobrrrrrrbrwooooooobrggggggwgwbbbbbb UrUruRuRURRuRUrUrr
gwowwwgwryyyyyyyyywrbrrrrrrbbwoooooooorggggggwgwbbbbbb URUrURUURRUURUrURu
gwowwwgwryyyyyyyyywrbrrrrrrbgwooooooobrggggggwowbbbbbb RUURRuRRuRRUURUU
gwowwwgwryyyyyyyyywrbrrrrrrbowooooooogrggggggwbwbbbbbb RUruruRURUrurURuRurU
gwowwwrwwyyyyyyyyygbrrrrrrrbgwoooooooowggggggbrwbbbbbb UUruRuRRuruRRURURR
gwowwwrwwyyyyyyyyygbrrrrrrrbowooooooorwggggggbgwbbbbbb uRRurURUrUUrURRURR
gwowwwrwwyyyyyyyyygbrrrrrrrbrwooooooogwggggggbowbbbbbb UUruRuRRururURURuR
gwowwwrwwyyyyyyyyyggrrrrrrrbbwooooooorwggggggbowbbbbbb uRUruruRURururUR
gwowwwrwwyyyyyyyyyggrrrrrrrbowooooooobwggggggbrwbbbbbb RUrUruRurUURURur
gwowwwrwwyyyyyyyyyggrrrrrrrbrwoooooooowggggggbbwbbbbbb UUruRurUUR
gwowwwrwwyyyyyyyyygorrrrrrrbbwooooooogwggggggbrwbbbbbb uRRURRURUUrURURuRR
gwowwwrwwyyyyyyyyygorrrrrrrbgwooooooorwggggggbbwbbbbbb uRUURRurURuruRRURU
gwowwwrwwyyyyyyyyygorrrrrrrbrwooooooobwggggggbgwbbbbbb RUrUruRRuRRUUR
gwowwwrwwyyyyyyyyygrrrrrrrrbbwoooooooowggggggbgwbbbbbb uRUUruRuru
gwowwwrwwyyyyyyyyygrrrrrrrrbgwooooooobwggggggbowbbbbbb RURRuruRUruRRUUR
gwowwwrwwyyyyyyyyygrrrrrrrrbowooooooogwggggggbbwbbbbbb UUrurURururuRUrurUUR
gwowwwrwwyyyyyyyyywbbrrrrrrworoooooowgbggggggorgbbbbbb UrUURRURurURURRur
gwowwwrwwyyyyyyyyywbbrrrrrrwrroooooowobggggggoggbbbbbb UURUrURUUrU
gwowwwrwwyyyyyyyyywgbrrrrrrwbroooooowobggggggorgbbbbbb UrUURRURRURuRur
gwowwwrwwyyyyyyyyywgbrrrrrrworoooooowrbggggggobgbbbbbb URRURuruRUURuRRurrU
gwowwwrwwyyyyyyyyywgbrrrrrrwrroooooowbbggggggoogbbbbbb UrUURUrURUU
gwowwwrwwyyyyyyyyywobrrrrrrwbroooooowrbggggggoggbbbbbb uRURuRUURUrUrUrur
gwowwwrwwyyyyyyyyywobrrrrrrwgroooooowbbggggggorgbbbbbb URUrurUURUrURuRur
gwowwwrwwyyyyyyyyywobrrrrrrwrroooooowgbggggggobgbbbbbb UURUrURRURURRururrU
gwowwwrwwyyyyyyyyywrbrrrrrrwbroooooowgbggggggoogbbbbbb ruRRURUruRURRUUrU
gwowwwrwwyyyyyyyyywrbrrrrrrwgroooooowobggggggobgbbbbbb UURUrURRURURururUrU
gwowwwrwwyyyyyyyyywrbrrrrrrworoooooowbbggggggoggbbbbbb UruRURUrurURURurU
gwowwwwwbyyyyyyyyybborrrrrrwgroooooowrrggggggwogbbbbbb rUURURurURURUruRURu
gwowwwwwbyyyyyyyyybborrrrrrworoooooowgrggggggwrgbbbbbb uruRRURUruRURRUUrUU
gwowwwwwbyyyyyyyyybborrrrrrwrrooooooworggggggwggbbbbbb rUURUrURu
gwowwwwwbyyyyyyyyybgorrrrrrwbrooooooworggggggwrgbbbbbb rUURRURRURuRurU
gwowwwwwbyyyyyyyyybgorrrrrrworoooooowrrggggggwbgbbbbbb rUURRURurURURRurU
gwowwwwwbyyyyyyyyybgorrrrrrwrroooooowbrggggggwogbbbbbb ururUrUrURUURuRUR
gwowwwwwbyyyyyyyyyboorrrrrrwbroooooowrrggggggwggbbbbbb URUrURUUrUU
gwowwwwwbyyyyyyyyyboorrrrrrwgroooooowbrggggggwrgbbbbbb URUrURURURURuruRRUU
gwowwwwwbyyyyyyyyyboorrrrrrwrroooooowgrggggggwbgbbbbbb rUURRURURuruRRURu
gwowwwwwbyyyyyyyyybrorrrrrrwbroooooowgrggggggwogbbbbbb URUrURRURURururUrUU
gwowwwwwbyyyyyyyyybrorrrrrrwgrooooooworggggggwbgbbbbbb rUruruRURURRUrURu
gwowwwwwbyyyyyyyyybrorrrrrrworoooooowbrggggggwggbbbbbb RUrurUURURurUrURu
gwowwwwwbyyyyyyyyyrbwrrrrrrbgwoooooooogggggggrrwbbbbbb UURUURRururURURRur
gwowwwwwbyyyyyyyyyrbwrrrrrrbowooooooorgggggggrgwbbbbbb RRuRuRRURRurURRURR
gwowwwwwbyyyyyyyyyrbwrrrrrrbrwoooooooggggggggrowbbbbbb UruRRURRURRUURRUUR
gwowwwwwbyyyyyyyyyrgwrrrrrrbbwooooooorgggggggrowbbbbbb UURRURURRuruRRuRur
gwowwwwwbyyyyyyyyyrgwrrrrrrbowooooooobgggggggrrwbbbbbb UURRURUrurururuRur
gwowwwwwbyyyyyyyyyrgwrrrrrrbrwoooooooogggggggrbwbbbbbb UruRururururURURRU
gwowwwwwbyyyyyyyyyrowrrrrrrbbwoooooooggggggggrrwbbbbbb UURUUruRur
gwowwwwwbyyyyyyyyyrowrrrrrrbgwooooooorgggggggrbwbbbbbb UURuRURUruruRRuRur
gwowwwwwbyyyyyyyyyrowrrrrrrbrwooooooobgggggggrgwbbbbbb uRUrUruRRuRRUURU
gwowwwwwbyyyyyyyyyrrwrrrrrrbbwoooooooogggggggrgwbbbbbb UruRurUURU
gwowwwwwbyyyyyyyyyrrwrrrrrrbgwooooooobgggggggrowbbbbbb URUURRUURRURRURRur
gwowwwwwbyyyyyyyyyrrwrrrrrrbowoooooooggggggggrbwbbbbbb UrurURururuRUruruuRU
gwwwwwbwwyyyyyyyyyrbbrrrrrrggroooooowrwggggggooobbbbbb RURurUUrUURuRUUrUUr
gwwwwwbwwyyyyyyyyyrbbrrrrrrgoroooooowgwggggggorobbbbbb RuRRuRuRUrURUrurURU
gwwwwwbwwyyyyyyyyyrgbrrrrrrgoroooooowrwggggggobobbbbbb URURRuRRuRRUURuRurU
gwwwwwbwwyyyyyyyyyrgbrrrrrrgrroooooowbwggggggooobbbbbb RurUURUrUURUrURur
gwwwwwbwwyyyyyyyyyrobrrrrrrgbroooooowrwggggggogobbbbbb UruRRURRURRUUrUrURu
gwwwwwbwwyyyyyyyyyrobrrrrrrggroooooowbwggggggorobbbbbb rUrUUrUURuruRURuRUU
gwwwwwbwwyyyyyyyyyrobrrrrrrgrroooooowgwggggggobobbbbbb rUURUrURRUUruRurU
gwwwwwbwwyyyyyyyyyrrbrrrrrrgbroooooowgwggggggooobbbbbb UUrURUUruRUUruRurUR
gwwwwwbwwyyyyyyyyyrrbrrrrrrggroooooowowggggggobobbbbbb rUURUrURuruRurUURUU
gwwwwwbwwyyyyyyyyyrrbrrrrrrgoroooooowbwggggggogobbbbbb UURUUruRuRRUURUrURu
gwwwwwgwwyyyyyyyyywbrrrrrrrogwoooooooorggggggbrbbbbbbb uRUrURUURRuRurUURU
gwwwwwgwwyyyyyyyyywbrrrrrrroowooooooorrggggggbgbbbbbbb UUrUURUrURUruRuruuRU
gwwwwwgwwyyyyyyyyywbrrrrrrrorwooooooogrggggggbobbbbbbb uRUrUrUURRURRURRur
gwwwwwgwwyyyyyyyyywgrrrrrrrobwooooooorrggggggbobbbbbbb UruRurUURRUrURUUru
gwwwwwgwwyyyyyyyyywgrrrrrrroowooooooobrggggggbrbbbbbbb UUrUrurURUrUURUURuRU
gwwwwwgwwyyyyyyyyywgrrrrrrrorwoooooooorggggggbbbbbbbbb UruRurUURurUURUrUR
gwwwwwgwwyyyyyyyyyworrrrrrrobwooooooogrggggggbrbbbbbbb UruRuRUURRuRRuRRUR
gwwwwwgwwyyyyyyyyyworrrrrrrogwooooooorrggggggbbbbbbbbb ruRUrURUUrURUUruRu
gwwwwwgwwyyyyyyyyywrrrrrrrrobwoooooooorggggggbgbbbbbbb UURUUruRuruRUrURUUru
gwwwwwgwwyyyyyyyyywrrrrrrrrogwooooooobrggggggbobbbbbbb UURuRURuruRUUrUUrUru
gwwwwwgwwyyyyyyyyywrrrrrrrroowooooooogrggggggbbbbbbbbb UUrUURUrURUURUUruRur
gwwwwwrwbyyyyyyyyygbwrrrrrrogwoooooooowggggggrrbbbbbbb RUruruRURururURu
gwwwwwrwbyyyyyyyyygbwrrrrrroowooooooorwggggggrgbbbbbbb RUURRurURuruRRUR
gwwwwwrwbyyyyyyyyygbwrrrrrrorwooooooogwggggggrobbbbbbb RuRURUruruRRuRuruu
gwwwwwrwbyyyyyyyyyggwrrrrrrobwooooooorwggggggrobbbbbbb uruRuRUrurUURURuru
gwwwwwrwbyyyyyyyyyggwrrrrrroowooooooobwggggggrrbbbbbbb uruRurUURu
gwwwwwrwbyyyyyyyyyggwrrrrrrorwoooooooowggggggrbbbbbbbb RUUruRurUU
gwwwwwrwbyyyyyyyyygowrrrrrrobwooooooogwggggggrrbbbbbbb UUrurUrUUruRuRuRUR
gwwwwwrwbyyyyyyyyygowrrrrrrogwooooooorwggggggrbbbbbbbb URURRuruRUruRRUURu
gwwwwwrwbyyyyyyyyygowrrrrrrorwooooooobwggggggrgbbbbbbb RUURRuRRurUrUR
gwwwwwrwbyyyyyyyyygrwrrrrrrobwoooooooowggggggrgbbbbbbb ruRURUUruRurUrUR
gwwwwwrwbyyyyyyyyygrwrrrrrrogwooooooobwggggggrobbbbbbb uruRuRRururURURuRu
gwwwwwrwbyyyyyyyyygrwrrrrrroowooooooogwggggggrbbbbbbbb ururURururuRUruruuRu
gwwwwwrwbyyyyyyyyywborrrrrrggroooooowrbggggggwoobbbbbb uRURurURURUruRURUUr
gwwwwwrwbyyyyyyyyywborrrrrrgoroooooowgbggggggwrobbbbbb UURRURuruRUURuRRuRR
gwwwwwrwbyyyyyyyyywborrrrrrgrroooooowobggggggwgobbbbbb UruRuRUrURUUrurUR
gwwwwwrwbyyyyyyyyywgorrrrrrgbroooooowobggggggwrobbbbbb UruRuRURRURRUUr
gwwwwwrwbyyyyyyyyywgorrrrrrgoroooooowrbggggggwbobbbbbb uRUrURRURURururUr
gwwwwwrwbyyyyyyyyywgorrrrrrgrroooooowbbggggggwoobbbbbb uRUrURUUr
gwwwwwrwbyyyyyyyyywoorrrrrrgbroooooowrbggggggwgobbbbbb UrurUrUrURUURuRURUU
gwwwwwrwbyyyyyyyyywoorrrrrrggroooooowbbggggggwrobbbbbb UUrUURUrURU
gwwwwwrwbyyyyyyyyywoorrrrrrgrroooooowgbggggggwbobbbbbb UUruRURUrurURURur
gwwwwwrwbyyyyyyyyywrorrrrrrgbroooooowgbggggggwoobbbbbb uRUURUUrurURRUUrUUr
gwwwwwrwbyyyyyyyyywrorrrrrrggroooooowobggggggwbobbbbbb UruRRURUruRURRUUr
gwwwwwrwbyyyyyyyyywrorrrrrrgoroooooowbbggggggwgobbbbbb uRUrURRURURRuruRR
gwwwwwwwoyyyyyyyyybbwrrrrrrggroooooowrrggggggboobbbbbb RUUrUUruRURurUUrUUR
gwwwwwwwoyyyyyyyyybbwrrrrrrgoroooooowgrggggggbrobbbbbb uRRuRuRUrURUrurURRU
gwwwwwwwoyyyyyyyyybbwrrrrrrgrrooooooworggggggbgobbbbbb UrUURUrURuRUUruRurU
gwwwwwwwoyyyyyyyyybgwrrrrrrgbrooooooworggggggbrobbbbbb urUURUruRUruRUrUR
gwwwwwwwoyyyyyyyyybgwrrrrrrgoroooooowrrggggggbbobbbbbb URURurURRURRURRuRuR
gwwwwwwwoyyyyyyyyybgwrrrrrrgrroooooowbrggggggboobbbbbb UruRurUURuRUrURUUrU
gwwwwwwwoyyyyyyyyybowrrrrrrgbroooooowrrggggggbgobbbbbb urUrUUrURurURRURUUR
gwwwwwwwoyyyyyyyyybowrrrrrrggroooooowbrggggggbrobbbbbb UURRuRURuruRurUrURR
gwwwwwwwoyyyyyyyyybrwrrrrrrgbroooooowgrggggggboobbbbbb urUUruRRuRUruRUURuR
gwwwwwwwoyyyyyyyyybrwrrrrrrggrooooooworggggggbbobbbbbb rurURRUrUURUrUruRUR
gwwwwwwwryyyyyyyyyrbbrrrrrrogwoooooooogggggggwrbbbbbbb UUruRurUURUUrUURUrUR
gwwwwwwwryyyyyyyyyrbbrrrrrroowooooooorgggggggwgbbbbbbb ururURuRRuRRuRRUrUrU
gwwwwwwwryyyyyyyyyrbbrrrrrrorwoooooooggggggggwobbbbbbb rUrURRuRRuRRuRUrur
gwwwwwwwryyyyyyyyyrgbrrrrrrobwooooooorgggggggwobbbbbbb uRUUruRurUURUrURUUru
gwwwwwwwryyyyyyyyyrgbrrrrrroowooooooobgggggggwrbbbbbbb RRuRuRUrURUrurURRu
gwwwwwwwryyyyyyyyyrgbrrrrrrorwoooooooogggggggwbbbbbbbb uRUUruRurUrUURUrUR
gwwwwwwwryyyyyyyyyrobrrrrrrobwoooooooggggggggwrbbbbbbb rUUruRRuRUruRUURuRUU
gwwwwwwwryyyyyyyyyrobrrrrrrogwooooooorgggggggwbbbbbbbb URRUrUruRuruRURurr
gwwwwwwwryyyyyyyyyrobrrrrrrorwooooooobgggggggwgbbbbbbb rUURUruRUruRUrURuu
gwwwwwwwryyyyyyyyyrrbrrrrrrobwoooooooogggggggwgbbbbbbb uRUrURUUrUruRurUUR
gwwwwwwwryyyyyyyyyrrbrrrrrrogwooooooobgggggggwobbbbbbb URUURURRUruRUrUUrUrU
gwwwwwwwryyyyyyyyyrrbrrrrrroowoooooooggggggggwbbbbbbbb RURUUrUrURuruRRUrUru
owbwwwgwwyyyyyyyyyobgrrrrrrrgwoooooobrwggggggrowbbbbbb uRUrUruRRuRRUUR
owbwwwgwwyyyyyyyyyobgrrrrrrrowoooooobgwggggggrrwbbbbbb UURUURRurURuruRRURU
owbwwwgwwyyyyyyyyyobgrrrrrrrrwoooooobowggggggrgwbbbbbb UUruRURUUruRurUrURU
owbwwwgwwyyyyyyyyyoggrrrrrrrbwoooooobowggggggrrwbbbbbb UrurURururuRUruruuR
owbwwwgwwyyyyyyyyyoggrrrrrrrowoooooobrwggggggrbwbbbbbb uRURRuruRUruRRUUR
owbwwwgwwyyyyyyyyyoggrrrrrrrrwoooooobbwggggggrowbbbbbb UURUUruRuru
owbwwwgwwyyyyyyyyyoogrrrrrrrbwoooooobrwggggggrgwbbbbbb UruRururururURURR
owbwwwgwwyyyyyyyyyoogrrrrrrrgwoooooobbwggggggrrwbbbbbb UruRurUUR
owbwwwgwwyyyyyyyyyoogrrrrrrrrwoooooobgwggggggrbwbbbbbb UURUruruRURururUR
owbwwwgwwyyyyyyyyyorgrrrrrrrbwoooooobgwggggggrowbbbbbb UURuRURUruruRRuRuru
owbwwwgwwyyyyyyyyyorgrrrrrrrgwoooooobowggggggrbwbbbbbb UruRuRRururURURuR
owbwwwgwwyyyyyyyyyorgrrrrrrrowoooooobbwggggggrgwbbbbbb UruRuRUrurUURURur
owbwwwgwwyyyyyyyyywbrrrrrrrwggooooooworggggggbrobbbbbb URUrURRURURRuruRRU
owbwwwgwwyyyyyyyyywbrrrrrrrwogoooooowrrggggggbgobbbbbb RUrurUURUrURuRur
owbwwwgwwyyyyyyyyywbrrrrrrrwrgoooooowgrggggggboobbbbbb URUrURURURURuruRRU
owbwwwgwwyyyyyyyyywgrrrrrrrwbgoooooowrrggggggboobbbbbb ruRURUrurURURurU
owbwwwgwwyyyyyyyyywgrrrrrrrwogoooooowbrggggggbrobbbbbb URUrURRURURururUrU
owbwwwgwwyyyyyyyyywgrrrrrrrwrgooooooworggggggbbobbbbbb uruRRURUruRURRUUrU
owbwwwgwwyyyyyyyyyworrrrrrrwbgoooooowgrggggggbrobbbbbb RRURuruRUURuRRuRRU
owbwwwgwwyyyyyyyyyworrrrrrrwggoooooowrrggggggbbobbbbbb rUURUrURUU
owbwwwgwwyyyyyyyyyworrrrrrrwrgoooooowbrggggggbgobbbbbb rUURRURRURuRur
owbwwwgwwyyyyyyyyywrrrrrrrrwbgooooooworggggggbgobbbbbb rUURRURurURURRur
owbwwwgwwyyyyyyyyywrrrrrrrrwggoooooowbrggggggboobbbbbb URUrURUUrU
owbwwwgwwyyyyyyyyywrrrrrrrrwogoooooowgrggggggbbobbbbbb RRURuRUURuRUURuRURRU
owbwwwowgyyyyyyyyywbrrrrrrrrgwoooooobrgggggggwowbbbbbb rUruRuRURRuRUrURR
owbwwwowgyyyyyyyyywbrrrrrrrrowoooooobggggggggwrwbbbbbb UrURuRRUURUrURRurUR
owbwwwowgyyyyyyyyywbrrrrrrrrrwoooooobogggggggwgwbbbbbb UruRURRuRurUURRUruR
owbwwwowgyyyyyyyyywgrrrrrrrrowoooooobrgggggggwbwbbbbbb uRUURRuRRuRRUURUU
owbwwwowgyyyyyyyyywgrrrrrrrrrwoooooobbgggggggwowbbbbbb RUrURUURRUURUrURu
owbwwwowgyyyyyyyyyworrrrrrrrbwoooooobrgggggggwgwbbbbbb urUURRURRURRUUrUU
owbwwwowgyyyyyyyyyworrrrrrrrgwoooooobbgggggggwrwbbbbbb URRUURURurUrURRurUR
owbwwwowgyyyyyyyyyworrrrrrrrrwoooooobggggggggwbwbbbbbb uRUURRuRurUURURurUU
owbwwwowgyyyyyyyyywrrrrrrrrrbwoooooobggggggggwowbbbbbb RUUruRuRRuRurUURu
owbwwwowgyyyyyyyyywrrrrrrrrrgwoooooobogggggggwbwbbbbbb rUURUUrURUUrURUUruR
owbwwwowgyyyyyyyyywrrrrrrrrrowoooooobbgggggggwgwbbbbbb uRUrURUUruRUrURUUrU
owbwwwrwbyyyyyyyyygbwrrrrrrwggoooooowowggggggrrobbbbbb UUrUURRUrURUUrurUR
owbwwwrwbyyyyyyyyygbwrrrrrrwogoooooowrwggggggrgobbbbbb UURUURRuRRuRRUUR
owbwwwrwbyyyyyyyyygbwrrrrrrwrgoooooowgwggggggroobbbbbb RRUUrurURuRuRRURurUU
owbwwwrwbyyyyyyyyyggwrrrrrrwbgoooooowrwggggggroobbbbbb UrUURUrURurUURUrUR
owbwwwrwbyyyyyyyyyggwrrrrrrwogoooooowbwggggggrrobbbbbb uRUrURUURRUURUrURU
owbwwwrwbyyyyyyyyyggwrrrrrrwrgoooooowowggggggrbobbbbbb RUruRRUrUruRURUUrrUU
owbwwwrwbyyyyyyyyygowrrrrrrwbgoooooowgwggggggrrobbbbbb RurURRUUruRuRRURurUU
owbwwwrwbyyyyyyyyygowrrrrrrwggoooooowrwggggggrbobbbbbb RUruRRUrURUURRuRUrUU
owbwwwrwbyyyyyyyyygowrrrrrrwrgoooooowbwggggggrgobbbbbb RRUrURuRRURuRurUrU
owbwwwrwbyyyyyyyyygrwrrrrrrwbgoooooowowggggggrgobbbbbb UUrUURRURRURRUUr
owbwwwrwbyyyyyyyyygrwrrrrrrwggoooooowbwggggggroobbbbbb uRUUruRuRRuRurUURU
owbwwwrwbyyyyyyyyygrwrrrrrrwogoooooowgwggggggrbobbbbbb UruRuRUrurURURururUR
owbwwwwwryyyyyyyyygbwrrrrrrrgwoooooobrogggggggowbbbbbb UURUrUruRRuRRUURU
owbwwwwwryyyyyyyyygbwrrrrrrrowoooooobgogggggggrwbbbbbb URuRURUruruRRuRur
owbwwwwwryyyyyyyyygbwrrrrrrrrwoooooobooggggggggwbbbbbb URUUruRur
owbwwwwwryyyyyyyyyggwrrrrrrrbwooooooboogggggggrwbbbbbb rurURururuRUrurUURU
owbwwwwwryyyyyyyyyggwrrrrrrrowoooooobrogggggggbwbbbbbb RUURRUURRURRURRur
owbwwwwwryyyyyyyyyggwrrrrrrrrwoooooobbogggggggowbbbbbb ruRurUURU
owbwwwwwryyyyyyyyygowrrrrrrrbwoooooobroggggggggwbbbbbb URRURUrurururuRur
owbwwwwwryyyyyyyyygowrrrrrrrgwoooooobbogggggggrwbbbbbb ruRururururURURRU
owbwwwwwryyyyyyyyygowrrrrrrrrwoooooobgogggggggbwbbbbbb URRURURRuruRRuRur
owbwwwwwryyyyyyyyygrwrrrrrrrbwoooooobgogggggggowbbbbbb ruRuRRururURURuRU
owbwwwwwryyyyyyyyygrwrrrrrrrgwooooooboogggggggbwbbbbbb ruRRURRURRUURRUUR
owbwwwwwryyyyyyyyygrwrrrrrrrowoooooobboggggggggwbbbbbb URUURRururURURRur
owbwwwwwryyyyyyyyyrbbrrrrrrwggoooooowogggggggwrobbbbbb uruRURUrurURURurUU
owbwwwwwryyyyyyyyyrbbrrrrrrwogoooooowrgggggggwgobbbbbb URURuRUURUrUrUrurU
owbwwwwwryyyyyyyyyrbbrrrrrrwrgoooooowggggggggwoobbbbbb RUrURUUrUU
owbwwwwwryyyyyyyyyrgbrrrrrrwbgoooooowrgggggggwoobbbbbb RUrURRURURRuruRRUU
owbwwwwwryyyyyyyyyrgbrrrrrrwogoooooowbgggggggwrobbbbbb RRuRRuRURRuRRUrUrr
owbwwwwwryyyyyyyyyrgbrrrrrrwrgoooooowogggggggwbobbbbbb RUrURRURURururUrUU
owbwwwwwryyyyyyyyyrobrrrrrrwbgoooooowggggggggwrobbbbbb urUURRURurURURRurU
owbwwwwwryyyyyyyyyrobrrrrrrwggoooooowrgggggggwbobbbbbb uRUrurUURUrURuRurU
owbwwwwwryyyyyyyyyrobrrrrrrwrgoooooowbgggggggwgobbbbbb urUURRURRURuRurU
owbwwwwwryyyyyyyyyrrbrrrrrrwbgoooooowogggggggwgobbbbbb RURRuRRuRRUURRUUru
owbwwwwwryyyyyyyyyrrbrrrrrrwggoooooowbgggggggwoobbbbbb urUURUrURu
owbwwwwwryyyyyyyyyrrbrrrrrrwogoooooowggggggggwbobbbbbb RurURURRuRRURUruRURU
owowwwgwbyyyyyyyyywbwrrrrrrbggooooooworggggggrrwbbbbbb uRUURRuRurUURURuru
owowwwgwbyyyyyyyyywbwrrrrrrbogoooooowrrggggggrgwbbbbbb uRUUrururuRUruRRuuRu
owowwwgwbyyyyyyyyywbwrrrrrrbrgoooooowgrggggggrowbbbbbb uRUURRuRRuRRUURu
owowwwgwbyyyyyyyyywgwrrrrrrbbgoooooowrrggggggrowbbbbbb urUURRUrURUUrurURu
owowwwgwbyyyyyyyyywgwrrrrrrbogoooooowbrggggggrrwbbbbbb urUURURURUruRURRuuru
owowwwgwbyyyyyyyyywgwrrrrrrbrgooooooworggggggrbwbbbbbb urUURRURRURRUUru
owowwwgwbyyyyyyyyywowrrrrrrbbgoooooowgrggggggrrwbbbbbb RUrURUURRUURUrUR
owowwwgwbyyyyyyyyywowrrrrrrbggoooooowrrggggggrbwbbbbbb RUUruRuRRuRurUUR
owowwwgwbyyyyyyyyywowrrrrrrbrgoooooowbrggggggrgwbbbbbb RUrURUUrURUrURUUru
owowwwgwbyyyyyyyyywrwrrrrrrbbgooooooworggggggrgwbbbbbb urUURRURurURURURuuru
owowwwgwbyyyyyyyyywrwrrrrrrbggoooooowbrggggggrowbbbbbb uRUURRurURurururuuRu
owowwwgwbyyyyyyyyywrwrrrrrrbogoooooowgrggggggrbwbbbbbb RUrUruRURururURURuru
owowwwrwryyyyyyyyygbbrrrrrrbggoooooowowggggggwrwbbbbbb rUURUrURURUrURUUru
owowwwrwryyyyyyyyygbbrrrrrrbogoooooowrwggggggwgwbbbbbb rUURUruRUrUR
owowwwrwryyyyyyyyygbbrrrrrrbrgoooooowgwggggggwowbbbbbb uRUrURurURUUrU
owowwwrwryyyyyyyyyggbrrrrrrbbgoooooowrwggggggwowbbbbbb RUUruRururuRurUURU
owowwwrwryyyyyyyyyggbrrrrrrbogoooooowbwggggggwrwbbbbbb UURUUruRUruRurUU
owowwwrwryyyyyyyyyggbrrrrrrbrgoooooowowggggggwbwbbbbbb uruRurURurUURU
owowwwrwryyyyyyyyygobrrrrrrbbgoooooowgwggggggwrwbbbbbb UruRurURurUURu
owowwwrwryyyyyyyyygobrrrrrrbggoooooowrwggggggwbwbbbbbb URUrURurURUUru
owowwwrwryyyyyyyyygobrrrrrrbrgoooooowbwggggggwgwbbbbbb URURuRuruRURUrUrur
owowwwrwryyyyyyyyygrbrrrrrrbbgoooooowowggggggwgwbbbbbb RUUruRUruRur
owowwwrwryyyyyyyyygrbrrrrrrbggoooooowbwggggggwowbbbbbb UUrUURUruRUrURUU
owowwwrwryyyyyyyyygrbrrrrrrbogoooooowgwggggggwbwbbbbbb rUruruRURURRUruRUrUR
owowwwwwwyyyyyyyyyrbrrrrrrrbggoooooowogggggggbrwbbbbbb ruRurUURRUrURUUr
owowwwwwwyyyyyyyyyrbrrrrrrrbogoooooowrgggggggbgwbbbbbb UURurUrUrUruRRUrUURu
owowwwwwwyyyyyyyyyrbrrrrrrrbrgoooooowggggggggbowbbbbbb URuRURuruRUUrUUrUr
owowwwwwwyyyyyyyyyrgrrrrrrrbbgoooooowrgggggggbowbbbbbb URuRURRUrurUrUUrUr
owowwwwwwyyyyyyyyyrgrrrrrrrbogoooooowbgggggggbrwbbbbbb ruRuRUrurUURUURUUr
owowwwwwwyyyyyyyyyrgrrrrrrrbrgoooooowogggggggbbwbbbbbb RUrurURUrURuRuRRuR
owowwwwwwyyyyyyyyyrorrrrrrrbbgoooooowggggggggbrwbbbbbb URUUruRuruRUrURUUr
owowwwwwwyyyyyyyyyrorrrrrrrbggoooooowrgggggggbbwbbbbbb RRuRurUURuRUrURUUrUR
owowwwwwwyyyyyyyyyrorrrrrrrbrgoooooowbgggggggbgwbbbbbb RRURRUUruRuRuRuRRUUr
owowwwwwwyyyyyyyyyrrrrrrrrrbbgoooooowogggggggbgwbbbbbb ruRurUURurUURUrURU
owowwwwwwyyyyyyyyyrrrrrrrrrbggoooooowbgggggggbowbbbbbb uruRUrURUUrURUUruR
owowwwwwwyyyyyyyyyrrrrrrrrrbogoooooowggggggggbbwbbbbbb URUUrUrUURUURUrurURU
owrwwwgwgyyyyyyyyyobrrrrrrrwgwoooooobrwggggggwobbbbbbb RUUruRuruRUUruRur
owrwwwgwgyyyyyyyyyobrrrrrrrwowoooooobgwggggggwrbbbbbbb RUURRuRRuRRUURU
owrwwwgwgyyyyyyyyyobrrrrrrrwrwoooooobowggggggwgbbbbbbb rUURRURRURRUUrU
owrwwwgwgyyyyyyyyyogrrrrrrrwbwoooooobowggggggwrbbbbbbb RUruruRURUrurURuRur
owrwwwgwgyyyyyyyyyogrrrrrrrwowoooooobrwggggggwbbbbbbbb ruRURUruruRUrURuRur
owrwwwgwgyyyyyyyyyogrrrrrrrwrwoooooobbwggggggwobbbbbbb rUURURURUruRURRUUrU
owrwwwgwgyyyyyyyyyoorrrrrrrwbwoooooobrwggggggwgbbbbbbb rUURRURurURURURUUrU
owrwwwgwgyyyyyyyyyoorrrrrrrwgwoooooobbwggggggwrbbbbbbb urUURUrURRUrURUUr
owrwwwgwgyyyyyyyyyoorrrrrrrwrwoooooobgwggggggwbbbbbbbb RUrURUUruRUrURUUr
owrwwwgwgyyyyyyyyyorrrrrrrrwbwoooooobgwggggggwobbbbbbb RuRRuRRuRURuRUURRUr
owrwwwgwgyyyyyyyyyorrrrrrrrwgwoooooobowggggggwbbbbbbbb uruRurUURRUUruRur
owrwwwgwgyyyyyyyyyorrrrrrrrwowoooooobbwggggggwgbbbbbbb RUURRuRurUURURurU
owrwwwowryyyyyyyyywbwrrrrrrwgwoooooobrggggggggobbbbbbb rUURRUURuRUrUUrurUR
owrwwwowryyyyyyyyywbwrrrrrrwowoooooobgggggggggrbbbbbbb UUrUURUruRUrURU
owrwwwowryyyyyyyyywbwrrrrrrwrwoooooobogggggggggbbbbbbb UURUUruRUruRurU
owrwwwowryyyyyyyyywgwrrrrrrwowoooooobrggggggggbbbbbbbb uRUrURurURUUr
owrwwwowryyyyyyyyywgwrrrrrrwrwoooooobbggggggggobbbbbbb UruRurURurUURUU
owrwwwowryyyyyyyyywowrrrrrrwbwoooooobrgggggggggbbbbbbb uruRurURurUUR
owrwwwowryyyyyyyyywowrrrrrrwgwoooooobbggggggggrbbbbbbb RUUruRUruRuru
owrwwwowryyyyyyyyywowrrrrrrwrwoooooobgggggggggbbbbbbbb UUrUURUrURURUrURuur
owrwwwowryyyyyyyyywrwrrrrrrwbwoooooobgggggggggobbbbbbb URUrURurURUUrUU
owrwwwowryyyyyyyyywrwrrrrrrwgwooooooboggggggggbbbbbbbb rUURUruRUrURu
owrwwwowryyyyyyyyywrwrrrrrrwowoooooobbgggggggggbbbbbbb RUUruRururuRurUUR
owrwwwwwwyyyyyyyyygbgrrrrrrwowoooooobgoggggggrrbbbbbbb UrUrUUrUURuruRURuRu
owrwwwwwwyyyyyyyyygbgrrrrrrwrwoooooobooggggggrgbbbbbbb uRuRUURUUrURUrurUru
owrwwwwwwyyyyyyyyygggrrrrrrwbwoooooobooggggggrrbbbbbbb RUruRuRUUrurURuRuRR
owrwwwwwwyyyyyyyyygggrrrrrrwowoooooobroggggggrbbbbbbbb UUruRurUURUrUURUrUR
owrwwwwwwyyyyyyyyygggrrrrrrwrwoooooobboggggggrobbbbbbb urURUUruRUUruRurURU
owrwwwwwwyyyyyyyyygogrrrrrrwbwoooooobroggggggrgbbbbbbb rUURuRRURuRuRuRUrUU
owrwwwwwwyyyyyyyyygogrrrrrrwgwoooooobboggggggrrbbbbbbb UrUURUrURuruRurUURu
owrwwwwwwyyyyyyyyygogrrrrrrwrwoooooobgoggggggrbbbbbbbb uRuRUURuRURuRRurUru
owrwwwwwwyyyyyyyyygrgrrrrrrwbwoooooobgoggggggrobbbbbbb RUUrURRurUrUrUruR
owrwwwwwwyyyyyyyyygrgrrrrrrwgwoooooobooggggggrbbbbbbbb uRUUruRurURUrURUUru
owrwwwwwwyyyyyyyyygrgrrrrrrwowoooooobboggggggrgbbbbbbb uRUUruRuRRUURUrUR
owwwwwgwryyyyyyyyyobwrrrrrrbgwoooooobrwgggggggorbbbbbb uRUURRuRRurUrUR
owwwwwgwryyyyyyyyyobwrrrrrrbowoooooobgwgggggggrrbbbbbb RURRuruRUruRRUURu
owwwwwgwryyyyyyyyyobwrrrrrrbrwoooooobowggggggggrbbbbbb UrurUrUUruRuRuRUR
owwwwwgwryyyyyyyyyogwrrrrrrbowoooooobrwgggggggbrbbbbbb UUruRuRRururURURuRu
owwwwwgwryyyyyyyyyogwrrrrrrbrwoooooobbwgggggggorbbbbbb uruRURUUruRurUrUR
owwwwwgwryyyyyyyyyoowrrrrrrbbwoooooobrwggggggggrbbbbbb UUruRurUURu
owwwwwgwryyyyyyyyyoowrrrrrrbgwoooooobbwgggggggrrbbbbbb uRUUruRurUU
owwwwwgwryyyyyyyyyoowrrrrrrbrwoooooobgwgggggggbrbbbbbb UUruRuRRuruRRURURRu
owwwwwgwryyyyyyyyyorwrrrrrrbbwoooooobgwgggggggorbbbbbb uRUURRurURuruRRUR
owwwwwgwryyyyyyyyyorwrrrrrrbgwoooooobowgggggggbrbbbbbb uRRurURUrUUrURRURRu
owwwwwgwryyyyyyyyyorwrrrrrrbowoooooobbwggggggggrbbbbbb uRUruruRURururURu
owwwwwgwryyyyyyyyywbbrrrrrroggooooooworggggggwrbbbbbbb UruRURUrurURURur
owwwwwgwryyyyyyyyywbbrrrrrroogoooooowrrggggggwgbbbbbbb UrUURUrURU
owwwwwgwryyyyyyyyywbbrrrrrrorgoooooowgrggggggwobbbbbbb URUrurUURUrURuRuru
owwwwwgwryyyyyyyyywgbrrrrrrobgoooooowrrggggggwobbbbbbb UURUrURRURURRururr
owwwwwgwryyyyyyyyywgbrrrrrroogoooooowbrggggggwrbbbbbbb ruRRURUruRURRUUr
owwwwwgwryyyyyyyyywgbrrrrrrorgooooooworggggggwbbbbbbbb UrUURRURurURURRuru
owwwwwgwryyyyyyyyywobrrrrrrobgoooooowgrggggggwrbbbbbbb UURUrURRURURururUr
owwwwwgwryyyyyyyyywobrrrrrroggoooooowrrggggggwbbbbbbbb UURUrURUUr
owwwwwgwryyyyyyyyywobrrrrrrorgoooooowbrggggggwgbbbbbbb ruRuRURRURRUUr
owwwwwgwryyyyyyyyywrbrrrrrrobgooooooworggggggwgbbbbbbb URRURuruRUURuRRurr
owwwwwgwryyyyyyyyywrbrrrrrroggoooooowbrggggggwobbbbbbb ruRuRUrURUUrurUR
owwwwwgwryyyyyyyyywrbrrrrrroogoooooowgrggggggwbbbbbbbb URRUrURUURUURUrUrrUr
owwwwwowwyyyyyyyyywbgrrrrrrbowoooooobggggggggrrrbbbbbb uruRUrURUUrURUUruRu
owwwwwowwyyyyyyyyywbgrrrrrrbrwoooooobogggggggrgrbbbbbb ruRuRUURRuRRuRRUR
owwwwwowwyyyyyyyyywggrrrrrrbbwoooooobogggggggrrrbbbbbb URUUrUrUURUURUrurUR
owwwwwowwyyyyyyyyywggrrrrrrbowoooooobrgggggggrbrbbbbbb UrUURRURRURuRUruRur
owwwwwowwyyyyyyyyywggrrrrrrbrwoooooobbgggggggrorbbbbbb URUUruRuruRUrURUUru
owwwwwowwyyyyyyyyywogrrrrrrbbwoooooobrgggggggrgrbbbbbb URUURRuRRurUruRUrUR
owwwwwowwyyyyyyyyywogrrrrrrbgwoooooobbgggggggrrrbbbbbb ruRurUURurUURUrUR
owwwwwowwyyyyyyyyywogrrrrrrbrwoooooobggggggggrbrbbbbbb ruRurUURRUrURUUru
owwwwwowwyyyyyyyyywrgrrrrrrbbwoooooobggggggggrorbbbbbb UrUURUrURUruRurUURU
owwwwwowwyyyyyyyyywrgrrrrrrbgwoooooobogggggggrbrbbbbbb UURUrUrUURRURRURRur
owwwwwowwyyyyyyyyywrgrrrrrrbowoooooobbgggggggrgrbbbbbb URuRURRUrurUrUUrUru
owwwwwrwwyyyyyyyyygbrrrrrrroggoooooowowggggggbrbbbbbbb urUURUrURRUUruRurU
owwwwwrwwyyyyyyyyygbrrrrrrroogoooooowrwggggggbgbbbbbbb ruRurURuRURRURRUUrUU
owwwwwrwwyyyyyyyyygbrrrrrrrorgoooooowgwggggggbobbbbbbb ruRRURRURRUUrUrURu
owwwwwrwwyyyyyyyyyggrrrrrrrobgoooooowrwggggggbobbbbbbb URUUruRuRRUURUrURu
owwwwwrwwyyyyyyyyyggrrrrrrroogoooooowbwggggggbrbbbbbbb urUURUrURuruRurUURUU
owwwwwrwwyyyyyyyyyggrrrrrrrorgoooooowowggggggbbbbbbbbb UrURUUruRUUruRurUR
owwwwwrwwyyyyyyyyygorrrrrrrobgoooooowgwggggggbrbbbbbbb RURRuRRuRRUURuRurU
owwwwwrwwyyyyyyyyygorrrrrrroggoooooowrwggggggbbbbbbbbb uRurUURUrUURUrURur
owwwwwrwwyyyyyyyyygrrrrrrrrobgoooooowowggggggbgbbbbbbb uRuRRuRuRUrURUrurURU
owwwwwrwwyyyyyyyyygrrrrrrrroggoooooowbwggggggbobbbbbbb URUUruRurURUrURUUrUU
owwwwwrwwyyyyyyyyygrrrrrrrroogoooooowgwggggggbbbbbbbbb UrURUUrUUruRurUURUUR
owwwwwwwbyyyyyyyyyrbwrrrrrroggoooooowogggggggrrbbbbbbb ruRurUURUUrUURUrURUU
owwwwwwwbyyyyyyyyyrbwrrrrrroogoooooowrgggggggrgbbbbbbb URRuRURuruRurUrURR
owwwwwwwbyyyyyyyyyrbwrrrrrrorgoooooowggggggggrobbbbbbb uRRUrUruRuruRURurrUU
owwwwwwwbyyyyyyyyyrgwrrrrrrobgoooooowrgggggggrobbbbbbb rUURUrURUUruRurUURUU
owwwwwwwbyyyyyyyyyrgwrrrrrroogoooooowbgggggggrrbbbbbbb URUrURUUrUruRurUURUU
owwwwwwwbyyyyyyyyyrgwrrrrrrorgoooooowogggggggrbbbbbbbb RRUrurURUrURuRuRRu
owwwwwwwbyyyyyyyyyrowrrrrrrobgoooooowggggggggrrbbbbbbb RURurURRURRURRuRuR
owwwwwwwbyyyyyyyyyrowrrrrrroggoooooowrgggggggrbbbbbbbb ruRurUURuRUrURUUrU
owwwwwwwbyyyyyyyyyrowrrrrrrorgoooooowbgggggggrgbbbbbbb UUrUURUruRUruRUrUR
owwwwwwwbyyyyyyyyyrrwrrrrrrobgoooooowogggggggrgbbbbbbb uRuRUURurURuRRurUUru
owwwwwwwbyyyyyyyyyrrwrrrrrroggoooooowbgggggggrobbbbbbb rUURUrURuRUUruRurU
owwwwwwwbyyyyyyyyyrrwrrrrrroogoooooowggggggggrbbbbbbbb RurUUrUURUrURUURUUru
owwwwwwwgyyyyyyyyygbrrrrrrrbgwoooooobroggggggworbbbbbb RUUruRUruRUruRurU
owwwwwwwgyyyyyyyyygbrrrrrrrbowoooooobgoggggggwrrbbbbbb RRUrUruRuruRURuRR
owwwwwwwgyyyyyyyyygbrrrrrrrbrwoooooobooggggggwgrbbbbbb URRUrurURUrURuRuRRU
owwwwwwwgyyyyyyyyyggrrrrrrrbbwoooooobooggggggwrrbbbbbb RUUrUUruRurUURUURUr
owwwwwwwgyyyyyyyyyggrrrrrrrbowoooooobroggggggwbrbbbbbb RUURURRUruRUrUUrUrU
owwwwwwwgyyyyyyyyyggrrrrrrrbrwoooooobboggggggworbbbbbb UURUrURUUrUruRurUUR
owwwwwwwgyyyyyyyyygorrrrrrrbbwoooooobroggggggwgrbbbbbb uRRuRuRUrURUrurURRu
owwwwwwwgyyyyyyyyygorrrrrrrbgwoooooobboggggggwrrbbbbbb UURUUruRurUrUURUrUR
owwwwwwwgyyyyyyyyygorrrrrrrbrwoooooobgoggggggwbrbbbbbb UrUURUrURUUruRurUUR
owwwwwwwgyyyyyyyyygrrrrrrrrbbwoooooobgoggggggworbbbbbb UrUURUrURuRUUruRuru
owwwwwwwgyyyyyyyyygrrrrrrrrbgwoooooobooggggggwbrbbbbbb urUrURRuRRuRRuRUrur
owwwwwwwgyyyyyyyyygrrrrrrrrbowoooooobboggggggwgrbbbbbb UruRurUURUUrUURUrUR
rwgwwwbwwyyyyyyyyyrbbrrrrrrogwoooooogrwggggggoowbbbbbb ururURururuRUruruuR
rwgwwwbwwyyyyyyyyyrbbrrrrrroowooooooggwggggggorwbbbbbb RUUruRuru
rwgwwwbwwyyyyyyyyyrbbrrrrrrorwoooooogowggggggogwbbbbbb URURRuruRUruRRUUR
rwgwwwbwwyyyyyyyyyrgbrrrrrrobwoooooogowggggggorwbbbbbb URUrUruRRuRRUUR
rwgwwwbwwyyyyyyyyyrgbrrrrrroowoooooogrwggggggobwbbbbbb RRURUrurururuRuru
rwgwwwbwwyyyyyyyyyrgbrrrrrrorwoooooogbwggggggoowbbbbbb RUURRurURuruRRURU
rwgwwwbwwyyyyyyyyyrobrrrrrrobwoooooogrwggggggogwbbbbbb uruRuRRururURURuR
rwgwwwbwwyyyyyyyyyrobrrrrrrogwoooooogbwggggggorwbbbbbb RuRURUruruRRuRuru
rwgwwwbwwyyyyyyyyyrobrrrrrrorwooooooggwggggggobwbbbbbb uruRuRUrurUURURur
rwgwwwbwwyyyyyyyyyrrbrrrrrrobwooooooggwggggggoowbbbbbb uruRurUUR
rwgwwwbwwyyyyyyyyyrrbrrrrrrogwoooooogowggggggobwbbbbbb URUrUruRurUURURur
rwgwwwbwwyyyyyyyyyrrbrrrrrroowoooooogbwggggggogwbbbbbb RUruruRURururUR
rwgwwwbwwyyyyyyyyywborrrrrrwgboooooowoogggggggrrbbbbbb ruRurUURuRUUruRuru
rwgwwwbwwyyyyyyyyywborrrrrrwoboooooowroggggggggrbbbbbb UruRRURUruRURRUUrU
rwgwwwbwwyyyyyyyyywborrrrrrwrboooooowgogggggggorbbbbbb uRUrURRURURururUrU
rwgwwwbwwyyyyyyyyywgorrrrrrwbboooooowrogggggggorbbbbbb uRUrURRURURRuruRRU
rwgwwwbwwyyyyyyyyywgorrrrrrwoboooooowbogggggggrrbbbbbb RURuRUURUrUrUrur
rwgwwwbwwyyyyyyyyywgorrrrrrwrboooooowoogggggggbrbbbbbb UrurUrUrURUURuRURu
rwgwwwbwwyyyyyyyyywoorrrrrrwbboooooowgogggggggrrbbbbbb uRUrURUUrU
rwgwwwbwwyyyyyyyyywoorrrrrrwgboooooowrogggggggbrbbbbbb UUrUURRURurURURRur
rwgwwwbwwyyyyyyyyywoorrrrrrwrboooooowboggggggggrbbbbbb uRURRuRRURUruRURURur
rwgwwwbwwyyyyyyyyywrorrrrrrwbboooooowooggggggggrbbbbbb UUrUURUrURUU
rwgwwwbwwyyyyyyyyywrorrrrrrwgboooooowbogggggggorbbbbbb uRRuRRuRURRuRRUrURRu
rwgwwwbwwyyyyyyyyywrorrrrrrwoboooooowgogggggggbrbbbbbb UUrUURRURRURuRur
rwgwwwowgyyyyyyyyybbwrrrrrrwgboooooowowggggggorrbbbbbb RUURRuRurUURURur
rwgwwwowgyyyyyyyyybbwrrrrrrwoboooooowrwggggggogrbbbbbb rUURURURUruRURRUUr
rwgwwwowgyyyyyyyyybbwrrrrrrwrboooooowgwggggggoorbbbbbb URUrURUURRUURUrURU
rwgwwwowgyyyyyyyyybgwrrrrrrwbboooooowrwggggggoorbbbbbb rUURRUrURUUrurUR
rwgwwwowgyyyyyyyyybgwrrrrrrwoboooooowbwggggggorrbbbbbb RUURRurURurururUUR
rwgwwwowgyyyyyyyyybgwrrrrrrwrboooooowowggggggobrbbbbbb RUURRuRRuRRUUR
rwgwwwowgyyyyyyyyybowrrrrrrwbboooooowgwggggggorrbbbbbb URUUruRuRRuRurUURU
rwgwwwowgyyyyyyyyybowrrrrrrwgboooooowrwggggggobrbbbbbb rUURRURRURRUUr
rwgwwwowgyyyyyyyyybowrrrrrrwrboooooowbwggggggogrbbbbbb RUruruRURUrurURuRuru
rwgwwwowgyyyyyyyyybrwrrrrrrwbboooooowowggggggogrbbbbbb RUUrururuRUruRRUUR
rwgwwwowgyyyyyyyyybrwrrrrrrwgboooooowbwggggggoorbbbbbb rUURRURurURURURUUr
rwgwwwowgyyyyyyyyybrwrrrrrrwoboooooowgwggggggobrbbbbbb rUURUrURUrUURUrURU
rwgwwwrwbyyyyyyyyywborrrrrroowooooooggbggggggwrwbbbbbb rUURUrURRUrURUUrU
rwgwwwrwbyyyyyyyyywborrrrrrorwoooooogobggggggwgwbbbbbb URUURRuRRuRRUURUU
rwgwwwrwbyyyyyyyyywgorrrrrrobwoooooogobggggggwrwbbbbbb RuRUrUruRRUruRuRR
rwgwwwrwbyyyyyyyyywgorrrrrroowoooooogrbggggggwbwbbbbbb RUUrUURurUURurUURUr
rwgwwwrwbyyyyyyyyywgorrrrrrorwoooooogbbggggggwowbbbbbb urURuRRUURUrURRurUR
rwgwwwrwbyyyyyyyyywoorrrrrrobwoooooogrbggggggwgwbbbbbb uRUruRRUrURUURRuRUr
rwgwwwrwbyyyyyyyyywoorrrrrrogwoooooogbbggggggwrwbbbbbb ruRurUURRUUruRurU
rwgwwwrwbyyyyyyyyywoorrrrrrorwooooooggbggggggwbwbbbbbb UrUURRUrURUUrurURUU
rwgwwwrwbyyyyyyyyywrorrrrrrobwooooooggbggggggwowbbbbbb uRRUURURurUrURRurUR
rwgwwwrwbyyyyyyyyywrorrrrrrogwoooooogobggggggwbwbbbbbb UrUURRURRURRUUrUU
rwgwwwrwbyyyyyyyyywrorrrrrroowoooooogbbggggggwgwbbbbbb URUURRuRurUURURurUU
rwgwwwwwoyyyyyyyyybbwrrrrrrogwoooooogrrggggggbowbbbbbb rurURuruRRURRuruRUr
rwgwwwwwoyyyyyyyyybbwrrrrrroowooooooggrggggggbrwbbbbbb UUruRurUURU
rwgwwwwwoyyyyyyyyybbwrrrrrrorwoooooogorggggggbgwbbbbbb uRUURRurURuruRRURUU
rwgwwwwwoyyyyyyyyybgwrrrrrrobwoooooogorggggggbrwbbbbbb RUrUruRRuRRUURU
rwgwwwwwoyyyyyyyyybgwrrrrrroowoooooogrrggggggbbwbbbbbb uRUUruRur
rwgwwwwwoyyyyyyyyybgwrrrrrrorwoooooogbrggggggbowbbbbbb uRuRURUruruRRuRur
rwgwwwwwoyyyyyyyyybowrrrrrrobwoooooogrrggggggbgwbbbbbb RURRuruRUruRRUURU
rwgwwwwwoyyyyyyyyybowrrrrrrogwoooooogbrggggggbrwbbbbbb UUruRuRRururURURuRU
rwgwwwwwoyyyyyyyyybowrrrrrrorwooooooggrggggggbbwbbbbbb uRUURRururURURRur
rwgwwwwwoyyyyyyyyybrwrrrrrrobwooooooggrggggggbowbbbbbb RUrUruRurUURURurU
rwgwwwwwoyyyyyyyyybrwrrrrrrogwoooooogorggggggbbwbbbbbb uRRURUrurururuRur
rwgwwwwwoyyyyyyyyybrwrrrrrroowoooooogbrggggggbgwbbbbbb uRRURURRuruRRuRur
rwgwwwwwoyyyyyyyyyobgrrrrrrwgboooooowobggggggwrrbbbbbb URUrurUURURurUrURu
rwgwwwwwoyyyyyyyyyobgrrrrrrwoboooooowrbggggggwgrbbbbbb UURUrURurUruRRurUrUR
rwgwwwwwoyyyyyyyyyobgrrrrrrwrboooooowgbggggggworbbbbbb UrUruruRURURRUrURu
rwgwwwwwoyyyyyyyyyoggrrrrrrwbboooooowrbggggggworbbbbbb UruRURUrurURURurUU
rwgwwwwwoyyyyyyyyyoggrrrrrrwoboooooowbbggggggwrrbbbbbb UURUrURUUrUU
rwgwwwwwoyyyyyyyyyoggrrrrrrwrboooooowobggggggwbrbbbbbb uRURuRUURUrUrUrurU
rwgwwwwwoyyyyyyyyyoogrrrrrrwbboooooowgbggggggwrrbbbbbb UrUURUrURu
rwgwwwwwoyyyyyyyyyoogrrrrrrwgboooooowrbggggggwbrbbbbbb ruRRURUruRURRUUrUU
rwgwwwwwoyyyyyyyyyoogrrrrrrwrboooooowbbggggggwgrbbbbbb UrUURURurURURUruRURu
rwgwwwwwoyyyyyyyyyorgrrrrrrwbboooooowobggggggwgrbbbbbb rurUrUrURUURuRUR
rwgwwwwwoyyyyyyyyyorgrrrrrrwgboooooowbbggggggworbbbbbb UrUURRURurURURRurU
rwgwwwwwoyyyyyyyyyorgrrrrrrwoboooooowgbggggggwbrbbbbbb UrUURRURRURuRurU
rwowwwbwbyyyyyyyyyrborrrrrrwowooooooggwggggggwrgbbbbbb RUruRRUrUruRURUUrru
rwowwwbwbyyyyyyyyyrborrrrrrwrwoooooogowggggggwggbbbbbb RUruRRUrURUURRuRUru
rwowwwbwbyyyyyyyyyrgorrrrrrwbwoooooogowggggggwrgbbbbbb RRuRurURRurUrURuR
rwowwwbwbyyyyyyyyyrgorrrrrrwowoooooogrwggggggwbgbbbbbb UUrUURRURRURRUUrU
rwowwwbwbyyyyyyyyyrgorrrrrrwrwoooooogbwggggggwogbbbbbb UURUURRuRRuRRUURU
rwowwwbwbyyyyyyyyyroorrrrrrwbwoooooogrwggggggwggbbbbbb UruRurUURRUUruRur
rwowwwbwbyyyyyyyyyroorrrrrrwgwoooooogbwggggggwrgbbbbbb RRUUrurURuRuRRURuru
rwowwwbwbyyyyyyyyyroorrrrrrwrwooooooggwggggggwbgbbbbbb UrUURUrURurUURUrURU
rwowwwbwbyyyyyyyyyrrorrrrrrwbwooooooggwggggggwogbbbbbb UrUURUrURRUrURUUr
rwowwwbwbyyyyyyyyyrrorrrrrrwgwoooooogowggggggwbgbbbbbb RurURRUUruRuRRURuru
rwowwwbwbyyyyyyyyyrrorrrrrrwowoooooogbwggggggwggbbbbbb UURUrURUUruRUrURuur
rwowwwrwoyyyyyyyyywbwrrrrrrwowooooooggbggggggbrgbbbbbb uruRurURurUURUU
rwowwwrwoyyyyyyyyywbwrrrrrrwrwoooooogobggggggbggbbbbbb URUrURurURUUr
rwowwwrwoyyyyyyyyywgwrrrrrrwbwoooooogobggggggbrgbbbbbb ruRURUURurUrUURRUUR
rwowwwrwoyyyyyyyyywgwrrrrrrwowoooooogrbggggggbbgbbbbbb RUUruRUruRurU
rwowwwrwoyyyyyyyyywgwrrrrrrwrwoooooogbbggggggbogbbbbbb rUURUruRUrURU
rwowwwrwoyyyyyyyyywowrrrrrrwbwoooooogrbggggggbggbbbbbb UUrUURUruRUrURu
rwowwwrwoyyyyyyyyywowrrrrrrwgwoooooogbbggggggbrgbbbbbb uRUrURurURUUrUU
rwowwwrwoyyyyyyyyywowrrrrrrwrwooooooggbggggggbbgbbbbbb UURUUruRururuRurUUR
rwowwwrwoyyyyyyyyywrwrrrrrrwbwooooooggbggggggbogbbbbbb UURUUruRUruRuru
rwowwwrwoyyyyyyyyywrwrrrrrrwgwoooooogobggggggbbgbbbbbb UruRurURurUUR
rwowwwrwoyyyyyyyyywrwrrrrrrwowoooooogbbggggggbggbbbbbb rUURUrURURUrURUUr
rwowwwwwwyyyyyyyyybbbrrrrrrwgwoooooogrrggggggoogbbbbbb ruRURurUUrUURuRUUru
rwowwwwwwyyyyyyyyybbbrrrrrrwowooooooggrggggggorgbbbbbb UrURUUruRUUruRurURU
rwowwwwwwyyyyyyyyybbbrrrrrrwrwoooooogorggggggoggbbbbbb ruRurUURUrUURUrUR
rwowwwwwwyyyyyyyyybgbrrrrrrwowoooooogrrggggggobgbbbbbb URuRUURUUrURUrurUru
rwowwwwwwyyyyyyyyybgbrrrrrrwrwoooooogbrggggggoogbbbbbb ruRurURuRURRURRUUru
rwowwwwwwyyyyyyyyybobrrrrrrwbwoooooogrrggggggoggbbbbbb URUUruRurURUrURUUru
rwowwwwwwyyyyyyyyybobrrrrrrwgwoooooogbrggggggorgbbbbbb ruRRURRURRUUrUrUR
rwowwwwwwyyyyyyyyybobrrrrrrwrwooooooggrggggggobgbbbbbb URUUruRuRRUURUrUR
rwowwwwwwyyyyyyyyybrbrrrrrrwbwooooooggrggggggoogbbbbbb urUURUrURuruRurUURu
rwowwwwwwyyyyyyyyybrbrrrrrrwgwoooooogorggggggobgbbbbbb RURRuRRuRRUURuRurUU
rwowwwwwwyyyyyyyyybrbrrrrrrwowoooooogbrggggggoggbbbbbb URuRUURuRURuRRurUru
rwrwwwbwgyyyyyyyyywbwrrrrrrggboooooowooggggggorwbbbbbb UrUURRUrURUUrurURu
rwrwwwbwgyyyyyyyyywbwrrrrrrgoboooooowroggggggogwbbbbbb UrUURRURRURRUUru
rwrwwwbwgyyyyyyyyywbwrrrrrrgrboooooowgoggggggoowbbbbbb UrUURURURUruRURRuuru
rwrwwwbwgyyyyyyyyywgwrrrrrrgbboooooowroggggggoowbbbbbb URUURRuRurUURURuru
rwrwwwbwgyyyyyyyyywgwrrrrrrgoboooooowboggggggorwbbbbbb URUURRuRRuRRUURu
rwrwwwbwgyyyyyyyyywgwrrrrrrgrboooooowooggggggobwbbbbbb URUUrururuRUruRRuuRu
rwrwwwbwgyyyyyyyyywowrrrrrrgbboooooowgoggggggorwbbbbbb ruRuRUrURururURURuru
rwrwwwbwgyyyyyyyyywowrrrrrrggboooooowroggggggobwbbbbbb UrURRURRUrurUrUUrruR
rwrwwwbwgyyyyyyyyywowrrrrrrgrboooooowboggggggogwbbbbbb UruRURUruruRURurUrUR
rwrwwwbwgyyyyyyyyywrwrrrrrrgbboooooowooggggggogwbbbbbb ruRurUURRUUruRuruu
rwrwwwbwgyyyyyyyyywrwrrrrrrggboooooowboggggggoowbbbbbb rUURUrURRUrURUUruu
rwrwwwbwgyyyyyyyyywrwrrrrrrgoboooooowgoggggggobwbbbbbb ruRurUURuruRurUURu
rwrwwwowoyyyyyyyyybbgrrrrrrggboooooowowggggggwrwbbbbbb RUUruRururuRurUURu
rwrwwwowoyyyyyyyyybbgrrrrrrgoboooooowrwggggggwgwbbbbbb UruRurURurUURU
rwrwwwowoyyyyyyyyybbgrrrrrrgrboooooowgwggggggwowbbbbbb RUUruRUruRurUU
rwrwwwowoyyyyyyyyybggrrrrrrgbboooooowrwggggggwowbbbbbb rURUrURURUrUruRRur
rwrwwwowoyyyyyyyyybggrrrrrrgoboooooowbwggggggwrwbbbbbb URUrURurURUUrU
rwrwwwowoyyyyyyyyybggrrrrrrgrboooooowowggggggwbwbbbbbb UUrUURUruRUrUR
rwrwwwowoyyyyyyyyybogrrrrrrgbboooooowgwggggggwrwbbbbbb rUURUruRUrURUU
rwrwwwowoyyyyyyyyybogrrrrrrggboooooowrwggggggwbwbbbbbb UURUUruRUruRur
rwrwwwowoyyyyyyyyybrgrrrrrrgbboooooowowggggggwgwbbbbbb uRUrURurURUUru
rwrwwwowoyyyyyyyyybrgrrrrrrggboooooowbwggggggwowbbbbbb uruRurURurUURu
rwrwwwowoyyyyyyyyybrgrrrrrrgoboooooowgwggggggwbwbbbbbb URURuRururURUrUrur
rwrwwwwwwyyyyyyyyyoborrrrrrggboooooowobgggggggrwbbbbbb uRuRURRUrurUrUUrUr
rwrwwwwwwyyyyyyyyyoborrrrrrgoboooooowrbggggggggwbbbbbb uRUURRuRRurUruRUrURU
rwrwwwwwwyyyyyyyyyoborrrrrrgrboooooowgbgggggggowbbbbbb UUruRuRUURRuRRuRRURU
rwrwwwwwwyyyyyyyyyogorrrrrrgbboooooowrbgggggggowbbbbbb UUruRurUURRUrURUUr
rwrwwwwwwyyyyyyyyyogorrrrrrgoboooooowbbgggggggrwbbbbbb uRuRURuruRUUrUUrUr
rwrwwwwwwyyyyyyyyyogorrrrrrgrboooooowobgggggggbwbbbbbb RUrUruRurUURUURUUr
rwrwwwwwwyyyyyyyyyooorrrrrrgbboooooowgbgggggggrwbbbbbb UruRUrURUUrURUUruR
rwrwwwwwwyyyyyyyyyooorrrrrrggboooooowrbgggggggbwbbbbbb UUruRurUURurUURUrURU
rwrwwwwwwyyyyyyyyyooorrrrrrgrboooooowbbggggggggwbbbbbb uRUUrUrUURUURUrurURU
rwrwwwwwwyyyyyyyyyororrrrrrgbboooooowobggggggggwbbbbbb rURuRUUruRuRRuRUUrUR
rwrwwwwwwyyyyyyyyyororrrrrrggboooooowbbgggggggowbbbbbb uRUUruRuruRUrURUUr
rwwwwwbwoyyyyyyyyyrbwrrrrrrggwoooooogrwggggggboobbbbbb rurURururuRUrurUURu
rwwwwwbwoyyyyyyyyyrbwrrrrrrgowooooooggwggggggbrobbbbbb UruRURUUruRurUrUR
rwwwwwbwoyyyyyyyyyrbwrrrrrrgrwoooooogowggggggbgobbbbbb ruRuRRururURURuRu
rwwwwwbwoyyyyyyyyyrgwrrrrrrgbwoooooogowggggggbrobbbbbb URUURRuRRurUrUR
rwwwwwbwoyyyyyyyyyrgwrrrrrrgowoooooogrwggggggbbobbbbbb ururUrUUruRuRuRUR
rwwwwwbwoyyyyyyyyyrgwrrrrrrgrwoooooogbwggggggboobbbbbb UURURRuruRUruRRUURu
rwwwwwbwoyyyyyyyyyrowrrrrrrgbwoooooogrwggggggbgobbbbbb URRurURUrUUrURRURRu
rwwwwwbwoyyyyyyyyyrowrrrrrrggwoooooogbwggggggbrobbbbbb URUURRurURuruRRUR
rwwwwwbwoyyyyyyyyyrowrrrrrrgrwooooooggwggggggbbobbbbbb URUruruRURururURu
rwwwwwbwoyyyyyyyyyrrwrrrrrrgbwooooooggwggggggboobbbbbb URUUruRurUU
rwwwwwbwoyyyyyyyyyrrwrrrrrrggwoooooogowggggggbbobbbbbb ruRurUURu
rwwwwwbwoyyyyyyyyyrrwrrrrrrgowoooooogbwggggggbgobbbbbb ruRuRUrurUURURuru
rwwwwwbwoyyyyyyyyywbgrrrrrrrgboooooowooggggggwrgbbbbbb RUrURRURURRuruRR
rwwwwwbwoyyyyyyyyywbgrrrrrrroboooooowroggggggwggbbbbbb urUURRURurURURRuru
rwwwwwbwoyyyyyyyyywbgrrrrrrrrboooooowgoggggggwogbbbbbb UUruRRURUruRURRUUr
rwwwwwbwoyyyyyyyyywggrrrrrrrbboooooowroggggggwogbbbbbb uruRURUrurURURur
rwwwwwbwoyyyyyyyyywggrrrrrrroboooooowboggggggwrgbbbbbb uRUrurUURUrURuRuru
rwwwwwbwoyyyyyyyyywggrrrrrrrrboooooowooggggggwbgbbbbbb urUURUrURU
rwwwwwbwoyyyyyyyyywogrrrrrrrbboooooowgoggggggwrgbbbbbb RUrURURURURuruRR
rwwwwwbwoyyyyyyyyywogrrrrrrrgboooooowroggggggwbgbbbbbb uRRURuruRUURuRRurr
rwwwwwbwoyyyyyyyyywogrrrrrrrrboooooowboggggggwggbbbbbb RURurURURUruRURUUr
rwwwwwbwoyyyyyyyyywrgrrrrrrrbboooooowooggggggwggbbbbbb RUrURUUr
rwwwwwbwoyyyyyyyyywrgrrrrrrrgboooooowboggggggwogbbbbbb RUrURRURURururUr
rwwwwwbwoyyyyyyyyywrgrrrrrrroboooooowgoggggggwbgbbbbbb UUruRuRURRURRUUr
rwwwwwowwyyyyyyyyybborrrrrrrgboooooowowgggggggrgbbbbbb uRUUruRuRRUURUrURu
rwwwwwowwyyyyyyyyybborrrrrrroboooooowrwgggggggggbbbbbb urURUUruRUUruRurUR
rwwwwwowwyyyyyyyyybborrrrrrrrboooooowgwgggggggogbbbbbb RURRuRURuRUrUrUURUUR
rwwwwwowwyyyyyyyyybgorrrrrrrbboooooowrwgggggggogbbbbbb UrUURUrURRUUruRurU
rwwwwwowwyyyyyyyyybgorrrrrrroboooooowbwgggggggrgbbbbbb RUUrURRurUrUrUruRu
rwwwwwowwyyyyyyyyybgorrrrrrrrboooooowowgggggggbgbbbbbb UrUrUUrUURuruRURuRUU
rwwwwwowwyyyyyyyyyboorrrrrrrbboooooowgwgggggggrgbbbbbb rURRUrUruRuruRUURUUr
rwwwwwowwyyyyyyyyyboorrrrrrrgboooooowrwgggggggbgbbbbbb URuRRuRuRUrURUrurURU
rwwwwwowwyyyyyyyyyboorrrrrrrrboooooowbwgggggggggbbbbbb RUruRuRUUrurURuRuRRu
rwwwwwowwyyyyyyyyybrorrrrrrrbboooooowowgggggggggbbbbbb URurUURUrUURUrURur
rwwwwwowwyyyyyyyyybrorrrrrrrgboooooowbwgggggggogbbbbbb rUURuRRURuRuRuRUrU
rwwwwwrwwyyyyyyyyywbbrrrrrrggwoooooogrbggggggooobbbbbb uRUUrUrUURUURUrurUR
rwwwwwrwwyyyyyyyyywbbrrrrrrgowooooooggbggggggorobbbbbb uRUUruRuruRUrURUUru
rwwwwwrwwyyyyyyyyywbbrrrrrrgrwoooooogobggggggogobbbbbb uRuRURuruRUUrUUrUru
rwwwwwrwwyyyyyyyyywgbrrrrrrgowoooooogrbggggggobobbbbbb UUruRuRUURRuRRuRRUR
rwwwwwrwwyyyyyyyyywgbrrrrrrgrwoooooogbbggggggooobbbbbb RUrURUUrURUUruRur
rwwwwwrwwyyyyyyyyywobrrrrrrgbwoooooogrbggggggogobbbbbb RUrUrUURRURRURRur
rwwwwwrwwyyyyyyyyywobrrrrrrggwoooooogbbggggggorobbbbbb urUURUrURUruRurUURU
rwwwwwrwwyyyyyyyyywobrrrrrrgrwooooooggbggggggobobbbbbb RUrURUURRuRurUURU
rwwwwwrwwyyyyyyyyywrbrrrrrrgbwooooooggbggggggooobbbbbb UUruRurUURurUURUrUR
rwwwwwrwwyyyyyyyyywrbrrrrrrggwoooooogobggggggobobbbbbb uRUURRuRRurUruRUrUR
rwwwwwrwwyyyyyyyyywrbrrrrrrgowoooooogbbggggggogobbbbbb UUruRurUURRUrURUUru
rwwwwwwwbyyyyyyyyybborrrrrrggwoooooogrrggggggwoobbbbbb RurURURRuRuRUrurUUR
rwwwwwwwbyyyyyyyyybborrrrrrgowooooooggrggggggwrobbbbbb RUrURUUrUruRurUUR
rwwwwwwwbyyyyyyyyybborrrrrrgrwoooooogorggggggwgobbbbbb RRuRURuruRurUrURRUU
rwwwwwwwbyyyyyyyyybgorrrrrrgbwoooooogorggggggwrobbbbbb UrUURUruRUruRUrURUU
rwwwwwwwbyyyyyyyyybgorrrrrrgowoooooogrrggggggwbobbbbbb uRRUrurURUrURuRuRRU
rwwwwwwwbyyyyyyyyybgorrrrrrgrwoooooogbrggggggwoobbbbbb UURRUrUruRuruRURuRR
rwwwwwwwbyyyyyyyyyboorrrrrrgbwoooooogrrggggggwgobbbbbb uruRurUURuRUrURUUru
rwwwwwwwbyyyyyyyyyboorrrrrrggwoooooogbrggggggwrobbbbbb urUURUrURuRUUruRuru
rwwwwwwwbyyyyyyyyyboorrrrrrgrwooooooggrggggggwbobbbbbb uruRurUURUUrUURUrUR
rwwwwwwwbyyyyyyyyybrorrrrrrgbwooooooggrggggggwoobbbbbb RUUruRurUrUURUrUR
rwwwwwwwbyyyyyyyyybrorrrrrrggwoooooogorggggggwbobbbbbb URRuRuRUrURUrurURRu
rwwwwwwwbyyyyyyyyybrorrrrrrgowoooooogbrggggggwgobbbbbb urUURUrURUUruRurUUR
rwwwwwwwgyyyyyyyyyobwrrrrrrrgboooooowobggggggorgbbbbbb uRUUruRurUURUrURUUrU
rwwwwwwwgyyyyyyyyyobwrrrrrrroboooooowrbggggggoggbbbbbb rUUruRRuRUruRUURuR
rwwwwwwwgyyyyyyyyyobwrrrrrrrrboooooowgbggggggoogbbbbbb uRUrURUUrUruRurUURUU
rwwwwwwwgyyyyyyyyyogwrrrrrrrbboooooowrbggggggoogbbbbbb uRUrURUUrUURUUruRurU
rwwwwwwwgyyyyyyyyyogwrrrrrrroboooooowbbggggggorgbbbbbb rUrUUrURurURRURUUR
rwwwwwwwgyyyyyyyyyogwrrrrrrrrboooooowobggggggobgbbbbbb uRRuRURuruRurUrURR
rwwwwwwwgyyyyyyyyyoowrrrrrrrbboooooowgbggggggorgbbbbbb ururURuRRuRRuRRUrUru
rwwwwwwwgyyyyyyyyyoowrrrrrrrgboooooowrbggggggobgbbbbbb RRuRuRUrURUrurURRU
rwwwwwwwgyyyyyyyyyoowrrrrrrrrboooooowbbggggggoggbbbbbb RURUUrUrURuruRRUrUrU
rwwwwwwwgyyyyyyyyyorwrrrrrrrbboooooowobggggggoggbbbbbb UUruRurUURuRUrURUUrU
rwwwwwwwgyyyyyyyyyorwrrrrrrrgboooooowbbggggggoogbbbbbb uRUUruRurUrUURUrURUU
rwwwwwwwgyyyyyyyyyorwrrrrrrroboooooowgbggggggobgbbbbbb rUURUruRUruRUrUR
wwbwwwgwryyyyyyyyyobwrrrrrrrgbooooooorwgggggggowbbbbbb RUURRuRRurUrURu
wwbwwwgwryyyyyyyyyobwrrrrrrrobooooooogwgggggggrwbbbbbb uruRurURuRURRURuRur
wwbwwwgwryyyyyyyyyobwrrrrrrrrboooooooowggggggggwbbbbbb uruRurUURUU
wwbwwwgwryyyyyyyyyogwrrrrrrrbboooooooowgggggggrwbbbbbb RUUrurURururuRUrurU
wwbwwwgwryyyyyyyyyogwrrrrrrrobooooooorwgggggggbwbbbbbb RuRURUruruRRuRurU
wwbwwwgwryyyyyyyyyogwrrrrrrrrbooooooobwgggggggowbbbbbb UUrurUrUUruRuRuRURu
wwbwwwgwryyyyyyyyyoowrrrrrrrbbooooooorwggggggggwbbbbbb RUUruRurU
wwbwwwgwryyyyyyyyyoowrrrrrrrgbooooooobwgggggggrwbbbbbb URURuRuRurUUrUrur
wwbwwwgwryyyyyyyyyoowrrrrrrrrbooooooogwgggggggbwbbbbbb RUURRururURURRurU
wwbwwwgwryyyyyyyyyorwrrrrrrrbbooooooogwgggggggowbbbbbb uruRRURRURRUURRUURU
wwbwwwgwryyyyyyyyyorwrrrrrrrgboooooooowgggggggbwbbbbbb RUURRurURuruRRURu
wwbwwwgwryyyyyyyyyorwrrrrrrrobooooooobwggggggggwbbbbbb RRURURRuruRRuRurU
wwbwwwgwryyyyyyyyywbbrrrrrrwgooooooogorggggggwrobbbbbb uRUrURRURURRuruRRu
wwbwwwgwryyyyyyyyywbbrrrrrrwoooooooogrrggggggwgobbbbbb uRUrURUUru
wwbwwwgwryyyyyyyyywbbrrrrrrwroooooooggrggggggwoobbbbbb UUrUURUrUR
wwbwwwgwryyyyyyyyywgbrrrrrrwbooooooogrrggggggwoobbbbbb ruRurUURuRUUruRurU
wwbwwwgwryyyyyyyyywgbrrrrrrwoooooooogbrggggggwrobbbbbb urUURRUURRuRRuRRUR
wwbwwwgwryyyyyyyyywgbrrrrrrwrooooooogorggggggwbobbbbbb UUrUruruRURURRUrUR
wwbwwwgwryyyyyyyyywobrrrrrrwboooooooggrggggggwrobbbbbb UruRRURUruRURRUUru
wwbwwwgwryyyyyyyyywobrrrrrrwgooooooogrrggggggwbobbbbbb RURUURuRURRuRururU
wwbwwwgwryyyyyyyyywobrrrrrrwrooooooogbrggggggwgobbbbbb UruRuRURRURRUUru
wwbwwwgwryyyyyyyyywrbrrrrrrwbooooooogorggggggwgobbbbbb uRUrURRURURururUru
wwbwwwgwryyyyyyyyywrbrrrrrrwgooooooogbrggggggwoobbbbbb UrurUrUrURUURuRURU
wwbwwwgwryyyyyyyyywrbrrrrrrwooooooooggrggggggwbobbbbbb URURurURURRuRRURUruR
wwbwwwowwyyyyyyyyywbgrrrrrrrgbooooooorgggggggrowbbbbbb UUrUURUruRUruRUrURu
wwbwwwowwyyyyyyyyywbgrrrrrrroboooooooggggggggrrwbbbbbb rUURUrURuRUUruRur
wwbwwwowwyyyyyyyyywbgrrrrrrrrboooooooogggggggrgwbbbbbb URUrURUUrUruRurUURU
wwbwwwowwyyyyyyyyywggrrrrrrrbboooooooogggggggrrwbbbbbb rUURURurUrURRuruRUr
wwbwwwowwyyyyyyyyywggrrrrrrrobooooooorgggggggrbwbbbbbb uRRUrUruRuruRURurrU
wwbwwwowwyyyyyyyyywggrrrrrrrrbooooooobgggggggrowbbbbbb URUUruRurUrUURUrURU
wwbwwwowwyyyyyyyyywogrrrrrrrbbooooooorgggggggrgwbbbbbb RRUrurURUrURuRuRRUU
wwbwwwowwyyyyyyyyywogrrrrrrrgbooooooobgggggggrrwbbbbbb UURRuRuRUrURUrurURR
wwbwwwowwyyyyyyyyywogrrrrrrrrboooooooggggggggrbwbbbbbb ruRurUURUUrUURUrURU
wwbwwwowwyyyyyyyyywrgrrrrrrrbboooooooggggggggrowbbbbbb ruRurUURuRUrURUUr
wwbwwwowwyyyyyyyyywrgrrrrrrrgboooooooogggggggrbwbbbbbb URRuRURuruRurUrURRu
wwbwwwowwyyyyyyyyywrgrrrrrrrobooooooobgggggggrgwbbbbbb rUURUrURUUruRurUURU
wwbwwwrwwyyyyyyyyygbrrrrrrrwgooooooogowggggggbrobbbbbb urUURUrURUUruRurUURu
wwbwwwrwwyyyyyyyyygbrrrrrrrwoooooooogrwggggggbgobbbbbb UrUrUUrURurURRURUURU
wwbwwwrwwyyyyyyyyygbrrrrrrrwroooooooggwggggggboobbbbbb rurURuRRuRRuRRUrUr
wwbwwwrwwyyyyyyyyyggrrrrrrrwbooooooogrwggggggboobbbbbb uruRurUURUUrUURUrURu
wwbwwwrwwyyyyyyyyyggrrrrrrrwoooooooogbwggggggbrobbbbbb RUUruRurUrUURUrURu
wwbwwwrwwyyyyyyyyyggrrrrrrrwrooooooogowggggggbbobbbbbb RUrURUUrUruRurUURu
wwbwwwrwwyyyyyyyyygorrrrrrrwboooooooggwggggggbrobbbbbb UURuRUURurURuRRurUUr
wwbwwwrwwyyyyyyyyygorrrrrrrwgooooooogrwggggggbbobbbbbb RRuRURuruRurUrURRU
wwbwwwrwwyyyyyyyyygorrrrrrrwrooooooogbwggggggbgobbbbbb UrUURUruRUruRUrURU
wwbwwwrwwyyyyyyyyygrrrrrrrrwbooooooogowggggggbgobbbbbb uRRUrurURUrURuRuRR
wwbwwwrwwyyyyyyyyygrrrrrrrrwgooooooogbwggggggboobbbbbb URURuRRuRUUruRuRUrur
wwbwwwrwwyyyyyyyyygrrrrrrrrwooooooooggwggggggbbobbbbbb rURUURUUruRurUUrUURU
wwbwwwwwbyyyyyyyyyrbwrrrrrrwgooooooogogggggggrrobbbbbb RuRURRUrurUrUUrUrU
wwbwwwwwbyyyyyyyyyrbwrrrrrrwoooooooogrgggggggrgobbbbbb RuRURuruRUUrUUrUrU
wwbwwwwwbyyyyyyyyyrbwrrrrrrwrooooooogggggggggroobbbbbb URUrURUUrURUUruRurUU
wwbwwwwwbyyyyyyyyyrgwrrrrrrwbooooooogrgggggggroobbbbbb uruRurUURRUrURUUrU
wwbwwwwwbyyyyyyyyyrgwrrrrrrwoooooooogbgggggggrrobbbbbb RUUruRuruRUrURUUrU
wwbwwwwwbyyyyyyyyyrgwrrrrrrwrooooooogogggggggrbobbbbbb urURuRuRuRURRuRUUr
wwbwwwwwbyyyyyyyyyrowrrrrrrwbooooooogggggggggrrobbbbbb uruRurUURurUURUrURUU
wwbwwwwwbyyyyyyyyyrowrrrrrrwgooooooogrgggggggrbobbbbbb URurUrUrUruRRUrUUR
wwbwwwwwbyyyyyyyyyrrwrrrrrrwbooooooogogggggggrgobbbbbb rUrurURUrUURUURuRu
wwbwwwwwbyyyyyyyyyrrwrrrrrrwgooooooogbgggggggroobbbbbb rUURUrURUruRurUURu
wwbwwwwwbyyyyyyyyyrrwrrrrrrwoooooooogggggggggrbobbbbbb RUUrUrUURUURUrurURUU
wwbwwwwwgyyyyyyyyygbrrrrrrrrobooooooogoggggggwrwbbbbbb UruRRURRURRUUrUrURU
wwbwwwwwgyyyyyyyyygbrrrrrrrrrboooooooooggggggwgwbbbbbb URUrURUUruRUUruRuru
wwbwwwwwgyyyyyyyyyggrrrrrrrrbboooooooooggggggwrwbbbbbb URUrURUUrUUruRurUUR
wwbwwwwwgyyyyyyyyyggrrrrrrrroboooooooroggggggwbwbbbbbb rUrUUrUURuruRURuR
wwbwwwwwgyyyyyyyyyggrrrrrrrrrboooooooboggggggwowbbbbbb rUURUrURuruRurUUR
wwbwwwwwgyyyyyyyyygorrrrrrrrbboooooooroggggggwgwbbbbbb URUrURurUruRRuRRUUR
wwbwwwwwgyyyyyyyyygorrrrrrrrgboooooooboggggggwrwbbbbbb URURRuRRuRRUURuRuru
wwbwwwwwgyyyyyyyyygorrrrrrrrrbooooooogoggggggwbwbbbbbb rUrUUrUrurURRURuR
wwbwwwwwgyyyyyyyyygrrrrrrrrrbbooooooogoggggggwowbbbbbb UURUUruRurURUrURUUr
wwbwwwwwgyyyyyyyyygrrrrrrrrrgboooooooooggggggwbwbbbbbb UruRurUURUrUURUrURU
wwbwwwwwgyyyyyyyyygrrrrrrrrroboooooooboggggggwgwbbbbbb rUURUrURRUUruRuru
wwgwwwbwoyyyyyyyyyrbwrrrrrroogoooooorgwggggggbrwbbbbbb rurUUrUruRRUrURUR
wwgwwwbwoyyyyyyyyyrbwrrrrrrorgoooooorowggggggbgwbbbbbb UURuRURUruruRRuRurU
wwgwwwbwoyyyyyyyyyrgwrrrrrrobgoooooorowggggggbrwbbbbbb UURUURRuRRurUrURu
wwgwwwbwoyyyyyyyyyrgwrrrrrroogoooooorrwggggggbbwbbbbbb UruRurUURUU
wwgwwwbwoyyyyyyyyyrgwrrrrrrorgoooooorbwggggggbowbbbbbb UruRurURuRURRURuRur
wwgwwwbwoyyyyyyyyyrowrrrrrrobgoooooorrwggggggbgwbbbbbb UURUURRurURuruRRURu
wwgwwwbwoyyyyyyyyyrowrrrrrroggoooooorbwggggggbrwbbbbbb UruRRURRURRUURRUURU
wwgwwwbwoyyyyyyyyyrowrrrrrrorgoooooorgwggggggbbwbbbbbb UURRURURRuruRRuRurU
wwgwwwbwoyyyyyyyyyrrwrrrrrrobgoooooorgwggggggbowbbbbbb uRURuRuRurUUrUrur
wwgwwwbwoyyyyyyyyyrrwrrrrrroggoooooorowggggggbbwbbbbbb UURUUruRurU
wwgwwwbwoyyyyyyyyyrrwrrrrrroogoooooorbwggggggbgwbbbbbb RUrURUUrUrUURUrUR
wwgwwwbwoyyyyyyyyywbgrrrrrrwgroooooobooggggggwrrbbbbbb rUURRURURuruRRUR
wwgwwwbwoyyyyyyyyywbgrrrrrrworoooooobroggggggwgrbbbbbb rUruruRURURRUrUR
wwgwwwbwoyyyyyyyyywbgrrrrrrwrroooooobgoggggggworbbbbbb rUURRURurURURRuruu
wwgwwwbwoyyyyyyyyywggrrrrrrwbroooooobroggggggworbbbbbb RUrurUURURurUrUR
wwgwwwbwoyyyyyyyyywggrrrrrrworoooooobboggggggwrrbbbbbb rUURUrUR
wwgwwwbwoyyyyyyyyywggrrrrrrwrroooooobooggggggwbrbbbbbb URUrURUUru
wwgwwwbwoyyyyyyyyywogrrrrrrwbroooooobgoggggggwrrbbbbbb RRuruRURURURUrUR
wwgwwwbwoyyyyyyyyywogrrrrrrwgroooooobroggggggwbrbbbbbb URUrURRURURururUru
wwgwwwbwoyyyyyyyyywogrrrrrrwrroooooobboggggggwgrbbbbbb rUURURurURURUruRUR
wwgwwwbwoyyyyyyyyywrgrrrrrrwbroooooobooggggggwgrbbbbbb URUrURURURURuruRRu
wwgwwwbwoyyyyyyyyywrgrrrrrrwgroooooobboggggggworbbbbbb uruRRURUruRURRUUru
wwgwwwbwoyyyyyyyyywrgrrrrrrworoooooobgoggggggwbrbbbbbb uruRuRURRURRUUru
wwgwwwowwyyyyyyyyybborrrrrrwgroooooobowgggggggrrbbbbbb UruRurUURUUrUURUrURu
wwgwwwowwyyyyyyyyybborrrrrrworoooooobrwggggggggrbbbbbb UURUrURUUrUruRurUURu
wwgwwwowwyyyyyyyyybborrrrrrwrroooooobgwgggggggorbbbbbb UURUUruRurUrUURUrURu
wwgwwwowwyyyyyyyyybgorrrrrrwbroooooobrwgggggggorbbbbbb UrUURUrURUUruRurUURu
wwgwwwowwyyyyyyyyybgorrrrrrworoooooobbwgggggggrrbbbbbb ururURuRurUURuRRuRUR
wwgwwwowwyyyyyyyyybgorrrrrrwrroooooobowgggggggbrbbbbbb RRUrUruRuruRURuRRu
wwgwwwowwyyyyyyyyyboorrrrrrwbroooooobgwgggggggrrbbbbbb uRURuRRuRUUruRuRUrur
wwgwwwowwyyyyyyyyyboorrrrrrwgroooooobrwgggggggbrbbbbbb URRUrurURUrURuRuRR
wwgwwwowwyyyyyyyyyboorrrrrrwrroooooobbwggggggggrbbbbbb RUUrUUruRURurUUrUURU
wwgwwwowwyyyyyyyyybrorrrrrrwbroooooobowggggggggrbbbbbb RUURURRUruRUrUUrUr
wwgwwwowwyyyyyyyyybrorrrrrrwgroooooobbwgggggggorbbbbbb RuRUURurURuRRurUUr
wwgwwwowwyyyyyyyyybrorrrrrrworoooooobgwgggggggbrbbbbbb RUUruRUruRUruRur
wwgwwwrwwyyyyyyyyywbbrrrrrroggoooooorrbggggggoowbbbbbb RURUUrUrURuruRRUrUr
wwgwwwrwwyyyyyyyyywbbrrrrrroogoooooorgbggggggorwbbbbbb uRUUruRurUrUURUrURU
wwgwwwrwwyyyyyyyyywbbrrrrrrorgoooooorobggggggogwbbbbbb URRUrUruRuruRURurrU
wwgwwwrwwyyyyyyyyywgbrrrrrrobgoooooorobggggggorwbbbbbb rUURUruRUruRUrURu
wwgwwwrwwyyyyyyyyywgbrrrrrroogoooooorrbggggggobwbbbbbb uRUrURUUrUruRurUURU
wwgwwwrwwyyyyyyyyywgbrrrrrrorgoooooorbbggggggoowbbbbbb UUrUURUrURuRUUruRur
wwgwwwrwwyyyyyyyyywobrrrrrrobgoooooorrbggggggogwbbbbbb uRRuRURuruRurUrURRu
wwgwwwrwwyyyyyyyyywobrrrrrroggoooooorbbggggggorwbbbbbb UUruRurUURuRUrURUUr
wwgwwwrwwyyyyyyyyywobrrrrrrorgoooooorgbggggggobwbbbbbb uRUUruRurUURUrURUUr
wwgwwwrwwyyyyyyyyywrbrrrrrrobgoooooorgbggggggoowbbbbbb RRuRuRUrURUrurURR
wwgwwwrwwyyyyyyyyywrbrrrrrroggoooooorobggggggobwbbbbbb rUUruRRuRUruRUURuRu
wwgwwwrwwyyyyyyyyywrbrrrrrroogoooooorbbggggggogwbbbbbb uRUrURUUrUURUUruRur
wwgwwwwwbyyyyyyyyybborrrrrroggoooooorrrggggggwowbbbbbb uRUrURUUrUUruRurUUR
wwgwwwwwbyyyyyyyyybborrrrrroogoooooorgrggggggwrwbbbbbb UUrUURUrURuruRurUUR
wwgwwwwwbyyyyyyyyybborrrrrrorgoooooororggggggwgwbbbbbb rURRUrUruRuruRURurU
wwgwwwwwbyyyyyyyyybgorrrrrroogoooooorrrggggggwbwbbbbbb rURUUruRUUruRurURUU
wwgwwwwwbyyyyyyyyybgorrrrrrorgoooooorbrggggggwowbbbbbb URUUrURRurUrUrUruRU
wwgwwwwwbyyyyyyyyyboorrrrrrobgoooooorrrggggggwgwbbbbbb uruRurUURUrUURUrURU
wwgwwwwwbyyyyyyyyyboorrrrrroggoooooorbrggggggwrwbbbbbb RUUruRurURUrURUUr
wwgwwwwwbyyyyyyyyyboorrrrrrorgoooooorgrggggggwbwbbbbbb RuRUURuRURuRRurUr
wwgwwwwwbyyyyyyyyybrorrrrrrobgoooooorgrggggggwowbbbbbb UrUURuRRURuRuRuRUru
wwgwwwwwbyyyyyyyyybrorrrrrroggoooooororggggggwbwbbbbbb RuRUURUUrURUrurUr
wwgwwwwwbyyyyyyyyybrorrrrrroogoooooorbrggggggwgwbbbbbb RUUruRuRRUURUrURU
wwgwwwwwgyyyyyyyyyobwrrrrrrwgroooooobobggggggorrbbbbbb UruRurUURRUrURUUrU
wwgwwwwwgyyyyyyyyyobwrrrrrrworoooooobrbggggggogrbbbbbb UrURuRuRuRURRuRUUr
wwgwwwwwgyyyyyyyyyobwrrrrrrwrroooooobgbggggggoorbbbbbb UURUUruRuruRUrURUUrU
wwgwwwwwgyyyyyyyyyogwrrrrrrwbroooooobrbggggggoorbbbbbb uRUrURUURRuRurUURu
wwgwwwwwgyyyyyyyyyogwrrrrrrworoooooobbbggggggorrbbbbbb ruRUrURUUrURUUruRU
wwgwwwwwgyyyyyyyyyogwrrrrrrwrroooooobobggggggobrbbbbbb UURuRURuruRUUrUUrUrU
wwgwwwwwgyyyyyyyyyoowrrrrrrwbroooooobgbggggggorrbbbbbb UUrUURUrURUruRuruuRu
wwgwwwwwgyyyyyyyyyoowrrrrrrwgroooooobrbggggggobrbbbbbb UUrUrurURUrUURUURuRu
wwgwwwwwgyyyyyyyyyoowrrrrrrwrroooooobbbggggggogrbbbbbb RUURUUrUrUURUURUruru
wwgwwwwwgyyyyyyyyyorwrrrrrrwbroooooobobggggggogrbbbbbb uRurUrUrUruRRUrUUR
wwgwwwwwgyyyyyyyyyorwrrrrrrwgroooooobbbggggggoorbbbbbb RUruRurUURurUURUru
wwowwwbwwyyyyyyyyyrbbrrrrrrwggoooooorrwggggggoogbbbbbb RurUUrUURUrURUURUUr
wwowwwbwwyyyyyyyyyrbbrrrrrrwogoooooorgwggggggorgbbbbbb RRUrurURUrURuRuRR
wwowwwbwwyyyyyyyyyrbbrrrrrrwrgoooooorowggggggoggbbbbbb ruRurUURuRUrURUUrUU
wwowwwbwwyyyyyyyyyrgbrrrrrrwbgoooooorowggggggorgbbbbbb uRUUruRUruRUruRur
wwowwwbwwyyyyyyyyyrgbrrrrrrwogoooooorrwggggggobgbbbbbb uRuRUURurURuRRurUUr
wwowwwbwwyyyyyyyyyrgbrrrrrrwrgoooooorbwggggggoogbbbbbb uRUURURRUruRUrUUrUr
wwowwwbwwyyyyyyyyyrobrrrrrrwbgoooooorrwggggggoggbbbbbb UrurURuRRuRRuRRUrUr
wwowwwbwwyyyyyyyyyrobrrrrrrwggoooooorbwggggggorgbbbbbb uRRUrUruRuruRURurru
wwowwwbwwyyyyyyyyyrobrrrrrrwrgoooooorgwggggggobgbbbbbb rUURUrURUUruRurUURu
wwowwwbwwyyyyyyyyyrrbrrrrrrwbgoooooorgwggggggoogbbbbbb URUrURUUrUruRurUURu
wwowwwbwwyyyyyyyyyrrbrrrrrrwggoooooorowggggggobgbbbbbb URUUruRurUrUURUrURu
wwowwwbwwyyyyyyyyyrrbrrrrrrwogoooooorbwggggggoggbbbbbb ruRurUURUUrUURUrURu
wwowwwgwwyyyyyyyyywbrrrrrrrbgooooooogorggggggbrwbbbbbb UrUURUrURUUruRurUURU
wwowwwgwwyyyyyyyyywbrrrrrrrboooooooogrrggggggbgwbbbbbb UruRurUURuRUrURUUr
wwowwwgwwyyyyyyyyywbrrrrrrrbroooooooggrggggggbowbbbbbb UURRuRURuruRurUrURRu
wwowwwgwwyyyyyyyyywgrrrrrrrbbooooooogrrggggggbowbbbbbb UURUrURUUrUURUUruRur
wwowwwgwwyyyyyyyyywgrrrrrrrboooooooogbrggggggbrwbbbbbb RurUURRUrUruRURUUrur
wwowwwgwwyyyyyyyyywgrrrrrrrbrooooooogorggggggbbwbbbbbb uRRuRuRUrURUrurURR
wwowwwgwwyyyyyyyyyworrrrrrrbboooooooggrggggggbrwbbbbbb RuRuRRURRURRUruRUR
wwowwwgwwyyyyyyyyyworrrrrrrbgooooooogrrggggggbbwbbbbbb UrUURUrURuRUUruRur
wwowwwgwwyyyyyyyyyworrrrrrrbrooooooogbrggggggbgwbbbbbb urUURUruRUruRUrURu
wwowwwgwwyyyyyyyyywrrrrrrrrbbooooooogorggggggbgwbbbbbb UURUUruRurUrUURUrURU
wwowwwgwwyyyyyyyyywrrrrrrrrbgooooooogbrggggggbowbbbbbb RRUrUruRuruRURuRRU
wwowwwgwwyyyyyyyyywrrrrrrrrbooooooooggrggggggbbwbbbbbb URurUUrUURuRUUrUUruR
wwowwwrwbyyyyyyyyygbwrrrrrrbgooooooogowggggggrrwbbbbbb URRURURRuruRRuRurU
wwowwwrwbyyyyyyyyygbwrrrrrrboooooooogrwggggggrgwbbbbbb ruRRURRURRUURRUURU
wwowwwrwbyyyyyyyyygbwrrrrrrbroooooooggwggggggrowbbbbbb RUURRUURRURRURRurU
wwowwwrwbyyyyyyyyyggwrrrrrrbbooooooogrwggggggrowbbbbbb URUURRururURURRurU
wwowwwrwbyyyyyyyyyggwrrrrrrboooooooogbwggggggrrwbbbbbb URUUruRurU
wwowwwrwbyyyyyyyyyggwrrrrrrbrooooooogowggggggrbwbbbbbb URRURUrurururuRurU
wwowwwrwbyyyyyyyyygowrrrrrrbboooooooggwggggggrrwbbbbbb ruRurUURUU
wwowwwrwbyyyyyyyyygowrrrrrrbgooooooogrwggggggrbwbbbbbb ruRuRRururURURuRUU
wwowwwrwbyyyyyyyyygowrrrrrrbrooooooogbwggggggrgwbbbbbb URUURRuRRurUrURu
wwowwwrwbyyyyyyyyygrwrrrrrrbbooooooogowggggggrgwbbbbbb ruRururururURURRUU
wwowwwrwbyyyyyyyyygrwrrrrrrbgooooooogbwggggggrowbbbbbb URuRURUruruRRuRurU
wwowwwrwbyyyyyyyyygrwrrrrrrbooooooooggwggggggrbwbbbbbb rurURururuRUrurUURUU
wwowwwrwbyyyyyyyyywborrrrrrwggoooooorrbggggggwogbbbbbb urUURURurURURUruRUR
wwowwwrwbyyyyyyyyywborrrrrrwogoooooorgbggggggwrgbbbbbb RUrURRURURururUru
wwowwwrwbyyyyyyyyywborrrrrrwrgoooooorobggggggwggbbbbbb uRRuruRURURURUrUR
wwowwwrwbyyyyyyyyywgorrrrrrwbgoooooorobggggggwrgbbbbbb UUruRuRURRURRUUru
wwowwwrwbyyyyyyyyywgorrrrrrwogoooooorrbggggggwbgbbbbbb RURRuRRuRRUURRUUr
wwowwwrwbyyyyyyyyywgorrrrrrwrgoooooorbbggggggwogbbbbbb RUrURURURURuruRRu
wwowwwrwbyyyyyyyyywoorrrrrrwbgoooooorrbggggggwggbbbbbb urUURUrUR
wwowwwrwbyyyyyyyyywoorrrrrrwggoooooorbbggggggwrgbbbbbb RUrURUUru
wwowwwrwbyyyyyyyyywoorrrrrrwrgoooooorgbggggggwbgbbbbbb uRUrurUURURurUrUR
wwowwwrwbyyyyyyyyywrorrrrrrwbgoooooorgbggggggwogbbbbbb urUruruRURURRUrUR
wwowwwrwbyyyyyyyyywrorrrrrrwggoooooorobggggggwbgbbbbbb rUURRUURRuRRuRRUR
wwowwwrwbyyyyyyyyywrorrrrrrwogoooooorbbggggggwggbbbbbb urUURRURURuruRRUR
wwowwwwwoyyyyyyyyybbwrrrrrrwggoooooorrrggggggbogbbbbbb rURuRuRRURUruRuRUUr
wwowwwwwoyyyyyyyyybbwrrrrrrwogoooooorgrggggggbrgbbbbbb RUrurURUrURuRuRRuRU
wwowwwwwoyyyyyyyyybbwrrrrrrwrgoooooororggggggbggbbbbbb UrUURUrURUruRurUURu
wwowwwwwoyyyyyyyyybgwrrrrrrwogoooooorrrggggggbbgbbbbbb ruRurUURurUURUrURUU
wwowwwwwoyyyyyyyyybgwrrrrrrwrgoooooorbrggggggbogbbbbbb UURurUrUrUruRRUrUUR
wwowwwwwoyyyyyyyyybowrrrrrrwbgoooooorrrggggggbggbbbbbb uruRUrURUUrURUUruRU
wwowwwwwoyyyyyyyyybowrrrrrrwggoooooorbrggggggbrgbbbbbb URuRURuruRUUrUUrUrU
wwowwwwwoyyyyyyyyybowrrrrrrwrgoooooorgrggggggbbgbbbbbb URuRURRUrurUrUUrUrU
wwowwwwwoyyyyyyyyybrwrrrrrrwbgoooooorgrggggggbogbbbbbb rURuRuRuRURRuRUUr
wwowwwwwoyyyyyyyyybrwrrrrrrwggoooooororggggggbbgbbbbbb URUUruRuruRUrURUUrU
wwowwwwwoyyyyyyyyybrwrrrrrrwogoooooorbrggggggbggbbbbbb ruRurUURRUrURUUrU
wwowwwwwryyyyyyyyyrbbrrrrrrbgooooooogogggggggwrwbbbbbb uRuRUURuRURuRRurUr
wwowwwwwryyyyyyyyyrbbrrrrrrboooooooogrgggggggwgwbbbbbb uRUUruRurURUrURUUr
wwowwwwwryyyyyyyyyrbbrrrrrrbrooooooogggggggggwowbbbbbb UUruRurUURUrUURUrURU
wwowwwwwryyyyyyyyyrgbrrrrrrbbooooooogrgggggggwowbbbbbb uRUUruRuRRUURUrURU
wwowwwwwryyyyyyyyyrgbrrrrrrboooooooogbgggggggwrwbbbbbb uRuRUURUUrURUrurUr
wwowwwwwryyyyyyyyyrgbrrrrrrbrooooooogogggggggwbwbbbbbb rUURuRRURuRuRuRUru
wwowwwwwryyyyyyyyyrobrrrrrrbbooooooogggggggggwrwbbbbbb urURUUruRUUruRurURUU
wwowwwwwryyyyyyyyyrobrrrrrrbgooooooogrgggggggwbwbbbbbb RUUrURRurUrUrUruRU
wwowwwwwryyyyyyyyyrrbrrrrrrbbooooooogogggggggwgwbbbbbb UrUURUrURuruRurUUR
wwowwwwwryyyyyyyyyrrbrrrrrrbgooooooogbgggggggwowbbbbbb UrUrUUrUURuruRURuR
wwowwwwwryyyyyyyyyrrbrrrrrrboooooooogggggggggwbwbbbbbb UURUrURUUrUUruRurUUR
wwrwwwbwwyyyyyyyyywborrrrrrggrooooooboogggggggrwbbbbbb RUrURUUrUURUUruRur
wwrwwwbwwyyyyyyyyywborrrrrrgoroooooobroggggggggwbbbbbb URRuRuRUrURUrurURR
wwrwwwbwwyyyyyyyyywborrrrrrgrroooooobgogggggggowbbbbbb UrUUruRRuRUruRUURuRu
wwrwwwbwwyyyyyyyyywgorrrrrrgbroooooobrogggggggowbbbbbb RUUruRurUURUrURUUr
wwrwwwbwwyyyyyyyyywgorrrrrrgoroooooobbogggggggrwbbbbbb RRuRURuruRurUrURRu
wwrwwwbwwyyyyyyyyywgorrrrrrgrrooooooboogggggggbwbbbbbb uruRurUURuRUrURUUr
wwrwwwbwwyyyyyyyyywoorrrrrrgbroooooobgogggggggrwbbbbbb UrUrUUrURurURRURUURu
wwrwwwbwwyyyyyyyyywoorrrrrrggroooooobrogggggggbwbbbbbb RUUruRurUrUURUrURU
wwrwwwbwwyyyyyyyyywoorrrrrrgrroooooobboggggggggwbbbbbb UrUURUURUrURUUrUUruR
wwrwwwbwwyyyyyyyyywrorrrrrrgbroooooobooggggggggwbbbbbb urUURUrURuRUUruRur
wwrwwwbwwyyyyyyyyywrorrrrrrggroooooobbogggggggowbbbbbb RUrURUUrUruRurUURU
wwrwwwbwwyyyyyyyyywrorrrrrrgoroooooobgogggggggbwbbbbbb UrUURUruRUruRUrURu
wwrwwwgwwyyyyyyyyyobgrrrrrrwgbooooooorwggggggrobbbbbbb URUUruRUruRUruRur
wwrwwwgwwyyyyyyyyyobgrrrrrrwobooooooogwggggggrrbbbbbbb URUURURRUruRUrUUrUr
wwrwwwgwwyyyyyyyyyobgrrrrrrwrboooooooowggggggrgbbbbbbb URuRUURurURuRRurUUr
wwrwwwgwwyyyyyyyyyoggrrrrrrwbboooooooowggggggrrbbbbbbb rUURUURUrurURUURUUr
wwrwwwgwwyyyyyyyyyoggrrrrrrwobooooooorwggggggrbbbbbbbb rUrURRuRRuRRuRUruru
wwrwwwgwwyyyyyyyyyoggrrrrrrwrbooooooobwggggggrobbbbbbb rUUruRRuRUruRUURuRU
wwrwwwgwwyyyyyyyyyoogrrrrrrwbbooooooorwggggggrgbbbbbbb uRUUruRurUrUURUrURu
wwrwwwgwwyyyyyyyyyoogrrrrrrwgbooooooobwggggggrrbbbbbbb uRUrURUUrUruRurUURu
wwrwwwgwwyyyyyyyyyorgrrrrrrwbbooooooogwggggggrobbbbbbb URRUrUruRuruRURurru
wwrwwwgwwyyyyyyyyyorgrrrrrrwgboooooooowggggggrbbbbbbbb ururURuRRuRRuRRUrUr
wwrwwwowgyyyyyyyyybbwrrrrrrggroooooobowggggggorwbbbbbb uRUruruRURururURuu
wwrwwwowgyyyyyyyyybbwrrrrrrgoroooooobrwggggggogwbbbbbb RURuRuRurUUrUrur
wwrwwwowgyyyyyyyyybbwrrrrrrgrroooooobgwggggggoowbbbbbb uRUUruRurU
wwrwwwowgyyyyyyyyybgwrrrrrrgbroooooobrwggggggoowbbbbbb uRRURURRuruRRuRurU
wwrwwwowgyyyyyyyyybgwrrrrrrgoroooooobbwggggggorwbbbbbb uRUURRurURuruRRURu
wwrwwwowgyyyyyyyyybgwrrrrrrgrroooooobowggggggobwbbbbbb RURRuruRUruRRUURuu
wwrwwwowgyyyyyyyyybowrrrrrrgbroooooobgwggggggorwbbbbbb uRuRURUruruRRuRurU
wwrwwwowgyyyyyyyyybowrrrrrrggroooooobrwggggggobwbbbbbb UrurUrUUruRuRuRURu
wwrwwwowgyyyyyyyyybowrrrrrrgrroooooobbwggggggogwbbbbbb rurURuruRRURRuruRUrU
wwrwwwowgyyyyyyyyybrwrrrrrrgbroooooobowggggggogwbbbbbb UUruRuRRururURURuRUU
wwrwwwowgyyyyyyyyybrwrrrrrrggroooooobbwggggggoowbbbbbb UUruRurUURUU
wwrwwwowgyyyyyyyyybrwrrrrrrgoroooooobgwggggggobwbbbbbb uRUURRuRRurUrURu
wwrwwwowgyyyyyyyyywbrrrrrrrwgbooooooorgggggggwobbbbbbb ruRuRURRURRUUru
wwrwwwowgyyyyyyyyywbrrrrrrrwoboooooooggggggggwrbbbbbbb ruRuRUrURUUrurURu
wwrwwwowgyyyyyyyyywbrrrrrrrwrboooooooogggggggwgbbbbbbb ruRRURUruRURRUUru
wwrwwwowgyyyyyyyyywgrrrrrrrwbboooooooogggggggwrbbbbbbb UrUURURurURURUruRUR
wwrwwwowgyyyyyyyyywgrrrrrrrwobooooooorgggggggwbbbbbbbb URRuruRURURURUrUR
wwrwwwowgyyyyyyyyywgrrrrrrrwrbooooooobgggggggwobbbbbbb UURUrURRURURururUru
wwrwwwowgyyyyyyyyyworrrrrrrwbbooooooorgggggggwgbbbbbbb UrUURRURurURURRurUU
wwrwwwowgyyyyyyyyyworrrrrrrwgbooooooobgggggggwrbbbbbbb UrUruruRURURRUrUR
wwrwwwowgyyyyyyyyyworrrrrrrwrboooooooggggggggwbbbbbbbb UrUURRURURuruRRUR
wwrwwwowgyyyyyyyyywrrrrrrrrwbboooooooggggggggwobbbbbbb UURUrURUUru
wwrwwwowgyyyyyyyyywrrrrrrrrwgboooooooogggggggwbbbbbbbb UrUURUrUR
wwrwwwowgyyyyyyyyywrrrrrrrrwobooooooobgggggggwgbbbbbbb URUrurUURURurUrUR
wwrwwwwwoyyyyyyyyyobgrrrrrrggroooooobobggggggwrwbbbbbb URUUruRuRRUURUrURU
wwrwwwwwoyyyyyyyyyobgrrrrrrgoroooooobrbggggggwgwbbbbbb RURRuRRuRRUURuRuru
wwrwwwwwoyyyyyyyyyobgrrrrrrgrroooooobgbggggggwowbbbbbb URuRUURUUrURUrurUr
wwrwwwwwoyyyyyyyyyoggrrrrrrgbroooooobrbggggggwowbbbbbb URuRUURuRURuRRurUr
wwrwwwwwoyyyyyyyyyoggrrrrrrgoroooooobbbggggggwrwbbbbbb ruRurUURUrUURUrURU
wwrwwwwwoyyyyyyyyyoggrrrrrrgrroooooobobggggggwbwbbbbbb URUUruRurURUrURUUr
wwrwwwwwoyyyyyyyyyoogrrrrrrgbroooooobgbggggggwrwbbbbbb ruRurURuRURRURRUUr
wwrwwwwwoyyyyyyyyyoogrrrrrrggroooooobrbggggggwbwbbbbbb urUURUrURuruRurUUR
wwrwwwwwoyyyyyyyyyoogrrrrrrgrroooooobbbggggggwgwbbbbbb ruRURurUUrUURuRUUr
wwrwwwwwoyyyyyyyyyorgrrrrrrgbroooooobobggggggwgwbbbbbb ruRRURRURRUUrUrURU
wwrwwwwwoyyyyyyyyyorgrrrrrrggroooooobbbggggggwowbbbbbb RUrURUUruRUUruRuru
wwrwwwwwoyyyyyyyyyorgrrrrrrgoroooooobgbggggggwbwbbbbbb RUrURuRRuruRUruRRUUR
wwrwwwwwryyyyyyyyygbwrrrrrrwobooooooogogggggggrbbbbbbb RurUrUrUruRRUrUUR
wwrwwwwwryyyyyyyyygbwrrrrrrwrboooooooooggggggggbbbbbbb URUruRurUURurUURUru
wwrwwwwwryyyyyyyyyggwrrrrrrwbbooooooooogggggggrbbbbbbb RurUrURRuruRUrUrUUR
wwrwwwwwryyyyyyyyyggwrrrrrrwobooooooorogggggggbbbbbbbb urUURUrURUruRurUURu
wwrwwwwwryyyyyyyyyggwrrrrrrwrbooooooobogggggggobbbbbbb urUrurURUrUURUURuRu
wwrwwwwwryyyyyyyyygowrrrrrrwbboooooooroggggggggbbbbbbb uRUUruRuruRUrURUUrU
wwrwwwwwryyyyyyyyygowrrrrrrwgbooooooobogggggggrbbbbbbb UUrURuRuRuRURRuRUUr
wwrwwwwwryyyyyyyyygowrrrrrrwrbooooooogogggggggbbbbbbbb UUruRurUURRUrURUUrU
wwrwwwwwryyyyyyyyygrwrrrrrrwbbooooooogogggggggobbbbbbb uRuRURuruRUUrUUrUrU
wwrwwwwwryyyyyyyyygrwrrrrrrwgbooooooooogggggggbbbbbbbb UruRUrURUUrURUUruRU
wwrwwwwwryyyyyyyyygrwrrrrrrwoboooooooboggggggggbbbbbbb RUrURUURRuRurUURu
wwwwwwbwbyyyyyyyyyrborrrrrrgggoooooorrwggggggwoobbbbbb RUUrUrUURUURUrurURu
wwwwwwbwbyyyyyyyyyrborrrrrrgogoooooorgwggggggwrobbbbbb uruRuRUURRuRRuRRURu
wwwwwwbwbyyyyyyyyyrborrrrrrgrgoooooorowggggggwgobbbbbb URUrUrUURRURRURRuru
wwwwwwbwbyyyyyyyyyrgorrrrrrgogoooooorrwggggggwbobbbbbb rUrurURUrUURUURuR
wwwwwwbwbyyyyyyyyyrgorrrrrrgrgoooooorbwggggggwoobbbbbb RuRURuruRUUrUUrUrUU
wwwwwwbwbyyyyyyyyyroorrrrrrgbgoooooorrwggggggwgobbbbbb rUURUrURUruRurUUR
wwwwwwbwbyyyyyyyyyroorrrrrrgggoooooorbwggggggwrobbbbbb URUrURUUrURUUruRuru
wwwwwwbwbyyyyyyyyyroorrrrrrgrgoooooorgwggggggwbobbbbbb rUruRRuRURuRUURuR
wwwwwwbwbyyyyyyyyyrrorrrrrrgbgoooooorgwggggggwoobbbbbb RUUruRuruRUrURUUrUU
wwwwwwbwbyyyyyyyyyrrorrrrrrgggoooooorowggggggwbobbbbbb uruRurUURurUURUrURu
wwwwwwbwbyyyyyyyyyrrorrrrrrgogoooooorbwggggggwgobbbbbb URUrURUURRuRurUUR
wwwwwwbwgyyyyyyyyywbwrrrrrrrgroooooobooggggggorgbbbbbb RuRUURuRURuRRurUrU
wwwwwwbwgyyyyyyyyywbwrrrrrrroroooooobroggggggoggbbbbbb RuRUURUUrURUrurUrU
wwwwwwbwgyyyyyyyyywbwrrrrrrrrroooooobgoggggggoogbbbbbb rURUUruRUUruRurURu
wwwwwwbwgyyyyyyyyywgwrrrrrrrbroooooobroggggggoogbbbbbb RUUruRuRRUURUrURuu
wwwwwwbwgyyyyyyyyywgwrrrrrrroroooooobboggggggorgbbbbbb rURRUrUruRuruRURurUU
wwwwwwbwgyyyyyyyyywgwrrrrrrrrroooooobooggggggobgbbbbbb UURurUURUrUURUrURuru
wwwwwwbwgyyyyyyyyywowrrrrrrrbroooooobgoggggggorgbbbbbb URUUrURRurUrUrUruRUU
wwwwwwbwgyyyyyyyyywowrrrrrrrgroooooobroggggggobgbbbbbb UrUURuRRURuRuRuRUr
wwwwwwbwgyyyyyyyyywowrrrrrrrrroooooobboggggggoggbbbbbb RUruRUrURuruRurUURur
wwwwwwbwgyyyyyyyyywrwrrrrrrrbroooooobooggggggoggbbbbbb RUUruRurURUrURUUrU
wwwwwwbwgyyyyyyyyywrwrrrrrrrgroooooobboggggggoogbbbbbb ruRUUrURRUrURUUrUruR
wwwwwwgwbyyyyyyyyywbwrrrrrrogooooooogorggggggrrbbbbbbb rUrUUrUrurURRURuRU
wwwwwwgwbyyyyyyyyywbwrrrrrrooooooooogrrggggggrgbbbbbbb RurUURUrUURUrURuru
wwwwwwgwbyyyyyyyyywbwrrrrrroroooooooggrggggggrobbbbbbb rUrUUrUURuruRURuRU
wwwwwwgwbyyyyyyyyywgwrrrrrrobooooooogrrggggggrobbbbbbb rUURUrURRUUruRur
wwwwwwgwbyyyyyyyyywgwrrrrrrooooooooogbrggggggrrbbbbbbb URUrURUUruRUUruRur
wwwwwwgwbyyyyyyyyywgwrrrrrrorooooooogorggggggrbbbbbbbb RuRRuRuRUrURUrurUR
wwwwwwgwbyyyyyyyyywowrrrrrroboooooooggrggggggrrbbbbbbb rUURUrURuruRurUURU
wwwwwwgwbyyyyyyyyywowrrrrrrogooooooogrrggggggrbbbbbbbb RUrUURUrURuRUUruRuRR
wwwwwwgwbyyyyyyyyywowrrrrrrorooooooogbrggggggrgbbbbbbb RurUURUrUruRURUrurUR
wwwwwwgwbyyyyyyyyywrwrrrrrrobooooooogorggggggrgbbbbbbb URURRuRRuRRUURuRur
wwwwwwgwbyyyyyyyyywrwrrrrrrogooooooogbrggggggrobbbbbbb UruRRURRURRUUrUrURUU
wwwwwwgwbyyyyyyyyywrwrrrrrroooooooooggrggggggrbbbbbbbb RURurUUrUURuRUUrUUru
wwwwwwgwgyyyyyyyyyobrrrrrrrbobooooooogwggggggwrrbbbbbb uruRURuruRurUrURRUr
wwwwwwgwgyyyyyyyyyobrrrrrrrbrboooooooowggggggwgrbbbbbb UUrUrurURUrUURUURuR
wwwwwwgwgyyyyyyyyyogrrrrrrrbbboooooooowggggggwrrbbbbbb RUURUUrUrUURUURUrur
wwwwwwgwgyyyyyyyyyogrrrrrrrbobooooooorwggggggwbrbbbbbb uRUrUrUURRURRURRuru
wwwwwwgwgyyyyyyyyyogrrrrrrrbrbooooooobwggggggworbbbbbb UruRuRUURRuRRuRRURu
wwwwwwgwgyyyyyyyyyoorrrrrrrbbbooooooorwggggggwgrbbbbbb RUruRurUURurUURUr
wwwwwwgwgyyyyyyyyyoorrrrrrrbrbooooooogwggggggwbrbbbbbb uRUrURUURRuRurUUR
wwwwwwgwgyyyyyyyyyorrrrrrrrbbbooooooogwggggggworbbbbbb ruRUrURUUrURUUruRUU
wwwwwwgwgyyyyyyyyyorrrrrrrrbgboooooooowggggggwbrbbbbbb UUrUURUrURUruRuruuR
wwwwwwgwgyyyyyyyyyorrrrrrrrbobooooooobwggggggwgrbbbbbb UruRurUURRUrURUUrUU
wwwwwwowoyyyyyyyyybbgrrrrrrrgroooooobowggggggwrgbbbbbb UURUrURUURRuRurUUR
wwwwwwowoyyyyyyyyybbgrrrrrrroroooooobrwggggggwggbbbbbb URUUruRuruRUrURUUrUU
wwwwwwowoyyyyyyyyybbgrrrrrrrrroooooobgwggggggwogbbbbbb ruRurUURurUURUrURu
wwwwwwowoyyyyyyyyybggrrrrrrrbroooooobrwggggggwogbbbbbb ruRurUURRUrURUUruu
wwwwwwowoyyyyyyyyybggrrrrrrroroooooobbwggggggwrgbbbbbb UrUURUrURUruRurUUR
wwwwwwowoyyyyyyyyybggrrrrrrrrroooooobowggggggwbgbbbbbb uruRUrURUUrURUUruRUU
wwwwwwowoyyyyyyyyybogrrrrrrrbroooooobgwggggggwrgbbbbbb UURurUrUrUruRRUrUURU
wwwwwwowoyyyyyyyyybogrrrrrrrgroooooobrwggggggwbgbbbbbb ruRuRUURRuRRuRRURu
wwwwwwowoyyyyyyyyybogrrrrrrrrroooooobbwggggggwggbbbbbb uRUURUUruRurUUrUURUr
wwwwwwowoyyyyyyyyybrgrrrrrrrbroooooobowggggggwggbbbbbb UUruRURuruRurUrURRUr
wwwwwwowoyyyyyyyyybrgrrrrrrrgroooooobbwggggggwogbbbbbb UrUrurURUrUURUURuR
wwwwwwowryyyyyyyyywbwrrrrrrbobooooooogggggggggrrbbbbbb URUUruRurURUrURUUrU
wwwwwwowryyyyyyyyywbwrrrrrrbrboooooooogggggggggrbbbbbb urUURUrURuruRurUURU
wwwwwwowryyyyyyyyywgwrrrrrrbbbooooooooggggggggrrbbbbbb ruRURurUUrUURuRUUrU
wwwwwwowryyyyyyyyywgwrrrrrrbobooooooorggggggggbrbbbbbb ruRRURRURRUUrUrURUU
wwwwwwowryyyyyyyyywgwrrrrrrbrbooooooobggggggggorbbbbbb RURRuRRuRRUURuRur
wwwwwwowryyyyyyyyywowrrrrrrbbbooooooorgggggggggrbbbbbb RUrURUUruRUUruRur
wwwwwwowryyyyyyyyywowrrrrrrbgbooooooobggggggggrrbbbbbb uRuRRuRuRUrURUrurUR
wwwwwwowryyyyyyyyywowrrrrrrbrbooooooogggggggggbrbbbbbb urUURUrURRUUruRur
wwwwwwowryyyyyyyyywrwrrrrrrbbbooooooogggggggggorbbbbbb uRurUURUrUURUrURuru
wwwwwwowryyyyyyyyywrwrrrrrrbgbooooooooggggggggbrbbbbbb ruRurURuRURRURRUUrU
wwwwwwowryyyyyyyyywrwrrrrrrbobooooooobgggggggggrbbbbbb URUUruRuRRUURUrURUU
wwwwwwrwoyyyyyyyyywbwrrrrrrgggoooooorrbggggggboobbbbbb rUURuRurURURRuRuRUr
wwwwwwrwoyyyyyyyyywbwrrrrrrgogoooooorgbggggggbrobbbbbb rUURuRRURuRuRuRUr
wwwwwwrwoyyyyyyyyywbwrrrrrrgrgoooooorobggggggbgobbbbbb RUUrURRurUrUrUruRUU
wwwwwwrwoyyyyyyyyywgwrrrrrrgogoooooorrbggggggbbobbbbbb UrUURUrURuruRurUURU
wwwwwwrwoyyyyyyyyywgwrrrrrrgrgoooooorbbggggggboobbbbbb uRUUruRurURUrURUUrU
wwwwwwrwoyyyyyyyyywowrrrrrrgbgoooooorrbggggggbgobbbbbb UrUrUUrUURuruRURuRU
wwwwwwrwoyyyyyyyyywowrrrrrrgggoooooorbbggggggbrobbbbbb URurUURUrUURUrURuru
wwwwwwrwoyyyyyyyyywowrrrrrrgrgoooooorgbggggggbbobbbbbb uRUUruRuRRUURUrURUU
wwwwwwrwoyyyyyyyyywrwrrrrrrgbgoooooorgbggggggboobbbbbb URuRRuRuRUrURUrurUR
wwwwwwrwoyyyyyyyyywrwrrrrrrgggoooooorobggggggbbobbbbbb urURUUruRUUruRurURu
wwwwwwrwoyyyyyyyyywrwrrrrrrgogoooooorbbggggggbgobbbbbb UrUURUrURRUUruRur
wwwwwwrwryyyyyyyyygbbrrrrrrogooooooogowggggggwrbbbbbbb urUruRRuRURuRUURuR
wwwwwwrwryyyyyyyyygbbrrrrrrooooooooogrwggggggwgbbbbbbb RUrURUUrURUUruRuru
wwwwwwrwryyyyyyyyygbbrrrrrroroooooooggwggggggwobbbbbbb urUURUrURUruRurUUR
wwwwwwrwryyyyyyyyyggbrrrrrrobooooooogrwggggggwobbbbbbb RUrURUURRuRurUUR
wwwwwwrwryyyyyyyyyggbrrrrrrooooooooogbwggggggwrbbbbbbb URUruRurUURurUURUr
wwwwwwrwryyyyyyyyyggbrrrrrrorooooooogowggggggwbbbbbbbb ruRURRUrurUUrUrURRUr
wwwwwwrwryyyyyyyyygobrrrrrroboooooooggwggggggwrbbbbbbb urUrurURUrUURUURuR
wwwwwwrwryyyyyyyyygobrrrrrrogooooooogrwggggggwbbbbbbbb ruRURuruRurUrURRUr
wwwwwwrwryyyyyyyyygobrrrrrrorooooooogbwggggggwgbbbbbbb ruRURururURuRurUURUr
wwwwwwrwryyyyyyyyygrbrrrrrrobooooooogowggggggwgbbbbbbb UUruRuRUURRuRRuRRURu
wwwwwwrwryyyyyyyyygrbrrrrrrogooooooogbwggggggwobbbbbbb RUrUrUURRURRURRuru
wwwwwwrwryyyyyyyyygrbrrrrrroooooooooggwggggggwbbbbbbbb URUURUUruRurUUrUURUr
wwwwwwwwwyyyyyyyyybbbrrrrrrgggoooooorrrggggggooobbbbbb U
wwwwwwwwwyyyyyyyyybbbrrrrrrgogoooooorgrggggggorobbbbbb URRuruRURURuR
wwwwwwwwwyyyyyyyyybbbrrrrrrgrgoooooororggggggogobbbbbb UrUrururURURR
wwwwwwwwwyyyyyyyyybgbrrrrrrgbgoooooororggggggorobbbbbb RUURRUURRURRURURUUr
wwwwwwwwwyyyyyyyyybgbrrrrrrgogoooooorrrggggggobobbbbbb RRuruRURURuRU
wwwwwwwwwyyyyyyyyybgbrrrrrrgrgoooooorbrggggggooobbbbbb RRURUrururUrU
wwwwwwwwwyyyyyyyyybobrrrrrrgbgoooooorrrggggggogobbbbbb rUrururURURRU
wwwwwwwwwyyyyyyyyybobrrrrrrgggoooooorbrggggggorobbbbbb URRURUrururUr
wwwwwwwwwyyyyyyyyybobrrrrrrgrgoooooorgrggggggobobbbbbb uRUrUrurURuruRRUR
wwwwwwwwwyyyyyyyyybrbrrrrrrgbgoooooorgrggggggooobbbbbb RuRURURuruRRU
wwwwwwwwwyyyyyyyyybrbrrrrrrgggoooooororggggggobobbbbbb URuRURURuruRR
wwwwwwwwwyyyyyyyyybrbrrrrrrgogoooooorbrggggggogobbbbbb uRURRuruRUrurUrUR
wwwwwwwwwyyyyyyyyygbgrrrrrrbgboooooooroggggggrorbbbbbb RUUruruRRuRRUURRUUr
wwwwwwwwwyyyyyyyyygbgrrrrrrbobooooooogoggggggrrrbbbbbb rUrururURURRu
wwwwwwwwwyyyyyyyyygbgrrrrrrbrboooooooooggggggrgrbbbbbb RuRURURuruRRu
wwwwwwwwwyyyyyyyyygggrrrrrrbbboooooooooggggggrrrbbbbbb u
wwwwwwwwwyyyyyyyyygggrrrrrrboboooooooroggggggrbrbbbbbb urUrururURURR
wwwwwwwwwyyyyyyyyygggrrrrrrbrboooooooboggggggrorbbbbbb uRRuruRURURuR
wwwwwwwwwyyyyyyyyygogrrrrrrbbboooooooroggggggrgrbbbbbb uRuRURURuruRR
wwwwwwwwwyyyyyyyyygogrrrrrrbgboooooooboggggggrrrbbbbbb RRuruRURURuRu
wwwwwwwwwyyyyyyyyygogrrrrrrbrbooooooogoggggggrbrbbbbbb URURRuruRUrurUrUR
wwwwwwwwwyyyyyyyyygrgrrrrrrbbbooooooogoggggggrorbbbbbb uRRURUrururUr
wwwwwwwwwyyyyyyyyygrgrrrrrrbgboooooooooggggggrbrbbbbbb RRURUrururUru
wwwwwwwwwyyyyyyyyygrgrrrrrrboboooooooboggggggrgrbbbbbb URUrUrurURuruRRUR
wwwwwwwwwyyyyyyyyyoborrrrrrrgroooooobobgggggggrgbbbbbb RURRuruRUrurUrUR
wwwwwwwwwyyyyyyyyyoborrrrrrroroooooobrbgggggggggbbbbbb URuRURURuruRRU
wwwwwwwwwyyyyyyyyyoborrrrrrrrroooooobgbgggggggogbbbbbb UURuRURURuruRR
wwwwwwwwwyyyyyyyyyogorrrrrrrbroooooobrbgggggggogbbbbbb RUrUrurURuruRRUR
wwwwwwwwwyyyyyyyyyogorrrrrrroroooooobbbgggggggrgbbbbbb UrUrururURURRU
wwwwwwwwwyyyyyyyyyogorrrrrrrrroooooobobgggggggbgbbbbbb UURRURUrururUr
wwwwwwwwwyyyyyyyyyooorrrrrrrbroooooobgbgggggggrgbbbbbb UUrUrururURURR
wwwwwwwwwyyyyyyyyyooorrrrrrrgroooooobrbgggggggbgbbbbbb UURRuruRURURuR
wwwwwwwwwyyyyyyyyyooorrrrrrrrroooooobbbgggggggggbbbbbb UU
wwwwwwwwwyyyyyyyyyororrrrrrrbroooooobobgggggggggbbbbbb URRURUrururUrU
wwwwwwwwwyyyyyyyyyororrrrrrrgroooooobbbgggggggogbbbbbb URRuruRURURuRU
wwwwwwwwwyyyyyyyyyororrrrrrroroooooobgbgggggggbgbbbbbb RUURRUURRURRURURUUrU
wwwwwwwwwyyyyyyyyyrbrrrrrrrogooooooogogggggggbrbbbbbbb UURUrUrurURuruRRUR
wwwwwwwwwyyyyyyyyyrbrrrrrrrooooooooogrgggggggbgbbbbbbb RRURUrururUr
wwwwwwwwwyyyyyyyyyrbrrrrrrrorooooooogggggggggbobbbbbbb URRURUrururUru
wwwwwwwwwyyyyyyyyyrgrrrrrrrobooooooogrgggggggbobbbbbbb UURURRuruRUrurUrUR
wwwwwwwwwyyyyyyyyyrgrrrrrrrooooooooogbgggggggbrbbbbbbb RuRURURuruRR
wwwwwwwwwyyyyyyyyyrgrrrrrrrorooooooogogggggggbbbbbbbbb URRuruRURURuRu
wwwwwwwwwyyyyyyyyyrorrrrrrrobooooooogggggggggbrbbbbbbb URuRURURuruRRu
wwwwwwwwwyyyyyyyyyrorrrrrrrogooooooogrgggggggbbbbbbbbb UrUrururURURRu
wwwwwwwwwyyyyyyyyyrorrrrrrrorooooooogbgggggggbgbbbbbbb RUURRUURRURRURURUUru
wwwwwwwwwyyyyyyyyyrrrrrrrrrobooooooogogggggggbgbbbbbbb RRuruRURURuR
wwwwwwwwwyyyyyyyyyrrrrrrrrrogooooooogbgggggggbobbbbbbb rUrururURURR
wwwwwwwwwyyyyyyyyyrrrrrrrrrooooooooogggggggggbbbbbbbbb -
